TN:
SF:/usr/include/c++/11/bits/stl_map.h
FN:185,_ZNSt3mapIPKN5boost6system14error_categoryESt10unique_ptrINS1_6detail12std_categoryESt14default_deleteIS7_EENS6_12cat_ptr_lessESaISt4pairIKS4_SA_EEEC2Ev
FNDA:0,_ZNSt3mapIPKN5boost6system14error_categoryESt10unique_ptrINS1_6detail12std_categoryESt14default_deleteIS7_EENS6_12cat_ptr_lessESaISt4pairIKS4_SA_EEEC2Ev
FN:302,_ZNSt3mapIPKN5boost6system14error_categoryESt10unique_ptrINS1_6detail12std_categoryESt14default_deleteIS7_EENS6_12cat_ptr_lessESaISt4pairIKS4_SA_EEED2Ev
FNDA:0,_ZNSt3mapIPKN5boost6system14error_categoryESt10unique_ptrINS1_6detail12std_categoryESt14default_deleteIS7_EENS6_12cat_ptr_lessESaISt4pairIKS4_SA_EEED2Ev
FN:374,_ZNSt3mapIPKN5boost6system14error_categoryESt10unique_ptrINS1_6detail12std_categoryESt14default_deleteIS7_EENS6_12cat_ptr_lessESaISt4pairIKS4_SA_EEE3endEv
FNDA:0,_ZNSt3mapIPKN5boost6system14error_categoryESt10unique_ptrINS1_6detail12std_categoryESt14default_deleteIS7_EENS6_12cat_ptr_lessESaISt4pairIKS4_SA_EEE3endEv
FN:810,_ZNSt3mapIPKN5boost6system14error_categoryESt10unique_ptrINS1_6detail12std_categoryESt14default_deleteIS7_EENS6_12cat_ptr_lessESaISt4pairIKS4_SA_EEE6insertEOSE_
FNDA:0,_ZNSt3mapIPKN5boost6system14error_categoryESt10unique_ptrINS1_6detail12std_categoryESt14default_deleteIS7_EENS6_12cat_ptr_lessESaISt4pairIKS4_SA_EEE6insertEOSE_
FN:1169,_ZNSt3mapIPKN5boost6system14error_categoryESt10unique_ptrINS1_6detail12std_categoryESt14default_deleteIS7_EENS6_12cat_ptr_lessESaISt4pairIKS4_SA_EEE4findERSD_
FNDA:0,_ZNSt3mapIPKN5boost6system14error_categoryESt10unique_ptrINS1_6detail12std_categoryESt14default_deleteIS7_EENS6_12cat_ptr_lessESaISt4pairIKS4_SA_EEE4findERSD_
DA:185,0
DA:302,0
DA:374,0
DA:375,0
DA:810,0
DA:811,0
DA:1169,0
DA:1170,0
end_of_record
SF:/usr/include/c++/11/bits/stl_pair.h
FN:315,_ZNSt4pairIKPKN5boost6system14error_categoryESt10unique_ptrINS1_6detail12std_categoryESt14default_deleteIS8_EEEC2EOSC_
FNDA:0,_ZNSt4pairIKPKN5boost6system14error_categoryESt10unique_ptrINS1_6detail12std_categoryESt14default_deleteIS8_EEEC2EOSC_
FN:322,_ZNSt4pairIPSt18_Rb_tree_node_baseS1_EC2IRS1_Lb1EEEOT_RKS1_
FNDA:0,_ZNSt4pairIPSt18_Rb_tree_node_baseS1_EC2IRS1_Lb1EEEOT_RKS1_
FN:352,_ZNSt4pairIPSt18_Rb_tree_node_baseS1_EC2IRPSt13_Rb_tree_nodeIS_IKPKN5boost6system14error_categoryESt10unique_ptrINS6_6detail12std_categoryESt14default_deleteISD_EEEERS1_Lb1EEEOT_OT0_
FNDA:0,_ZNSt4pairIPSt18_Rb_tree_node_baseS1_EC2IRPSt13_Rb_tree_nodeIS_IKPKN5boost6system14error_categoryESt10unique_ptrINS6_6detail12std_categoryESt14default_deleteISD_EEEERS1_Lb1EEEOT_OT0_
FN:352,_ZNSt4pairISt17_Rb_tree_iteratorIS_IKPKN5boost6system14error_categoryESt10unique_ptrINS2_6detail12std_categoryESt14default_deleteIS9_EEEEbEC2ISE_bLb1EEEOT_OT0_
FNDA:0,_ZNSt4pairISt17_Rb_tree_iteratorIS_IKPKN5boost6system14error_categoryESt10unique_ptrINS2_6detail12std_categoryESt14default_deleteIS9_EEEEbEC2ISE_bLb1EEEOT_OT0_
FN:352,_ZNSt4pairIKPKN5boost6system14error_categoryESt10unique_ptrINS1_6detail12std_categoryESt14default_deleteIS8_EEEC2IS4_SB_Lb1EEEOT_OT0_
FNDA:0,_ZNSt4pairIKPKN5boost6system14error_categoryESt10unique_ptrINS1_6detail12std_categoryESt14default_deleteIS8_EEEC2IS4_SB_Lb1EEEOT_OT0_
DA:315,0
DA:322,0
DA:323,0
DA:352,0
DA:353,0
DA:352,0
DA:353,0
DA:352,0
DA:353,0
end_of_record
SF:/usr/include/boost/system/error_code.hpp
FN:233,_ZNK5boost6system14error_categoryeqERKS1_
FNDA:1032,_ZNK5boost6system14error_categoryeqERKS1_
FN:243,_ZNK5boost6system14error_categoryltERKS1_
FNDA:0,_ZNK5boost6system14error_categoryltERKS1_
FN:290,_ZNK5boost6system6detail22generic_error_category4nameEv
FNDA:0,_ZNK5boost6system6detail22generic_error_category4nameEv
FN:308,_ZNK5boost6system6detail21system_error_category4nameEv
FNDA:0,_ZNK5boost6system6detail21system_error_category4nameEv
FN:346,_ZN5boost6system15system_categoryEv
FNDA:1656,_ZN5boost6system15system_categoryEv
FN:351,_ZN5boost6system16generic_categoryEv
FNDA:0,_ZN5boost6system16generic_categoryEv
FN:415,_ZN5boost6system6detail11failed_implEiRKNS0_14error_categoryE
FNDA:1032,_ZN5boost6system6detail11failed_implEiRKNS0_14error_categoryE
FN:452,_ZN5boost6system15error_conditionC2EiRKNS0_14error_categoryE
FNDA:0,_ZN5boost6system15error_conditionC2EiRKNS0_14error_categoryE
FN:489,_ZNK5boost6system15error_condition5valueEv
FNDA:0,_ZNK5boost6system15error_condition5valueEv
FN:494,_ZNK5boost6system15error_condition8categoryEv
FNDA:0,_ZNK5boost6system15error_condition8categoryEv
FN:542,_ZN5boost6systemeqERKNS0_15error_conditionES3_
FNDA:0,_ZN5boost6systemeqERKNS0_15error_conditionES3_
FN:554,_ZNK5boost6system15error_conditioncvSt15error_conditionEv
FNDA:0,_ZNK5boost6system15error_conditioncvSt15error_conditionEv
FN:588,_ZN5boost6system10error_codeC2EiRKNS0_14error_categoryE
FNDA:282,_ZN5boost6system10error_codeC2EiRKNS0_14error_categoryE
FN:625,_ZNK5boost6system10error_code5valueEv
FNDA:0,_ZNK5boost6system10error_code5valueEv
FN:630,_ZNK5boost6system10error_code8categoryEv
FNDA:750,_ZNK5boost6system10error_code8categoryEv
FN:640,_ZNK5boost6system10error_code7messageB5cxx11Ev
FNDA:0,_ZNK5boost6system10error_code7messageB5cxx11Ev
FN:831,_ZNK5boost6system14error_category23default_error_conditionEi
FNDA:0,_ZNK5boost6system14error_category23default_error_conditionEi
FN:836,_ZNK5boost6system14error_category10equivalentEiRKNS0_15error_conditionE
FNDA:0,_ZNK5boost6system14error_category10equivalentEiRKNS0_15error_conditionE
FN:841,_ZNK5boost6system14error_category10equivalentERKNS0_10error_codeEi
FNDA:0,_ZNK5boost6system14error_category10equivalentERKNS0_10error_codeEi
FN:846,_ZNK5boost6system14error_category7messageEiPcm
FNDA:0,_ZNK5boost6system14error_category7messageEiPcm
FN:894,_ZNK5boost6system14error_category6failedEi
FNDA:0,_ZNK5boost6system14error_category6failedEi
FN:907,_ZNK5boost6system6detail22generic_error_category7messageB5cxx11Ei
FNDA:0,_ZNK5boost6system6detail22generic_error_category7messageB5cxx11Ei
FN:912,_ZNK5boost6system6detail22generic_error_category7messageEiPcm
FNDA:0,_ZNK5boost6system6detail22generic_error_category7messageEiPcm
FN:942,_ZNK5boost6system6detail21system_error_category23default_error_conditionEi
FNDA:0,_ZNK5boost6system6detail21system_error_category23default_error_conditionEi
FN:947,_ZNK5boost6system6detail21system_error_category7messageB5cxx11Ei
FNDA:0,_ZNK5boost6system6detail21system_error_category7messageB5cxx11Ei
FN:952,_ZNK5boost6system6detail21system_error_category7messageEiPcm
FNDA:0,_ZNK5boost6system6detail21system_error_category7messageEiPcm
FN:965,_ZNK5boost6system14error_categorycvRKNSt3_V214error_categoryEEv
FNDA:0,_ZNK5boost6system14error_categorycvRKNSt3_V214error_categoryEEv
DA:233,1032
DA:235,1032
DA:243,0
DA:245,0
DA:247,0
DA:250,0
DA:252,0
DA:255,0
DA:257,0
DA:260,0
DA:290,0
DA:292,0
DA:308,0
DA:310,0
DA:346,1656
DA:348,1656
DA:351,0
DA:353,0
DA:415,1032
DA:417,1032
DA:419,1032
DA:423,0
DA:452,0
DA:453,0
DA:455,0
DA:489,0
DA:491,0
DA:494,0
DA:496,0
DA:542,0
DA:544,0
DA:554,0
DA:556,0
DA:588,282
DA:589,282
DA:591,282
DA:625,0
DA:627,0
DA:630,750
DA:632,750
DA:640,0
DA:642,0
DA:831,0
DA:833,0
DA:836,0
DA:838,0
DA:841,0
DA:843,0
DA:846,0
DA:848,0
DA:850,0
DA:853,0
DA:855,0
DA:856,0
DA:863,0
DA:875,0
DA:876,0
DA:884,0
DA:885,0
DA:887,0
DA:889,0
DA:890,0
DA:894,0
DA:896,0
DA:907,0
DA:909,0
DA:912,0
DA:914,0
DA:942,0
DA:944,0
DA:947,0
DA:949,0
DA:952,0
DA:954,0
DA:965,0
DA:967,0
end_of_record
SF:/usr/include/c++/11/ext/type_traits.h
FN:152,_ZN9__gnu_cxx17__is_null_pointerIKcEEbPT_
FNDA:3084,_ZN9__gnu_cxx17__is_null_pointerIKcEEbPT_
DA:152,3084
DA:153,3084
end_of_record
SF:/usr/include/x86_64-linux-gnu/c++/11/bits/gthr-default.h
FN:300,_ZL18__gthread_active_pv
FNDA:0,_ZL18__gthread_active_pv
FN:746,_ZL20__gthread_mutex_lockP15pthread_mutex_t
FNDA:0,_ZL20__gthread_mutex_lockP15pthread_mutex_t
FN:776,_ZL22__gthread_mutex_unlockP15pthread_mutex_t
FNDA:0,_ZL22__gthread_mutex_unlockP15pthread_mutex_t
DA:300,0
DA:302,0
DA:746,0
DA:748,0
DA:749,0
DA:751,0
DA:776,0
DA:778,0
DA:779,0
DA:781,0
end_of_record
SF:/usr/include/boost/asio/error.hpp
FN:228,_ZN5boost4asio5error19get_system_categoryEv
FNDA:295,_ZN5boost4asio5error19get_system_categoryEv
DA:228,295
DA:230,295
end_of_record
SF:/usr/include/c++/11/ext/aligned_buffer.h
FN:64,_ZN9__gnu_cxx16__aligned_membufISt4pairIKPKN5boost6system14error_categoryESt10unique_ptrINS3_6detail12std_categoryESt14default_deleteISA_EEEE7_M_addrEv
FNDA:0,_ZN9__gnu_cxx16__aligned_membufISt4pairIKPKN5boost6system14error_categoryESt10unique_ptrINS3_6detail12std_categoryESt14default_deleteISA_EEEE7_M_addrEv
FN:68,_ZNK9__gnu_cxx16__aligned_membufISt4pairIKPKN5boost6system14error_categoryESt10unique_ptrINS3_6detail12std_categoryESt14default_deleteISA_EEEE7_M_addrEv
FNDA:0,_ZNK9__gnu_cxx16__aligned_membufISt4pairIKPKN5boost6system14error_categoryESt10unique_ptrINS3_6detail12std_categoryESt14default_deleteISA_EEEE7_M_addrEv
FN:72,_ZN9__gnu_cxx16__aligned_membufISt4pairIKPKN5boost6system14error_categoryESt10unique_ptrINS3_6detail12std_categoryESt14default_deleteISA_EEEE6_M_ptrEv
FNDA:0,_ZN9__gnu_cxx16__aligned_membufISt4pairIKPKN5boost6system14error_categoryESt10unique_ptrINS3_6detail12std_categoryESt14default_deleteISA_EEEE6_M_ptrEv
FN:76,_ZNK9__gnu_cxx16__aligned_membufISt4pairIKPKN5boost6system14error_categoryESt10unique_ptrINS3_6detail12std_categoryESt14default_deleteISA_EEEE6_M_ptrEv
FNDA:0,_ZNK9__gnu_cxx16__aligned_membufISt4pairIKPKN5boost6system14error_categoryESt10unique_ptrINS3_6detail12std_categoryESt14default_deleteISA_EEEE6_M_ptrEv
DA:64,0
DA:65,0
DA:68,0
DA:69,0
DA:72,0
DA:73,0
DA:76,0
DA:77,0
end_of_record
SF:/usr/include/c++/11/bits/stl_construct.h
FN:80,_ZSt10destroy_atISt4pairIKPKN5boost6system14error_categoryESt10unique_ptrINS2_6detail12std_categoryESt14default_deleteIS9_EEEEvPT_
FNDA:0,_ZSt10destroy_atISt4pairIKPKN5boost6system14error_categoryESt10unique_ptrINS2_6detail12std_categoryESt14default_deleteIS9_EEEEvPT_
FN:80,_ZSt10destroy_atISt10unique_ptrI14BaseControllerSt14default_deleteIS1_EEEvPT_
FNDA:464,_ZSt10destroy_atISt10unique_ptrI14BaseControllerSt14default_deleteIS1_EEEvPT_
FN:94,_ZSt12construct_atISt4pairIKPKN5boost6system14error_categoryESt10unique_ptrINS2_6detail12std_categoryESt14default_deleteIS9_EEEJSD_EEDTgsnwcvPvLi0E_T_pispcl7declvalIT0_EEEEPSF_DpOSG_
FNDA:0,_ZSt12construct_atISt4pairIKPKN5boost6system14error_categoryESt10unique_ptrINS2_6detail12std_categoryESt14default_deleteIS9_EEEJSD_EEDTgsnwcvPvLi0E_T_pispcl7declvalIT0_EEEEPSF_DpOSG_
FN:94,_ZSt12construct_atISt10unique_ptrI14BaseControllerSt14default_deleteIS1_EEJS4_EEDTgsnwcvPvLi0E_T_pispcl7declvalIT0_EEEEPS6_DpOS7_
FNDA:480,_ZSt12construct_atISt10unique_ptrI14BaseControllerSt14default_deleteIS1_EEJS4_EEDTgsnwcvPvLi0E_T_pispcl7declvalIT0_EEEEPS6_DpOS7_
FN:146,_ZSt8_DestroyISt10unique_ptrI14BaseControllerSt14default_deleteIS1_EEEvPT_
FNDA:240,_ZSt8_DestroyISt10unique_ptrI14BaseControllerSt14default_deleteIS1_EEEvPT_
FN:160,_ZNSt12_Destroy_auxILb0EE9__destroyIPSt10unique_ptrI14BaseControllerSt14default_deleteIS3_EEEEvT_S8_
FNDA:30,_ZNSt12_Destroy_auxILb0EE9__destroyIPSt10unique_ptrI14BaseControllerSt14default_deleteIS3_EEEEvT_S8_
FN:182,_ZSt8_DestroyIPSt10unique_ptrI14BaseControllerSt14default_deleteIS1_EEEvT_S6_
FNDA:30,_ZSt8_DestroyIPSt10unique_ptrI14BaseControllerSt14default_deleteIS1_EEEvT_S6_
DA:80,0
DA:88,0
DA:89,0
DA:80,464
DA:88,464
DA:89,464
DA:94,0
DA:97,0
DA:94,480
DA:97,480
DA:146,240
DA:149,240
DA:153,240
DA:160,30
DA:162,270
DA:163,240
DA:164,30
DA:182,30
DA:192,30
DA:193,0
DA:196,30
end_of_record
SF:/usr/include/c++/11/ext/new_allocator.h
FN:79,_ZN9__gnu_cxx13new_allocatorISt10unique_ptrI14BaseControllerSt14default_deleteIS2_EEEC2Ev
FNDA:32,_ZN9__gnu_cxx13new_allocatorISt10unique_ptrI14BaseControllerSt14default_deleteIS2_EEEC2Ev
FN:79,_ZN9__gnu_cxx13new_allocatorISt13_Rb_tree_nodeISt4pairIKPKN5boost6system14error_categoryESt10unique_ptrINS4_6detail12std_categoryESt14default_deleteISB_EEEEEC2Ev
FNDA:0,_ZN9__gnu_cxx13new_allocatorISt13_Rb_tree_nodeISt4pairIKPKN5boost6system14error_categoryESt10unique_ptrINS4_6detail12std_categoryESt14default_deleteISB_EEEEEC2Ev
FN:79,_ZN9__gnu_cxx13new_allocatorIcEC2Ev
FNDA:0,_ZN9__gnu_cxx13new_allocatorIcEC2Ev
FN:103,_ZN9__gnu_cxx13new_allocatorISt13_Rb_tree_nodeISt4pairIKPKN5boost6system14error_categoryESt10unique_ptrINS4_6detail12std_categoryESt14default_deleteISB_EEEEE8allocateEmPKv
FNDA:0,_ZN9__gnu_cxx13new_allocatorISt13_Rb_tree_nodeISt4pairIKPKN5boost6system14error_categoryESt10unique_ptrINS4_6detail12std_categoryESt14default_deleteISB_EEEEE8allocateEmPKv
FN:103,_ZN9__gnu_cxx13new_allocatorISt10unique_ptrI14BaseControllerSt14default_deleteIS2_EEE8allocateEmPKv
FNDA:128,_ZN9__gnu_cxx13new_allocatorISt10unique_ptrI14BaseControllerSt14default_deleteIS2_EEE8allocateEmPKv
FN:103,_ZN9__gnu_cxx13new_allocatorIcE8allocateEmPKv
FNDA:5857,_ZN9__gnu_cxx13new_allocatorIcE8allocateEmPKv
FN:132,_ZN9__gnu_cxx13new_allocatorISt13_Rb_tree_nodeISt4pairIKPKN5boost6system14error_categoryESt10unique_ptrINS4_6detail12std_categoryESt14default_deleteISB_EEEEE10deallocateEPSG_m
FNDA:0,_ZN9__gnu_cxx13new_allocatorISt13_Rb_tree_nodeISt4pairIKPKN5boost6system14error_categoryESt10unique_ptrINS4_6detail12std_categoryESt14default_deleteISB_EEEEE10deallocateEPSG_m
FN:132,_ZN9__gnu_cxx13new_allocatorISt10unique_ptrI14BaseControllerSt14default_deleteIS2_EEE10deallocateEPS5_m
FNDA:126,_ZN9__gnu_cxx13new_allocatorISt10unique_ptrI14BaseControllerSt14default_deleteIS2_EEE10deallocateEPS5_m
FN:132,_ZN9__gnu_cxx13new_allocatorIcE10deallocateEPcm
FNDA:2965,_ZN9__gnu_cxx13new_allocatorIcE10deallocateEPcm
FN:197,_ZNK9__gnu_cxx13new_allocatorISt13_Rb_tree_nodeISt4pairIKPKN5boost6system14error_categoryESt10unique_ptrINS4_6detail12std_categoryESt14default_deleteISB_EEEEE11_M_max_sizeEv
FNDA:0,_ZNK9__gnu_cxx13new_allocatorISt13_Rb_tree_nodeISt4pairIKPKN5boost6system14error_categoryESt10unique_ptrINS4_6detail12std_categoryESt14default_deleteISB_EEEEE11_M_max_sizeEv
FN:197,_ZNK9__gnu_cxx13new_allocatorISt10unique_ptrI14BaseControllerSt14default_deleteIS2_EEE11_M_max_sizeEv
FNDA:128,_ZNK9__gnu_cxx13new_allocatorISt10unique_ptrI14BaseControllerSt14default_deleteIS2_EEE11_M_max_sizeEv
FN:197,_ZNK9__gnu_cxx13new_allocatorIcE11_M_max_sizeEv
FNDA:5857,_ZNK9__gnu_cxx13new_allocatorIcE11_M_max_sizeEv
DA:79,32
DA:79,0
DA:79,0
DA:103,0
DA:111,0
DA:115,0
DA:116,0
DA:117,0
DA:127,0
DA:103,128
DA:111,128
DA:115,0
DA:116,0
DA:117,0
DA:127,128
DA:103,5857
DA:111,5857
DA:117,0
DA:127,5857
DA:132,0
DA:145,0
DA:132,126
DA:145,126
DA:132,2965
DA:145,2965
DA:197,0
DA:200,0
DA:197,128
DA:200,128
DA:197,5857
DA:200,5857
end_of_record
SF:/usr/include/c++/11/bits/stl_iterator.h
FN:1027,_ZN9__gnu_cxx17__normal_iteratorIPSt10unique_ptrI14BaseControllerSt14default_deleteIS2_EESt6vectorIS5_SaIS5_EEEC2ERKS6_
FNDA:768,_ZN9__gnu_cxx17__normal_iteratorIPSt10unique_ptrI14BaseControllerSt14default_deleteIS2_EESt6vectorIS5_SaIS5_EEEC2ERKS6_
FN:1042,_ZNK9__gnu_cxx17__normal_iteratorIPSt10unique_ptrI14BaseControllerSt14default_deleteIS2_EESt6vectorIS5_SaIS5_EEEdeEv
FNDA:256,_ZNK9__gnu_cxx17__normal_iteratorIPSt10unique_ptrI14BaseControllerSt14default_deleteIS2_EESt6vectorIS5_SaIS5_EEEdeEv
FN:1100,_ZNK9__gnu_cxx17__normal_iteratorIPSt10unique_ptrI14BaseControllerSt14default_deleteIS2_EESt6vectorIS5_SaIS5_EEEmiEl
FNDA:256,_ZNK9__gnu_cxx17__normal_iteratorIPSt10unique_ptrI14BaseControllerSt14default_deleteIS2_EESt6vectorIS5_SaIS5_EEEmiEl
FN:1105,_ZNK9__gnu_cxx17__normal_iteratorIPSt10unique_ptrI14BaseControllerSt14default_deleteIS2_EESt6vectorIS5_SaIS5_EEE4baseEv
FNDA:512,_ZNK9__gnu_cxx17__normal_iteratorIPSt10unique_ptrI14BaseControllerSt14default_deleteIS2_EESt6vectorIS5_SaIS5_EEE4baseEv
FN:1268,_ZN9__gnu_cxxmiIPSt10unique_ptrI14BaseControllerSt14default_deleteIS2_EESt6vectorIS5_SaIS5_EEEENS_17__normal_iteratorIT_T0_E15difference_typeERKSD_SG_
FNDA:128,_ZN9__gnu_cxxmiIPSt10unique_ptrI14BaseControllerSt14default_deleteIS2_EESt6vectorIS5_SaIS5_EEEENS_17__normal_iteratorIT_T0_E15difference_typeERKSD_SG_
DA:1027,768
DA:1028,768
DA:1042,256
DA:1043,256
DA:1100,256
DA:1101,256
DA:1105,512
DA:1106,512
DA:1268,128
DA:1271,128
end_of_record
SF:/usr/include/c++/11/bits/char_traits.h
FN:106,_ZN9__gnu_cxx11char_traitsIcE2eqERKcS3_
FNDA:0,_ZN9__gnu_cxx11char_traitsIcE2eqERKcS3_
FN:167,_ZN9__gnu_cxx11char_traitsIcE6lengthEPKc
FNDA:0,_ZN9__gnu_cxx11char_traitsIcE6lengthEPKc
FN:190,_ZN9__gnu_cxx11char_traitsIcE4moveEPcPKcm
FNDA:0,_ZN9__gnu_cxx11char_traitsIcE4moveEPcPKcm
FN:240,_ZN9__gnu_cxx11char_traitsIcE4copyEPcPKcm
FNDA:0,_ZN9__gnu_cxx11char_traitsIcE4copyEPcPKcm
FN:356,_ZNSt11char_traitsIcE6assignERcRKc
FNDA:15492,_ZNSt11char_traitsIcE6assignERcRKc
FN:393,_ZNSt11char_traitsIcE6lengthEPKc
FNDA:5992,_ZNSt11char_traitsIcE6lengthEPKc
FN:417,_ZNSt11char_traitsIcE4moveEPcPKcm
FNDA:3,_ZNSt11char_traitsIcE4moveEPcPKcm
FN:429,_ZNSt11char_traitsIcE4copyEPcPKcm
FNDA:11174,_ZNSt11char_traitsIcE4copyEPcPKcm
DA:106,0
DA:107,0
DA:167,0
DA:170,0
DA:171,0
DA:172,0
DA:173,0
DA:190,0
DA:193,0
DA:194,0
DA:196,0
DA:198,0
DA:199,0
DA:203,0
DA:204,0
DA:205,0
DA:206,0
DA:230,0
DA:233,0
DA:234,0
DA:240,0
DA:244,0
DA:245,0
DA:290,5992
DA:356,15492
DA:357,15492
DA:393,5992
DA:396,5992
DA:397,0
DA:399,5992
DA:417,3
DA:419,3
DA:420,0
DA:422,3
DA:423,0
DA:425,3
DA:429,11174
DA:431,11174
DA:432,231
DA:434,10943
DA:435,0
DA:437,10943
end_of_record
SF:/usr/include/boost/system/detail/std_interoperability.hpp
FN:34,_ZN5boost6system6detail12std_categoryC2EPKNS0_14error_categoryEj
FNDA:0,_ZN5boost6system6detail12std_categoryC2EPKNS0_14error_categoryEj
FN:50,_ZNK5boost6system6detail12std_category4nameEv
FNDA:0,_ZNK5boost6system6detail12std_category4nameEv
FN:55,_ZNK5boost6system6detail12std_category7messageB5cxx11Ei
FNDA:0,_ZNK5boost6system6detail12std_category7messageB5cxx11Ei
FN:60,_ZNK5boost6system6detail12std_category23default_error_conditionEi
FNDA:0,_ZNK5boost6system6detail12std_category23default_error_conditionEi
FN:75,_ZNK5boost6system6detail12cat_ptr_lessclEPKNS0_14error_categoryES5_
FNDA:0,_ZNK5boost6system6detail12cat_ptr_lessclEPKNS0_14error_categoryES5_
FN:81,_ZN5boost6system6detail15to_std_categoryERKNS0_14error_categoryE
FNDA:0,_ZN5boost6system6detail15to_std_categoryERKNS0_14error_categoryE
FN:117,_ZNK5boost6system6detail12std_category10equivalentEiRKSt15error_condition
FNDA:0,_ZNK5boost6system6detail12std_category10equivalentEiRKSt15error_condition
FN:146,_ZNK5boost6system6detail12std_category10equivalentERKSt10error_codei
FNDA:0,_ZNK5boost6system6detail12std_category10equivalentERKSt10error_codei
DA:34,0
DA:48,0
DA:50,0
DA:52,0
DA:55,0
DA:57,0
DA:60,0
DA:62,0
DA:75,0
DA:77,0
DA:81,0
DA:83,0
DA:85,0
DA:86,0
DA:88,0
DA:90,0
DA:91,0
DA:97,0
DA:100,0
DA:102,0
DA:104,0
DA:106,0
DA:108,0
DA:110,0
DA:111,0
DA:113,0
DA:114,0
DA:117,0
DA:119,0
DA:121,0
DA:122,0
DA:124,0
DA:126,0
DA:127,0
DA:132,0
DA:134,0
DA:135,0
DA:142,0
DA:146,0
DA:148,0
DA:150,0
DA:151,0
DA:153,0
DA:155,0
DA:156,0
DA:161,0
DA:163,0
DA:164,0
DA:168,0
DA:170,0
DA:174,0
end_of_record
SF:/usr/include/c++/11/bits/stl_iterator_base_types.h
FN:238,_ZSt19__iterator_categoryIPKcENSt15iterator_traitsIT_E17iterator_categoryERKS3_
FNDA:3084,_ZSt19__iterator_categoryIPKcENSt15iterator_traitsIT_E17iterator_categoryERKS3_
DA:238,3084
DA:239,3084
end_of_record
SF:/usr/include/c++/11/bits/stl_algobase.h
FN:230,_ZSt3minImERKT_S2_S2_
FNDA:4382,_ZSt3minImERKT_S2_S2_
FN:254,_ZSt3maxImERKT_S2_S2_
FNDA:607,_ZSt3maxImERKT_S2_S2_
FN:313,_ZSt12__niter_baseIPSt10unique_ptrI14BaseControllerSt14default_deleteIS1_EEET_S6_
FNDA:768,_ZSt12__niter_baseIPSt10unique_ptrI14BaseControllerSt14default_deleteIS1_EEET_S6_
FN:313,_ZSt12__niter_baseIPcET_S1_
FNDA:0,_ZSt12__niter_baseIPcET_S1_
FN:313,_ZSt12__niter_baseIPKcET_S2_
FNDA:0,_ZSt12__niter_baseIPKcET_S2_
FN:335,_ZSt12__niter_wrapIPcET_RKS1_S1_
FNDA:0,_ZSt12__niter_wrapIPcET_RKS1_S1_
FN:380,_ZNSt11__copy_moveILb0ELb0ESt26random_access_iterator_tagE8__copy_mIPKcPcEET0_T_S7_S6_
FNDA:0,_ZNSt11__copy_moveILb0ELb0ESt26random_access_iterator_tagE8__copy_mIPKcPcEET0_T_S7_S6_
FN:420,_ZNSt11__copy_moveILb0ELb1ESt26random_access_iterator_tagE8__copy_mIcEEPT_PKS3_S6_S4_
FNDA:0,_ZNSt11__copy_moveILb0ELb1ESt26random_access_iterator_tagE8__copy_mIcEEPT_PKS3_S6_S4_
FN:486,_ZSt14__copy_move_a2ILb0EPKcPcET1_T0_S4_S3_
FNDA:0,_ZSt14__copy_move_a2ILb0EPKcPcET1_T0_S4_S3_
FN:521,_ZSt14__copy_move_a1ILb0EPKcPcET1_T0_S4_S3_
FNDA:0,_ZSt14__copy_move_a1ILb0EPKcPcET1_T0_S4_S3_
FN:527,_ZSt13__copy_move_aILb0EPKcPcET1_T0_S4_S3_
FNDA:0,_ZSt13__copy_move_aILb0EPKcPcET1_T0_S4_S3_
FN:611,_ZSt4copyIPKcPcET0_T_S4_S3_
FNDA:0,_ZSt4copyIPKcPcET0_T_S4_S3_
DA:230,4382
DA:235,4382
DA:236,1501
DA:237,2881
DA:254,607
DA:259,607
DA:260,379
DA:261,228
DA:313,768
DA:315,768
DA:313,0
DA:315,0
DA:313,0
DA:315,0
DA:335,0
DA:336,0
DA:380,0
DA:383,0
DA:385,0
DA:386,0
DA:387,0
DA:389,0
DA:420,0
DA:429,0
DA:430,0
DA:431,0
DA:432,0
DA:486,0
DA:490,0
DA:492,0
DA:495,0
DA:521,0
DA:522,0
DA:527,0
DA:529,0
DA:532,0
DA:611,0
DA:620,0
end_of_record
SF:/usr/include/c++/11/bits/stl_uninitialized.h
FN:986,_ZSt19__relocate_object_aISt10unique_ptrI14BaseControllerSt14default_deleteIS1_EES4_SaIS4_EEvPT_PT0_RT1_
FNDA:224,_ZSt19__relocate_object_aISt10unique_ptrI14BaseControllerSt14default_deleteIS1_EES4_SaIS4_EEvPT_PT0_RT1_
FN:1018,_ZSt14__relocate_a_1IPSt10unique_ptrI14BaseControllerSt14default_deleteIS1_EES5_SaIS4_EET0_T_S8_S7_RT1_
FNDA:256,_ZSt14__relocate_a_1IPSt10unique_ptrI14BaseControllerSt14default_deleteIS1_EES5_SaIS4_EET0_T_S8_S7_RT1_
FN:1040,_ZSt12__relocate_aIPSt10unique_ptrI14BaseControllerSt14default_deleteIS1_EES5_SaIS4_EET0_T_S8_S7_RT1_
FNDA:256,_ZSt12__relocate_aIPSt10unique_ptrI14BaseControllerSt14default_deleteIS1_EES5_SaIS4_EET0_T_S8_S7_RT1_
DA:986,224
DA:994,224
DA:995,224
DA:996,224
DA:1018,256
DA:1030,256
DA:1031,480
DA:1032,224
DA:1034,256
DA:1040,256
DA:1046,256
DA:1048,256
end_of_record
SF:/usr/include/boost/system/detail/generic_category.hpp
FN:25,_ZN5boost6system6detail17strerror_r_helperEPKcS3_
FNDA:0,_ZN5boost6system6detail17strerror_r_helperEPKcS3_
FN:35,_ZN5boost6system6detail30generic_error_category_messageEiPcm
FNDA:0,_ZN5boost6system6detail30generic_error_category_messageEiPcm
FN:40,_ZN5boost6system6detail30generic_error_category_messageB5cxx11Ei
FNDA:0,_ZN5boost6system6detail30generic_error_category_messageB5cxx11Ei
DA:25,0
DA:27,0
DA:35,0
DA:37,0
DA:40,0
DA:43,0
end_of_record
SF:/usr/include/c++/11/bits/std_thread.h
FN:86,_ZNSt6thread2idC2Ev
FNDA:369,_ZNSt6thread2idC2Ev
FN:121,_ZNSt6threadC2Ev
FNDA:160,_ZNSt6threadC2Ev
DA:86,369
DA:121,160
end_of_record
SF:/usr/include/c++/11/bits/stl_iterator_base_funcs.h
FN:98,_ZSt10__distanceIPKcENSt15iterator_traitsIT_E15difference_typeES3_S3_St26random_access_iterator_tag
FNDA:3084,_ZSt10__distanceIPKcENSt15iterator_traitsIT_E15difference_typeES3_S3_St26random_access_iterator_tag
FN:138,_ZSt8distanceIPKcENSt15iterator_traitsIT_E15difference_typeES3_S3_
FNDA:3084,_ZSt8distanceIPKcENSt15iterator_traitsIT_E15difference_typeES3_S3_
DA:98,3084
DA:104,3084
DA:138,3084
DA:141,3084
DA:142,6168
end_of_record
SF:/media/sf_Share_folder/UI/Spotify-rep-1-1/project/include/controller/PlayingMediaController.hpp
end_of_record
SF:/usr/include/c++/11/type_traits
FN:3419,_ZSt21is_constant_evaluatedv
FNDA:23830,_ZSt21is_constant_evaluatedv
DA:3419,23830
DA:3420,23830
end_of_record
SF:/media/sf_Share_folder/UI/Spotify-rep-1-1/project/include/controller/MediaFileController.hpp
end_of_record
SF:/usr/include/c++/11/bits/stl_tree.h
FN:146,_ZNSt20_Rb_tree_key_compareIN5boost6system6detail12cat_ptr_lessEEC2Ev
FNDA:0,_ZNSt20_Rb_tree_key_compareIN5boost6system6detail12cat_ptr_lessEEC2Ev
FN:173,_ZNSt15_Rb_tree_headerC2Ev
FNDA:114,_ZNSt15_Rb_tree_headerC2Ev
FN:206,_ZNSt15_Rb_tree_header8_M_resetEv
FNDA:129,_ZNSt15_Rb_tree_header8_M_resetEv
FN:234,_ZNSt13_Rb_tree_nodeISt4pairIKPKN5boost6system14error_categoryESt10unique_ptrINS2_6detail12std_categoryESt14default_deleteIS9_EEEE9_M_valptrEv
FNDA:0,_ZNSt13_Rb_tree_nodeISt4pairIKPKN5boost6system14error_categoryESt10unique_ptrINS2_6detail12std_categoryESt14default_deleteIS9_EEEE9_M_valptrEv
FN:238,_ZNKSt13_Rb_tree_nodeISt4pairIKPKN5boost6system14error_categoryESt10unique_ptrINS2_6detail12std_categoryESt14default_deleteIS9_EEEE9_M_valptrEv
FNDA:0,_ZNKSt13_Rb_tree_nodeISt4pairIKPKN5boost6system14error_categoryESt10unique_ptrINS2_6detail12std_categoryESt14default_deleteIS9_EEEE9_M_valptrEv
FN:273,_ZNSt17_Rb_tree_iteratorISt4pairIKPKN5boost6system14error_categoryESt10unique_ptrINS2_6detail12std_categoryESt14default_deleteIS9_EEEEC2EPSt18_Rb_tree_node_base
FNDA:0,_ZNSt17_Rb_tree_iteratorISt4pairIKPKN5boost6system14error_categoryESt10unique_ptrINS2_6detail12std_categoryESt14default_deleteIS9_EEEEC2EPSt18_Rb_tree_node_base
FN:281,_ZNKSt17_Rb_tree_iteratorISt4pairIKPKN5boost6system14error_categoryESt10unique_ptrINS2_6detail12std_categoryESt14default_deleteIS9_EEEEptEv
FNDA:0,_ZNKSt17_Rb_tree_iteratorISt4pairIKPKN5boost6system14error_categoryESt10unique_ptrINS2_6detail12std_categoryESt14default_deleteIS9_EEEEptEv
FN:300,_ZNSt17_Rb_tree_iteratorISt4pairIKPKN5boost6system14error_categoryESt10unique_ptrINS2_6detail12std_categoryESt14default_deleteIS9_EEEEmmEv
FNDA:0,_ZNSt17_Rb_tree_iteratorISt4pairIKPKN5boost6system14error_categoryESt10unique_ptrINS2_6detail12std_categoryESt14default_deleteIS9_EEEEmmEv
FN:315,_ZSteqRKSt17_Rb_tree_iteratorISt4pairIKPKN5boost6system14error_categoryESt10unique_ptrINS2_6detail12std_categoryESt14default_deleteIS9_EEEESG_
FNDA:0,_ZSteqRKSt17_Rb_tree_iteratorISt4pairIKPKN5boost6system14error_categoryESt10unique_ptrINS2_6detail12std_categoryESt14default_deleteIS9_EEEESG_
FN:523,_ZNSt8_Rb_treeIPKN5boost6system14error_categoryESt4pairIKS4_St10unique_ptrINS1_6detail12std_categoryESt14default_deleteIS9_EEESt10_Select1stISD_ENS8_12cat_ptr_lessESaISD_EE11_Alloc_nodeC2ERSI_
FNDA:0,_ZNSt8_Rb_treeIPKN5boost6system14error_categoryESt4pairIKS4_St10unique_ptrINS1_6detail12std_categoryESt14default_deleteIS9_EEESt10_Select1stISD_ENS8_12cat_ptr_lessESaISD_EE11_Alloc_nodeC2ERSI_
FN:528,_ZNKSt8_Rb_treeIPKN5boost6system14error_categoryESt4pairIKS4_St10unique_ptrINS1_6detail12std_categoryESt14default_deleteIS9_EEESt10_Select1stISD_ENS8_12cat_ptr_lessESaISD_EE11_Alloc_nodeclISD_EEPSt13_Rb_tree_nodeISD_EOT_
FNDA:0,_ZNKSt8_Rb_treeIPKN5boost6system14error_categoryESt4pairIKS4_St10unique_ptrINS1_6detail12std_categoryESt14default_deleteIS9_EEESt10_Select1stISD_ENS8_12cat_ptr_lessESaISD_EE11_Alloc_nodeclISD_EEPSt13_Rb_tree_nodeISD_EOT_
FN:547,_ZNSt8_Rb_treeIPKN5boost6system14error_categoryESt4pairIKS4_St10unique_ptrINS1_6detail12std_categoryESt14default_deleteIS9_EEESt10_Select1stISD_ENS8_12cat_ptr_lessESaISD_EE21_M_get_Node_allocatorEv
FNDA:0,_ZNSt8_Rb_treeIPKN5boost6system14error_categoryESt4pairIKS4_St10unique_ptrINS1_6detail12std_categoryESt14default_deleteIS9_EEESt10_Select1stISD_ENS8_12cat_ptr_lessESaISD_EE21_M_get_Node_allocatorEv
FN:560,_ZNSt8_Rb_treeIPKN5boost6system14error_categoryESt4pairIKS4_St10unique_ptrINS1_6detail12std_categoryESt14default_deleteIS9_EEESt10_Select1stISD_ENS8_12cat_ptr_lessESaISD_EE11_M_get_nodeEv
FNDA:0,_ZNSt8_Rb_treeIPKN5boost6system14error_categoryESt4pairIKS4_St10unique_ptrINS1_6detail12std_categoryESt14default_deleteIS9_EEESt10_Select1stISD_ENS8_12cat_ptr_lessESaISD_EE11_M_get_nodeEv
FN:564,_ZNSt8_Rb_treeIPKN5boost6system14error_categoryESt4pairIKS4_St10unique_ptrINS1_6detail12std_categoryESt14default_deleteIS9_EEESt10_Select1stISD_ENS8_12cat_ptr_lessESaISD_EE11_M_put_nodeEPSt13_Rb_tree_nodeISD_E
FNDA:0,_ZNSt8_Rb_treeIPKN5boost6system14error_categoryESt4pairIKS4_St10unique_ptrINS1_6detail12std_categoryESt14default_deleteIS9_EEESt10_Select1stISD_ENS8_12cat_ptr_lessESaISD_EE11_M_put_nodeEPSt13_Rb_tree_nodeISD_E
FN:590,_ZNSt8_Rb_treeIPKN5boost6system14error_categoryESt4pairIKS4_St10unique_ptrINS1_6detail12std_categoryESt14default_deleteIS9_EEESt10_Select1stISD_ENS8_12cat_ptr_lessESaISD_EE17_M_construct_nodeIJSD_EEEvPSt13_Rb_tree_nodeISD_EDpOT_
FNDA:0,_ZNSt8_Rb_treeIPKN5boost6system14error_categoryESt4pairIKS4_St10unique_ptrINS1_6detail12std_categoryESt14default_deleteIS9_EEESt10_Select1stISD_ENS8_12cat_ptr_lessESaISD_EE17_M_construct_nodeIJSD_EEEvPSt13_Rb_tree_nodeISD_EDpOT_
FN:609,_ZNSt8_Rb_treeIPKN5boost6system14error_categoryESt4pairIKS4_St10unique_ptrINS1_6detail12std_categoryESt14default_deleteIS9_EEESt10_Select1stISD_ENS8_12cat_ptr_lessESaISD_EE14_M_create_nodeIJSD_EEEPSt13_Rb_tree_nodeISD_EDpOT_
FNDA:0,_ZNSt8_Rb_treeIPKN5boost6system14error_categoryESt4pairIKS4_St10unique_ptrINS1_6detail12std_categoryESt14default_deleteIS9_EEESt10_Select1stISD_ENS8_12cat_ptr_lessESaISD_EE14_M_create_nodeIJSD_EEEPSt13_Rb_tree_nodeISD_EDpOT_
FN:618,_ZNSt8_Rb_treeIPKN5boost6system14error_categoryESt4pairIKS4_St10unique_ptrINS1_6detail12std_categoryESt14default_deleteIS9_EEESt10_Select1stISD_ENS8_12cat_ptr_lessESaISD_EE15_M_destroy_nodeEPSt13_Rb_tree_nodeISD_E
FNDA:0,_ZNSt8_Rb_treeIPKN5boost6system14error_categoryESt4pairIKS4_St10unique_ptrINS1_6detail12std_categoryESt14default_deleteIS9_EEESt10_Select1stISD_ENS8_12cat_ptr_lessESaISD_EE15_M_destroy_nodeEPSt13_Rb_tree_nodeISD_E
FN:629,_ZNSt8_Rb_treeIPKN5boost6system14error_categoryESt4pairIKS4_St10unique_ptrINS1_6detail12std_categoryESt14default_deleteIS9_EEESt10_Select1stISD_ENS8_12cat_ptr_lessESaISD_EE12_M_drop_nodeEPSt13_Rb_tree_nodeISD_E
FNDA:0,_ZNSt8_Rb_treeIPKN5boost6system14error_categoryESt4pairIKS4_St10unique_ptrINS1_6detail12std_categoryESt14default_deleteIS9_EEESt10_Select1stISD_ENS8_12cat_ptr_lessESaISD_EE12_M_drop_nodeEPSt13_Rb_tree_nodeISD_E
FN:667,_ZNSt8_Rb_treeIPKN5boost6system14error_categoryESt4pairIKS4_St10unique_ptrINS1_6detail12std_categoryESt14default_deleteIS9_EEESt10_Select1stISD_ENS8_12cat_ptr_lessESaISD_EE13_Rb_tree_implISG_Lb1EEC2Ev
FNDA:0,_ZNSt8_Rb_treeIPKN5boost6system14error_categoryESt4pairIKS4_St10unique_ptrINS1_6detail12std_categoryESt14default_deleteIS9_EEESt10_Select1stISD_ENS8_12cat_ptr_lessESaISD_EE13_Rb_tree_implISG_Lb1EEC2Ev
FN:734,_ZNKSt8_Rb_treeIPKN5boost6system14error_categoryESt4pairIKS4_St10unique_ptrINS1_6detail12std_categoryESt14default_deleteIS9_EEESt10_Select1stISD_ENS8_12cat_ptr_lessESaISD_EE9_M_mbeginEv
FNDA:0,_ZNKSt8_Rb_treeIPKN5boost6system14error_categoryESt4pairIKS4_St10unique_ptrINS1_6detail12std_categoryESt14default_deleteIS9_EEESt10_Select1stISD_ENS8_12cat_ptr_lessESaISD_EE9_M_mbeginEv
FN:738,_ZNSt8_Rb_treeIPKN5boost6system14error_categoryESt4pairIKS4_St10unique_ptrINS1_6detail12std_categoryESt14default_deleteIS9_EEESt10_Select1stISD_ENS8_12cat_ptr_lessESaISD_EE8_M_beginEv
FNDA:0,_ZNSt8_Rb_treeIPKN5boost6system14error_categoryESt4pairIKS4_St10unique_ptrINS1_6detail12std_categoryESt14default_deleteIS9_EEESt10_Select1stISD_ENS8_12cat_ptr_lessESaISD_EE8_M_beginEv
FN:749,_ZNSt8_Rb_treeIPKN5boost6system14error_categoryESt4pairIKS4_St10unique_ptrINS1_6detail12std_categoryESt14default_deleteIS9_EEESt10_Select1stISD_ENS8_12cat_ptr_lessESaISD_EE6_M_endEv
FNDA:0,_ZNSt8_Rb_treeIPKN5boost6system14error_categoryESt4pairIKS4_St10unique_ptrINS1_6detail12std_categoryESt14default_deleteIS9_EEESt10_Select1stISD_ENS8_12cat_ptr_lessESaISD_EE6_M_endEv
FN:757,_ZNSt8_Rb_treeIPKN5boost6system14error_categoryESt4pairIKS4_St10unique_ptrINS1_6detail12std_categoryESt14default_deleteIS9_EEESt10_Select1stISD_ENS8_12cat_ptr_lessESaISD_EE6_S_keyEPKSt13_Rb_tree_nodeISD_E
FNDA:0,_ZNSt8_Rb_treeIPKN5boost6system14error_categoryESt4pairIKS4_St10unique_ptrINS1_6detail12std_categoryESt14default_deleteIS9_EEESt10_Select1stISD_ENS8_12cat_ptr_lessESaISD_EE6_S_keyEPKSt13_Rb_tree_nodeISD_E
FN:779,_ZNSt8_Rb_treeIPKN5boost6system14error_categoryESt4pairIKS4_St10unique_ptrINS1_6detail12std_categoryESt14default_deleteIS9_EEESt10_Select1stISD_ENS8_12cat_ptr_lessESaISD_EE7_S_leftEPSt18_Rb_tree_node_base
FNDA:0,_ZNSt8_Rb_treeIPKN5boost6system14error_categoryESt4pairIKS4_St10unique_ptrINS1_6detail12std_categoryESt14default_deleteIS9_EEESt10_Select1stISD_ENS8_12cat_ptr_lessESaISD_EE7_S_leftEPSt18_Rb_tree_node_base
FN:787,_ZNSt8_Rb_treeIPKN5boost6system14error_categoryESt4pairIKS4_St10unique_ptrINS1_6detail12std_categoryESt14default_deleteIS9_EEESt10_Select1stISD_ENS8_12cat_ptr_lessESaISD_EE8_S_rightEPSt18_Rb_tree_node_base
FNDA:0,_ZNSt8_Rb_treeIPKN5boost6system14error_categoryESt4pairIKS4_St10unique_ptrINS1_6detail12std_categoryESt14default_deleteIS9_EEESt10_Select1stISD_ENS8_12cat_ptr_lessESaISD_EE8_S_rightEPSt18_Rb_tree_node_base
FN:795,_ZNSt8_Rb_treeIPKN5boost6system14error_categoryESt4pairIKS4_St10unique_ptrINS1_6detail12std_categoryESt14default_deleteIS9_EEESt10_Select1stISD_ENS8_12cat_ptr_lessESaISD_EE6_S_keyEPKSt18_Rb_tree_node_base
FNDA:0,_ZNSt8_Rb_treeIPKN5boost6system14error_categoryESt4pairIKS4_St10unique_ptrINS1_6detail12std_categoryESt14default_deleteIS9_EEESt10_Select1stISD_ENS8_12cat_ptr_lessESaISD_EE6_S_keyEPKSt18_Rb_tree_node_base
FN:928,_ZNSt8_Rb_treeIPKN5boost6system14error_categoryESt4pairIKS4_St10unique_ptrINS1_6detail12std_categoryESt14default_deleteIS9_EEESt10_Select1stISD_ENS8_12cat_ptr_lessESaISD_EEC2Ev
FNDA:0,_ZNSt8_Rb_treeIPKN5boost6system14error_categoryESt4pairIKS4_St10unique_ptrINS1_6detail12std_categoryESt14default_deleteIS9_EEESt10_Select1stISD_ENS8_12cat_ptr_lessESaISD_EEC2Ev
FN:983,_ZNSt8_Rb_treeIPKN5boost6system14error_categoryESt4pairIKS4_St10unique_ptrINS1_6detail12std_categoryESt14default_deleteIS9_EEESt10_Select1stISD_ENS8_12cat_ptr_lessESaISD_EED2Ev
FNDA:0,_ZNSt8_Rb_treeIPKN5boost6system14error_categoryESt4pairIKS4_St10unique_ptrINS1_6detail12std_categoryESt14default_deleteIS9_EEESt10_Select1stISD_ENS8_12cat_ptr_lessESaISD_EED2Ev
FN:995,_ZNSt8_Rb_treeIPKN5boost6system14error_categoryESt4pairIKS4_St10unique_ptrINS1_6detail12std_categoryESt14default_deleteIS9_EEESt10_Select1stISD_ENS8_12cat_ptr_lessESaISD_EE5beginEv
FNDA:0,_ZNSt8_Rb_treeIPKN5boost6system14error_categoryESt4pairIKS4_St10unique_ptrINS1_6detail12std_categoryESt14default_deleteIS9_EEESt10_Select1stISD_ENS8_12cat_ptr_lessESaISD_EE5beginEv
FN:1003,_ZNSt8_Rb_treeIPKN5boost6system14error_categoryESt4pairIKS4_St10unique_ptrINS1_6detail12std_categoryESt14default_deleteIS9_EEESt10_Select1stISD_ENS8_12cat_ptr_lessESaISD_EE3endEv
FNDA:0,_ZNSt8_Rb_treeIPKN5boost6system14error_categoryESt4pairIKS4_St10unique_ptrINS1_6detail12std_categoryESt14default_deleteIS9_EEESt10_Select1stISD_ENS8_12cat_ptr_lessESaISD_EE3endEv
FN:1771,_ZNSt8_Rb_treeIPKN5boost6system14error_categoryESt4pairIKS4_St10unique_ptrINS1_6detail12std_categoryESt14default_deleteIS9_EEESt10_Select1stISD_ENS8_12cat_ptr_lessESaISD_EE10_M_insert_ISD_NSI_11_Alloc_nodeEEESt17_Rb_tree_iteratorISD_EPSt18_Rb_tree_node_baseSO_OT_RT0_
FNDA:0,_ZNSt8_Rb_treeIPKN5boost6system14error_categoryESt4pairIKS4_St10unique_ptrINS1_6detail12std_categoryESt14default_deleteIS9_EEESt10_Select1stISD_ENS8_12cat_ptr_lessESaISD_EE10_M_insert_ISD_NSI_11_Alloc_nodeEEESt17_Rb_tree_iteratorISD_EPSt18_Rb_tree_node_baseSO_OT_RT0_
FN:1883,_ZNSt8_Rb_treeIPKN5boost6system14error_categoryESt4pairIKS4_St10unique_ptrINS1_6detail12std_categoryESt14default_deleteIS9_EEESt10_Select1stISD_ENS8_12cat_ptr_lessESaISD_EE8_M_eraseEPSt13_Rb_tree_nodeISD_E
FNDA:0,_ZNSt8_Rb_treeIPKN5boost6system14error_categoryESt4pairIKS4_St10unique_ptrINS1_6detail12std_categoryESt14default_deleteIS9_EEESt10_Select1stISD_ENS8_12cat_ptr_lessESaISD_EE8_M_eraseEPSt13_Rb_tree_nodeISD_E
FN:1900,_ZNSt8_Rb_treeIPKN5boost6system14error_categoryESt4pairIKS4_St10unique_ptrINS1_6detail12std_categoryESt14default_deleteIS9_EEESt10_Select1stISD_ENS8_12cat_ptr_lessESaISD_EE14_M_lower_boundEPSt13_Rb_tree_nodeISD_EPSt18_Rb_tree_node_baseRS6_
FNDA:0,_ZNSt8_Rb_treeIPKN5boost6system14error_categoryESt4pairIKS4_St10unique_ptrINS1_6detail12std_categoryESt14default_deleteIS9_EEESt10_Select1stISD_ENS8_12cat_ptr_lessESaISD_EE14_M_lower_boundEPSt13_Rb_tree_nodeISD_EPSt18_Rb_tree_node_baseRS6_
FN:2061,_ZNSt8_Rb_treeIPKN5boost6system14error_categoryESt4pairIKS4_St10unique_ptrINS1_6detail12std_categoryESt14default_deleteIS9_EEESt10_Select1stISD_ENS8_12cat_ptr_lessESaISD_EE24_M_get_insert_unique_posERS6_
FNDA:0,_ZNSt8_Rb_treeIPKN5boost6system14error_categoryESt4pairIKS4_St10unique_ptrINS1_6detail12std_categoryESt14default_deleteIS9_EEESt10_Select1stISD_ENS8_12cat_ptr_lessESaISD_EE24_M_get_insert_unique_posERS6_
FN:2115,_ZNSt8_Rb_treeIPKN5boost6system14error_categoryESt4pairIKS4_St10unique_ptrINS1_6detail12std_categoryESt14default_deleteIS9_EEESt10_Select1stISD_ENS8_12cat_ptr_lessESaISD_EE16_M_insert_uniqueISD_EES5_ISt17_Rb_tree_iteratorISD_EbEOT_
FNDA:0,_ZNSt8_Rb_treeIPKN5boost6system14error_categoryESt4pairIKS4_St10unique_ptrINS1_6detail12std_categoryESt14default_deleteIS9_EEESt10_Select1stISD_ENS8_12cat_ptr_lessESaISD_EE16_M_insert_uniqueISD_EES5_ISt17_Rb_tree_iteratorISD_EbEOT_
FN:2520,_ZNSt8_Rb_treeIPKN5boost6system14error_categoryESt4pairIKS4_St10unique_ptrINS1_6detail12std_categoryESt14default_deleteIS9_EEESt10_Select1stISD_ENS8_12cat_ptr_lessESaISD_EE4findERS6_
FNDA:0,_ZNSt8_Rb_treeIPKN5boost6system14error_categoryESt4pairIKS4_St10unique_ptrINS1_6detail12std_categoryESt14default_deleteIS9_EEESt10_Select1stISD_ENS8_12cat_ptr_lessESaISD_EE4findERS6_
DA:146,0
DA:150,0
DA:173,114
DA:174,114
DA:175,114
DA:176,114
DA:177,114
DA:206,129
DA:208,129
DA:209,129
DA:210,129
DA:211,129
DA:212,129
DA:234,0
DA:235,0
DA:238,0
DA:239,0
DA:273,0
DA:274,0
DA:281,0
DA:282,0
DA:300,0
DA:302,0
DA:303,0
DA:315,0
DA:316,0
DA:523,0
DA:524,0
DA:528,0
DA:529,0
DA:547,0
DA:548,0
DA:560,0
DA:561,0
DA:564,0
DA:565,0
DA:590,0
DA:594,0
DA:595,0
DA:605,0
DA:609,0
DA:611,0
DA:612,0
DA:613,0
DA:618,0
DA:623,0
DA:624,0
DA:626,0
DA:629,0
DA:631,0
DA:632,0
DA:633,0
DA:667,0
DA:671,0
DA:672,0
DA:734,0
DA:735,0
DA:738,0
DA:739,0
DA:749,0
DA:750,0
DA:757,0
DA:775,0
DA:779,0
DA:780,0
DA:787,0
DA:788,0
DA:795,0
DA:796,0
DA:928,0
DA:983,0
DA:984,0
DA:995,0
DA:996,0
DA:1003,0
DA:1004,0
DA:1771,0
DA:1780,0
DA:1781,0
DA:1782,0
DA:1784,0
DA:1786,0
DA:1787,0
DA:1788,0
DA:1789,0
DA:1883,0
DA:1887,0
DA:1889,0
DA:1890,0
DA:1891,0
DA:1892,0
DA:1894,0
DA:1900,0
DA:1904,0
DA:1905,0
DA:1906,0
DA:1908,0
DA:1909,0
DA:2061,0
DA:2065,0
DA:2066,0
DA:2067,0
DA:2068,0
DA:2070,0
DA:2071,0
DA:2072,0
DA:2074,0
DA:2075,0
DA:2077,0
DA:2078,0
DA:2080,0
DA:2082,0
DA:2083,0
DA:2084,0
DA:2115,0
DA:2124,0
DA:2126,0
DA:2128,0
DA:2129,0
DA:2131,0
DA:2134,0
DA:2520,0
DA:2523,0
DA:2524,0
DA:2525,0
DA:2526,0
end_of_record
SF:/usr/include/c++/11/bits/stl_function.h
FN:447,_ZNKSt4lessIPKcEclES1_S1_
FNDA:1748,_ZNKSt4lessIPKcEclES1_S1_
FN:447,_ZNKSt4lessIPKN5boost6system14error_categoryEEclES4_S4_
FNDA:0,_ZNKSt4lessIPKN5boost6system14error_categoryEEclES4_S4_
FN:1170,_ZNKSt10_Select1stISt4pairIKPKN5boost6system14error_categoryESt10unique_ptrINS2_6detail12std_categoryESt14default_deleteIS9_EEEEclERSD_
FNDA:0,_ZNKSt10_Select1stISt4pairIKPKN5boost6system14error_categoryESt10unique_ptrINS2_6detail12std_categoryESt14default_deleteIS9_EEEEclERSD_
FN:1174,_ZNKSt10_Select1stISt4pairIKPKN5boost6system14error_categoryESt10unique_ptrINS2_6detail12std_categoryESt14default_deleteIS9_EEEEclERKSD_
FNDA:0,_ZNKSt10_Select1stISt4pairIKPKN5boost6system14error_categoryESt10unique_ptrINS2_6detail12std_categoryESt14default_deleteIS9_EEEEclERKSD_
DA:447,1748
DA:457,1748
DA:447,0
DA:457,0
DA:1170,0
DA:1171,0
DA:1174,0
DA:1175,0
end_of_record
SF:/usr/include/c++/11/tuple
FN:80,_ZNSt10_Head_baseILm1ESt14default_deleteI18HardwareControllerELb1EEC2Ev
FNDA:32,_ZNSt10_Head_baseILm1ESt14default_deleteI18HardwareControllerELb1EEC2Ev
FN:80,_ZNSt10_Head_baseILm1ESt14default_deleteI18MainMenuControllerELb1EEC2Ev
FNDA:32,_ZNSt10_Head_baseILm1ESt14default_deleteI18MainMenuControllerELb1EEC2Ev
FN:80,_ZNSt10_Head_baseILm1ESt14default_deleteIN5boost6system6detail12std_categoryEELb1EEC2Ev
FNDA:0,_ZNSt10_Head_baseILm1ESt14default_deleteIN5boost6system6detail12std_categoryEELb1EEC2Ev
FN:80,_ZNSt10_Head_baseILm1ESt14default_deleteI21ScanfOptionControllerELb1EEC2Ev
FNDA:62,_ZNSt10_Head_baseILm1ESt14default_deleteI21ScanfOptionControllerELb1EEC2Ev
FN:80,_ZNSt10_Head_baseILm1ESt14default_deleteI18PlaylistControllerELb1EEC2Ev
FNDA:32,_ZNSt10_Head_baseILm1ESt14default_deleteI18PlaylistControllerELb1EEC2Ev
FN:80,_ZNSt10_Head_baseILm1ESt14default_deleteI19MediaFileControllerELb1EEC2Ev
FNDA:32,_ZNSt10_Head_baseILm1ESt14default_deleteI19MediaFileControllerELb1EEC2Ev
FN:80,_ZNSt10_Head_baseILm1ESt14default_deleteI22PlayingMediaControllerELb1EEC2Ev
FNDA:62,_ZNSt10_Head_baseILm1ESt14default_deleteI22PlayingMediaControllerELb1EEC2Ev
FN:80,_ZNSt10_Head_baseILm1ESt14default_deleteI14BaseControllerELb1EEC2Ev
FNDA:0,_ZNSt10_Head_baseILm1ESt14default_deleteI14BaseControllerELb1EEC2Ev
FN:80,_ZNSt10_Head_baseILm1ESt14default_deleteI26DetailedPlaylistControllerELb1EEC2Ev
FNDA:32,_ZNSt10_Head_baseILm1ESt14default_deleteI26DetailedPlaylistControllerELb1EEC2Ev
FN:80,_ZNSt10_Head_baseILm1ESt14default_deleteI18MetadataControllerELb1EEC2Ev
FNDA:32,_ZNSt10_Head_baseILm1ESt14default_deleteI18MetadataControllerELb1EEC2Ev
FN:90,_ZNSt10_Head_baseILm1ESt14default_deleteI14BaseControllerELb1EEC2IS0_I19MediaFileControllerEEEOT_
FNDA:32,_ZNSt10_Head_baseILm1ESt14default_deleteI14BaseControllerELb1EEC2IS0_I19MediaFileControllerEEEOT_
FN:90,_ZNSt10_Head_baseILm1ESt14default_deleteI14BaseControllerELb1EEC2IS0_I18MetadataControllerEEEOT_
FNDA:32,_ZNSt10_Head_baseILm1ESt14default_deleteI14BaseControllerELb1EEC2IS0_I18MetadataControllerEEEOT_
FN:90,_ZNSt10_Head_baseILm1ESt14default_deleteI14BaseControllerELb1EEC2IS0_I26DetailedPlaylistControllerEEEOT_
FNDA:32,_ZNSt10_Head_baseILm1ESt14default_deleteI14BaseControllerELb1EEC2IS0_I26DetailedPlaylistControllerEEEOT_
FN:90,_ZNSt10_Head_baseILm1ESt14default_deleteI14BaseControllerELb1EEC2IS0_I21ScanfOptionControllerEEEOT_
FNDA:32,_ZNSt10_Head_baseILm1ESt14default_deleteI14BaseControllerELb1EEC2IS0_I21ScanfOptionControllerEEEOT_
FN:90,_ZNSt10_Head_baseILm1ESt14default_deleteI14BaseControllerELb1EEC2IS0_I18MainMenuControllerEEEOT_
FNDA:32,_ZNSt10_Head_baseILm1ESt14default_deleteI14BaseControllerELb1EEC2IS0_I18MainMenuControllerEEEOT_
FN:90,_ZNSt10_Head_baseILm1ESt14default_deleteI14BaseControllerELb1EEC2IS0_I18HardwareControllerEEEOT_
FNDA:32,_ZNSt10_Head_baseILm1ESt14default_deleteI14BaseControllerELb1EEC2IS0_I18HardwareControllerEEEOT_
FN:90,_ZNSt10_Head_baseILm1ESt14default_deleteI14BaseControllerELb1EEC2IS0_I22PlayingMediaControllerEEEOT_
FNDA:32,_ZNSt10_Head_baseILm1ESt14default_deleteI14BaseControllerELb1EEC2IS0_I22PlayingMediaControllerEEEOT_
FN:90,_ZNSt10_Head_baseILm1ESt14default_deleteI14BaseControllerELb1EEC2IS0_I18PlaylistControllerEEEOT_
FNDA:32,_ZNSt10_Head_baseILm1ESt14default_deleteI14BaseControllerELb1EEC2IS0_I18PlaylistControllerEEEOT_
FN:124,_ZNSt10_Head_baseILm1ESt14default_deleteIN5boost6system6detail12std_categoryEELb1EE7_M_headERS6_
FNDA:0,_ZNSt10_Head_baseILm1ESt14default_deleteIN5boost6system6detail12std_categoryEELb1EE7_M_headERS6_
FN:124,_ZNSt10_Head_baseILm1ESt14default_deleteI18HardwareControllerELb1EE7_M_headERS3_
FNDA:32,_ZNSt10_Head_baseILm1ESt14default_deleteI18HardwareControllerELb1EE7_M_headERS3_
FN:124,_ZNSt10_Head_baseILm1ESt14default_deleteI18MetadataControllerELb1EE7_M_headERS3_
FNDA:32,_ZNSt10_Head_baseILm1ESt14default_deleteI18MetadataControllerELb1EE7_M_headERS3_
FN:124,_ZNSt10_Head_baseILm1ESt14default_deleteI26DetailedPlaylistControllerELb1EE7_M_headERS3_
FNDA:32,_ZNSt10_Head_baseILm1ESt14default_deleteI26DetailedPlaylistControllerELb1EE7_M_headERS3_
FN:124,_ZNSt10_Head_baseILm1ESt14default_deleteI22PlayingMediaControllerELb1EE7_M_headERS3_
FNDA:77,_ZNSt10_Head_baseILm1ESt14default_deleteI22PlayingMediaControllerELb1EE7_M_headERS3_
FN:124,_ZNSt10_Head_baseILm1ESt14default_deleteI19MediaFileControllerELb1EE7_M_headERS3_
FNDA:32,_ZNSt10_Head_baseILm1ESt14default_deleteI19MediaFileControllerELb1EE7_M_headERS3_
FN:124,_ZNSt10_Head_baseILm1ESt14default_deleteI18PlaylistControllerELb1EE7_M_headERS3_
FNDA:32,_ZNSt10_Head_baseILm1ESt14default_deleteI18PlaylistControllerELb1EE7_M_headERS3_
FN:124,_ZNSt10_Head_baseILm1ESt14default_deleteI21ScanfOptionControllerELb1EE7_M_headERS3_
FNDA:77,_ZNSt10_Head_baseILm1ESt14default_deleteI21ScanfOptionControllerELb1EE7_M_headERS3_
FN:124,_ZNSt10_Head_baseILm1ESt14default_deleteI14BaseControllerELb1EE7_M_headERS3_
FNDA:240,_ZNSt10_Head_baseILm1ESt14default_deleteI14BaseControllerELb1EE7_M_headERS3_
FN:124,_ZNSt10_Head_baseILm1ESt14default_deleteI18MainMenuControllerELb1EE7_M_headERS3_
FNDA:32,_ZNSt10_Head_baseILm1ESt14default_deleteI18MainMenuControllerELb1EE7_M_headERS3_
FN:124,_ZNSt10_Head_baseILm1ENSt10filesystem7__cxx114path5_List13_Impl_deleterELb1EE7_M_headERS5_
FNDA:287,_ZNSt10_Head_baseILm1ENSt10filesystem7__cxx114path5_List13_Impl_deleterELb1EE7_M_headERS5_
FN:189,_ZNSt10_Head_baseILm0EP18PlaylistControllerLb0EEC2Ev
FNDA:32,_ZNSt10_Head_baseILm0EP18PlaylistControllerLb0EEC2Ev
FN:189,_ZNSt10_Head_baseILm0EP22PlayingMediaControllerLb0EEC2Ev
FNDA:62,_ZNSt10_Head_baseILm0EP22PlayingMediaControllerLb0EEC2Ev
FN:189,_ZNSt10_Head_baseILm0EP21ScanfOptionControllerLb0EEC2Ev
FNDA:62,_ZNSt10_Head_baseILm0EP21ScanfOptionControllerLb0EEC2Ev
FN:189,_ZNSt10_Head_baseILm0EP19MediaFileControllerLb0EEC2Ev
FNDA:32,_ZNSt10_Head_baseILm0EP19MediaFileControllerLb0EEC2Ev
FN:189,_ZNSt10_Head_baseILm0EP18HardwareControllerLb0EEC2Ev
FNDA:32,_ZNSt10_Head_baseILm0EP18HardwareControllerLb0EEC2Ev
FN:189,_ZNSt10_Head_baseILm0EPN5boost6system6detail12std_categoryELb0EEC2Ev
FNDA:0,_ZNSt10_Head_baseILm0EPN5boost6system6detail12std_categoryELb0EEC2Ev
FN:189,_ZNSt10_Head_baseILm0EP26DetailedPlaylistControllerLb0EEC2Ev
FNDA:32,_ZNSt10_Head_baseILm0EP26DetailedPlaylistControllerLb0EEC2Ev
FN:189,_ZNSt10_Head_baseILm0EP18MetadataControllerLb0EEC2Ev
FNDA:32,_ZNSt10_Head_baseILm0EP18MetadataControllerLb0EEC2Ev
FN:189,_ZNSt10_Head_baseILm0EP18MainMenuControllerLb0EEC2Ev
FNDA:32,_ZNSt10_Head_baseILm0EP18MainMenuControllerLb0EEC2Ev
FN:189,_ZNSt10_Head_baseILm0EP14BaseControllerLb0EEC2Ev
FNDA:0,_ZNSt10_Head_baseILm0EP14BaseControllerLb0EEC2Ev
FN:199,_ZNSt10_Head_baseILm0EP14BaseControllerLb0EEC2IRS1_EEOT_
FNDA:256,_ZNSt10_Head_baseILm0EP14BaseControllerLb0EEC2IRS1_EEOT_
FN:233,_ZNSt10_Head_baseILm0EP14BaseControllerLb0EE7_M_headERS2_
FNDA:1200,_ZNSt10_Head_baseILm0EP14BaseControllerLb0EE7_M_headERS2_
FN:233,_ZNSt10_Head_baseILm0EP18MainMenuControllerLb0EE7_M_headERS2_
FNDA:128,_ZNSt10_Head_baseILm0EP18MainMenuControllerLb0EE7_M_headERS2_
FN:233,_ZNSt10_Head_baseILm0EP21ScanfOptionControllerLb0EE7_M_headERS2_
FNDA:233,_ZNSt10_Head_baseILm0EP21ScanfOptionControllerLb0EE7_M_headERS2_
FN:233,_ZNSt10_Head_baseILm0EP22PlayingMediaControllerLb0EE7_M_headERS2_
FNDA:233,_ZNSt10_Head_baseILm0EP22PlayingMediaControllerLb0EE7_M_headERS2_
FN:233,_ZNSt10_Head_baseILm0EPN5boost6system6detail12std_categoryELb0EE7_M_headERS5_
FNDA:0,_ZNSt10_Head_baseILm0EPN5boost6system6detail12std_categoryELb0EE7_M_headERS5_
FN:233,_ZNSt10_Head_baseILm0EPNSt10filesystem7__cxx114path5_List5_ImplELb0EE7_M_headERS6_
FNDA:287,_ZNSt10_Head_baseILm0EPNSt10filesystem7__cxx114path5_List5_ImplELb0EE7_M_headERS6_
FN:233,_ZNSt10_Head_baseILm0EP18PlaylistControllerLb0EE7_M_headERS2_
FNDA:128,_ZNSt10_Head_baseILm0EP18PlaylistControllerLb0EE7_M_headERS2_
FN:233,_ZNSt10_Head_baseILm0EP19MediaFileControllerLb0EE7_M_headERS2_
FNDA:128,_ZNSt10_Head_baseILm0EP19MediaFileControllerLb0EE7_M_headERS2_
FN:233,_ZNSt10_Head_baseILm0EP18HardwareControllerLb0EE7_M_headERS2_
FNDA:128,_ZNSt10_Head_baseILm0EP18HardwareControllerLb0EE7_M_headERS2_
FN:233,_ZNSt10_Head_baseILm0EP26DetailedPlaylistControllerLb0EE7_M_headERS2_
FNDA:128,_ZNSt10_Head_baseILm0EP26DetailedPlaylistControllerLb0EE7_M_headERS2_
FN:233,_ZNSt10_Head_baseILm0EP18MetadataControllerLb0EE7_M_headERS2_
FNDA:128,_ZNSt10_Head_baseILm0EP18MetadataControllerLb0EE7_M_headERS2_
FN:236,_ZNSt10_Head_baseILm0EPN5boost6system6detail12std_categoryELb0EE7_M_headERKS5_
FNDA:0,_ZNSt10_Head_baseILm0EPN5boost6system6detail12std_categoryELb0EE7_M_headERKS5_
FN:236,_ZNSt10_Head_baseILm0EP14BaseControllerLb0EE7_M_headERKS2_
FNDA:16,_ZNSt10_Head_baseILm0EP14BaseControllerLb0EE7_M_headERKS2_
FN:268,_ZNSt11_Tuple_implILm0EJP18MetadataControllerSt14default_deleteIS0_EEE7_M_headERS4_
FNDA:128,_ZNSt11_Tuple_implILm0EJP18MetadataControllerSt14default_deleteIS0_EEE7_M_headERS4_
FN:268,_ZNSt11_Tuple_implILm0EJP14BaseControllerSt14default_deleteIS0_EEE7_M_headERS4_
FNDA:1200,_ZNSt11_Tuple_implILm0EJP14BaseControllerSt14default_deleteIS0_EEE7_M_headERS4_
FN:268,_ZNSt11_Tuple_implILm0EJP26DetailedPlaylistControllerSt14default_deleteIS0_EEE7_M_headERS4_
FNDA:128,_ZNSt11_Tuple_implILm0EJP26DetailedPlaylistControllerSt14default_deleteIS0_EEE7_M_headERS4_
FN:268,_ZNSt11_Tuple_implILm0EJP18HardwareControllerSt14default_deleteIS0_EEE7_M_headERS4_
FNDA:128,_ZNSt11_Tuple_implILm0EJP18HardwareControllerSt14default_deleteIS0_EEE7_M_headERS4_
FN:268,_ZNSt11_Tuple_implILm0EJP22PlayingMediaControllerSt14default_deleteIS0_EEE7_M_headERS4_
FNDA:233,_ZNSt11_Tuple_implILm0EJP22PlayingMediaControllerSt14default_deleteIS0_EEE7_M_headERS4_
FN:268,_ZNSt11_Tuple_implILm0EJP19MediaFileControllerSt14default_deleteIS0_EEE7_M_headERS4_
FNDA:128,_ZNSt11_Tuple_implILm0EJP19MediaFileControllerSt14default_deleteIS0_EEE7_M_headERS4_
FN:268,_ZNSt11_Tuple_implILm0EJPNSt10filesystem7__cxx114path5_List5_ImplENS3_13_Impl_deleterEEE7_M_headERS7_
FNDA:287,_ZNSt11_Tuple_implILm0EJPNSt10filesystem7__cxx114path5_List5_ImplENS3_13_Impl_deleterEEE7_M_headERS7_
FN:268,_ZNSt11_Tuple_implILm0EJP18PlaylistControllerSt14default_deleteIS0_EEE7_M_headERS4_
FNDA:128,_ZNSt11_Tuple_implILm0EJP18PlaylistControllerSt14default_deleteIS0_EEE7_M_headERS4_
FN:268,_ZNSt11_Tuple_implILm0EJPN5boost6system6detail12std_categoryESt14default_deleteIS3_EEE7_M_headERS7_
FNDA:0,_ZNSt11_Tuple_implILm0EJPN5boost6system6detail12std_categoryESt14default_deleteIS3_EEE7_M_headERS7_
FN:268,_ZNSt11_Tuple_implILm0EJP21ScanfOptionControllerSt14default_deleteIS0_EEE7_M_headERS4_
FNDA:233,_ZNSt11_Tuple_implILm0EJP21ScanfOptionControllerSt14default_deleteIS0_EEE7_M_headERS4_
FN:268,_ZNSt11_Tuple_implILm0EJP18MainMenuControllerSt14default_deleteIS0_EEE7_M_headERS4_
FNDA:128,_ZNSt11_Tuple_implILm0EJP18MainMenuControllerSt14default_deleteIS0_EEE7_M_headERS4_
FN:271,_ZNSt11_Tuple_implILm0EJPN5boost6system6detail12std_categoryESt14default_deleteIS3_EEE7_M_headERKS7_
FNDA:0,_ZNSt11_Tuple_implILm0EJPN5boost6system6detail12std_categoryESt14default_deleteIS3_EEE7_M_headERKS7_
FN:271,_ZNSt11_Tuple_implILm0EJP14BaseControllerSt14default_deleteIS0_EEE7_M_headERKS4_
FNDA:16,_ZNSt11_Tuple_implILm0EJP14BaseControllerSt14default_deleteIS0_EEE7_M_headERKS4_
FN:279,_ZNSt11_Tuple_implILm0EJP19MediaFileControllerSt14default_deleteIS0_EEEC2Ev
FNDA:32,_ZNSt11_Tuple_implILm0EJP19MediaFileControllerSt14default_deleteIS0_EEEC2Ev
FN:279,_ZNSt11_Tuple_implILm0EJPN5boost6system6detail12std_categoryESt14default_deleteIS3_EEEC2Ev
FNDA:0,_ZNSt11_Tuple_implILm0EJPN5boost6system6detail12std_categoryESt14default_deleteIS3_EEEC2Ev
FN:279,_ZNSt11_Tuple_implILm0EJP22PlayingMediaControllerSt14default_deleteIS0_EEEC2Ev
FNDA:62,_ZNSt11_Tuple_implILm0EJP22PlayingMediaControllerSt14default_deleteIS0_EEEC2Ev
FN:279,_ZNSt11_Tuple_implILm0EJP14BaseControllerSt14default_deleteIS0_EEEC2Ev
FNDA:0,_ZNSt11_Tuple_implILm0EJP14BaseControllerSt14default_deleteIS0_EEEC2Ev
FN:279,_ZNSt11_Tuple_implILm0EJP18PlaylistControllerSt14default_deleteIS0_EEEC2Ev
FNDA:32,_ZNSt11_Tuple_implILm0EJP18PlaylistControllerSt14default_deleteIS0_EEEC2Ev
FN:279,_ZNSt11_Tuple_implILm0EJP18MainMenuControllerSt14default_deleteIS0_EEEC2Ev
FNDA:32,_ZNSt11_Tuple_implILm0EJP18MainMenuControllerSt14default_deleteIS0_EEEC2Ev
FN:279,_ZNSt11_Tuple_implILm0EJP26DetailedPlaylistControllerSt14default_deleteIS0_EEEC2Ev
FNDA:32,_ZNSt11_Tuple_implILm0EJP26DetailedPlaylistControllerSt14default_deleteIS0_EEEC2Ev
FN:279,_ZNSt11_Tuple_implILm0EJP18MetadataControllerSt14default_deleteIS0_EEEC2Ev
FNDA:32,_ZNSt11_Tuple_implILm0EJP18MetadataControllerSt14default_deleteIS0_EEEC2Ev
FN:279,_ZNSt11_Tuple_implILm0EJP21ScanfOptionControllerSt14default_deleteIS0_EEEC2Ev
FNDA:62,_ZNSt11_Tuple_implILm0EJP21ScanfOptionControllerSt14default_deleteIS0_EEEC2Ev
FN:279,_ZNSt11_Tuple_implILm0EJP18HardwareControllerSt14default_deleteIS0_EEEC2Ev
FNDA:32,_ZNSt11_Tuple_implILm0EJP18HardwareControllerSt14default_deleteIS0_EEEC2Ev
FN:290,_ZNSt11_Tuple_implILm0EJP14BaseControllerSt14default_deleteIS0_EEEC2IRS1_JS2_I26DetailedPlaylistControllerEEvEEOT_DpOT0_
FNDA:32,_ZNSt11_Tuple_implILm0EJP14BaseControllerSt14default_deleteIS0_EEEC2IRS1_JS2_I26DetailedPlaylistControllerEEvEEOT_DpOT0_
FN:290,_ZNSt11_Tuple_implILm0EJP14BaseControllerSt14default_deleteIS0_EEEC2IRS1_JS2_I22PlayingMediaControllerEEvEEOT_DpOT0_
FNDA:32,_ZNSt11_Tuple_implILm0EJP14BaseControllerSt14default_deleteIS0_EEEC2IRS1_JS2_I22PlayingMediaControllerEEvEEOT_DpOT0_
FN:290,_ZNSt11_Tuple_implILm0EJP14BaseControllerSt14default_deleteIS0_EEEC2IRS1_JS2_I19MediaFileControllerEEvEEOT_DpOT0_
FNDA:32,_ZNSt11_Tuple_implILm0EJP14BaseControllerSt14default_deleteIS0_EEEC2IRS1_JS2_I19MediaFileControllerEEvEEOT_DpOT0_
FN:290,_ZNSt11_Tuple_implILm0EJP14BaseControllerSt14default_deleteIS0_EEEC2IRS1_JS2_I18MetadataControllerEEvEEOT_DpOT0_
FNDA:32,_ZNSt11_Tuple_implILm0EJP14BaseControllerSt14default_deleteIS0_EEEC2IRS1_JS2_I18MetadataControllerEEvEEOT_DpOT0_
FN:290,_ZNSt11_Tuple_implILm0EJP14BaseControllerSt14default_deleteIS0_EEEC2IRS1_JS2_I18PlaylistControllerEEvEEOT_DpOT0_
FNDA:32,_ZNSt11_Tuple_implILm0EJP14BaseControllerSt14default_deleteIS0_EEEC2IRS1_JS2_I18PlaylistControllerEEvEEOT_DpOT0_
FN:290,_ZNSt11_Tuple_implILm0EJP14BaseControllerSt14default_deleteIS0_EEEC2IRS1_JS2_I18MainMenuControllerEEvEEOT_DpOT0_
FNDA:32,_ZNSt11_Tuple_implILm0EJP14BaseControllerSt14default_deleteIS0_EEEC2IRS1_JS2_I18MainMenuControllerEEvEEOT_DpOT0_
FN:290,_ZNSt11_Tuple_implILm0EJP14BaseControllerSt14default_deleteIS0_EEEC2IRS1_JS2_I21ScanfOptionControllerEEvEEOT_DpOT0_
FNDA:32,_ZNSt11_Tuple_implILm0EJP14BaseControllerSt14default_deleteIS0_EEEC2IRS1_JS2_I21ScanfOptionControllerEEvEEOT_DpOT0_
FN:290,_ZNSt11_Tuple_implILm0EJP14BaseControllerSt14default_deleteIS0_EEEC2IRS1_JS2_I18HardwareControllerEEvEEOT_DpOT0_
FNDA:32,_ZNSt11_Tuple_implILm0EJP14BaseControllerSt14default_deleteIS0_EEEC2IRS1_JS2_I18HardwareControllerEEvEEOT_DpOT0_
FN:301,_ZNSt11_Tuple_implILm0EJP14BaseControllerSt14default_deleteIS0_EEEC2EOS4_
FNDA:480,_ZNSt11_Tuple_implILm0EJP14BaseControllerSt14default_deleteIS0_EEEC2EOS4_
FN:301,_ZNSt11_Tuple_implILm0EJPN5boost6system6detail12std_categoryESt14default_deleteIS3_EEEC2EOS7_
FNDA:0,_ZNSt11_Tuple_implILm0EJPN5boost6system6detail12std_categoryESt14default_deleteIS3_EEEC2EOS7_
FN:424,_ZNSt11_Tuple_implILm1EJSt14default_deleteI22PlayingMediaControllerEEE7_M_headERS3_
FNDA:77,_ZNSt11_Tuple_implILm1EJSt14default_deleteI22PlayingMediaControllerEEE7_M_headERS3_
FN:424,_ZNSt11_Tuple_implILm1EJSt14default_deleteI18PlaylistControllerEEE7_M_headERS3_
FNDA:32,_ZNSt11_Tuple_implILm1EJSt14default_deleteI18PlaylistControllerEEE7_M_headERS3_
FN:424,_ZNSt11_Tuple_implILm1EJSt14default_deleteI21ScanfOptionControllerEEE7_M_headERS3_
FNDA:77,_ZNSt11_Tuple_implILm1EJSt14default_deleteI21ScanfOptionControllerEEE7_M_headERS3_
FN:424,_ZNSt11_Tuple_implILm1EJSt14default_deleteI26DetailedPlaylistControllerEEE7_M_headERS3_
FNDA:32,_ZNSt11_Tuple_implILm1EJSt14default_deleteI26DetailedPlaylistControllerEEE7_M_headERS3_
FN:424,_ZNSt11_Tuple_implILm1EJNSt10filesystem7__cxx114path5_List13_Impl_deleterEEE7_M_headERS5_
FNDA:287,_ZNSt11_Tuple_implILm1EJNSt10filesystem7__cxx114path5_List13_Impl_deleterEEE7_M_headERS5_
FN:424,_ZNSt11_Tuple_implILm1EJSt14default_deleteI19MediaFileControllerEEE7_M_headERS3_
FNDA:32,_ZNSt11_Tuple_implILm1EJSt14default_deleteI19MediaFileControllerEEE7_M_headERS3_
FN:424,_ZNSt11_Tuple_implILm1EJSt14default_deleteI14BaseControllerEEE7_M_headERS3_
FNDA:240,_ZNSt11_Tuple_implILm1EJSt14default_deleteI14BaseControllerEEE7_M_headERS3_
FN:424,_ZNSt11_Tuple_implILm1EJSt14default_deleteI18MainMenuControllerEEE7_M_headERS3_
FNDA:32,_ZNSt11_Tuple_implILm1EJSt14default_deleteI18MainMenuControllerEEE7_M_headERS3_
FN:424,_ZNSt11_Tuple_implILm1EJSt14default_deleteIN5boost6system6detail12std_categoryEEEE7_M_headERS6_
FNDA:0,_ZNSt11_Tuple_implILm1EJSt14default_deleteIN5boost6system6detail12std_categoryEEEE7_M_headERS6_
FN:424,_ZNSt11_Tuple_implILm1EJSt14default_deleteI18MetadataControllerEEE7_M_headERS3_
FNDA:32,_ZNSt11_Tuple_implILm1EJSt14default_deleteI18MetadataControllerEEE7_M_headERS3_
FN:424,_ZNSt11_Tuple_implILm1EJSt14default_deleteI18HardwareControllerEEE7_M_headERS3_
FNDA:32,_ZNSt11_Tuple_implILm1EJSt14default_deleteI18HardwareControllerEEE7_M_headERS3_
FN:430,_ZNSt11_Tuple_implILm1EJSt14default_deleteI21ScanfOptionControllerEEEC2Ev
FNDA:62,_ZNSt11_Tuple_implILm1EJSt14default_deleteI21ScanfOptionControllerEEEC2Ev
FN:430,_ZNSt11_Tuple_implILm1EJSt14default_deleteI18MainMenuControllerEEEC2Ev
FNDA:32,_ZNSt11_Tuple_implILm1EJSt14default_deleteI18MainMenuControllerEEEC2Ev
FN:430,_ZNSt11_Tuple_implILm1EJSt14default_deleteI18PlaylistControllerEEEC2Ev
FNDA:32,_ZNSt11_Tuple_implILm1EJSt14default_deleteI18PlaylistControllerEEEC2Ev
FN:430,_ZNSt11_Tuple_implILm1EJSt14default_deleteI18MetadataControllerEEEC2Ev
FNDA:32,_ZNSt11_Tuple_implILm1EJSt14default_deleteI18MetadataControllerEEEC2Ev
FN:430,_ZNSt11_Tuple_implILm1EJSt14default_deleteI19MediaFileControllerEEEC2Ev
FNDA:32,_ZNSt11_Tuple_implILm1EJSt14default_deleteI19MediaFileControllerEEEC2Ev
FN:430,_ZNSt11_Tuple_implILm1EJSt14default_deleteI18HardwareControllerEEEC2Ev
FNDA:32,_ZNSt11_Tuple_implILm1EJSt14default_deleteI18HardwareControllerEEEC2Ev
FN:430,_ZNSt11_Tuple_implILm1EJSt14default_deleteI14BaseControllerEEEC2Ev
FNDA:0,_ZNSt11_Tuple_implILm1EJSt14default_deleteI14BaseControllerEEEC2Ev
FN:430,_ZNSt11_Tuple_implILm1EJSt14default_deleteI22PlayingMediaControllerEEEC2Ev
FNDA:62,_ZNSt11_Tuple_implILm1EJSt14default_deleteI22PlayingMediaControllerEEEC2Ev
FN:430,_ZNSt11_Tuple_implILm1EJSt14default_deleteIN5boost6system6detail12std_categoryEEEEC2Ev
FNDA:0,_ZNSt11_Tuple_implILm1EJSt14default_deleteIN5boost6system6detail12std_categoryEEEEC2Ev
FN:430,_ZNSt11_Tuple_implILm1EJSt14default_deleteI26DetailedPlaylistControllerEEEC2Ev
FNDA:32,_ZNSt11_Tuple_implILm1EJSt14default_deleteI26DetailedPlaylistControllerEEEC2Ev
FN:440,_ZNSt11_Tuple_implILm1EJSt14default_deleteI14BaseControllerEEEC2IS0_I18MetadataControllerEEEOT_
FNDA:32,_ZNSt11_Tuple_implILm1EJSt14default_deleteI14BaseControllerEEEC2IS0_I18MetadataControllerEEEOT_
FN:440,_ZNSt11_Tuple_implILm1EJSt14default_deleteI14BaseControllerEEEC2IS0_I18HardwareControllerEEEOT_
FNDA:32,_ZNSt11_Tuple_implILm1EJSt14default_deleteI14BaseControllerEEEC2IS0_I18HardwareControllerEEEOT_
FN:440,_ZNSt11_Tuple_implILm1EJSt14default_deleteI14BaseControllerEEEC2IS0_I18MainMenuControllerEEEOT_
FNDA:32,_ZNSt11_Tuple_implILm1EJSt14default_deleteI14BaseControllerEEEC2IS0_I18MainMenuControllerEEEOT_
FN:440,_ZNSt11_Tuple_implILm1EJSt14default_deleteI14BaseControllerEEEC2IS0_I18PlaylistControllerEEEOT_
FNDA:32,_ZNSt11_Tuple_implILm1EJSt14default_deleteI14BaseControllerEEEC2IS0_I18PlaylistControllerEEEOT_
FN:440,_ZNSt11_Tuple_implILm1EJSt14default_deleteI14BaseControllerEEEC2IS0_I26DetailedPlaylistControllerEEEOT_
FNDA:32,_ZNSt11_Tuple_implILm1EJSt14default_deleteI14BaseControllerEEEC2IS0_I26DetailedPlaylistControllerEEEOT_
FN:440,_ZNSt11_Tuple_implILm1EJSt14default_deleteI14BaseControllerEEEC2IS0_I22PlayingMediaControllerEEEOT_
FNDA:32,_ZNSt11_Tuple_implILm1EJSt14default_deleteI14BaseControllerEEEC2IS0_I22PlayingMediaControllerEEEOT_
FN:440,_ZNSt11_Tuple_implILm1EJSt14default_deleteI14BaseControllerEEEC2IS0_I19MediaFileControllerEEEOT_
FNDA:32,_ZNSt11_Tuple_implILm1EJSt14default_deleteI14BaseControllerEEEC2IS0_I19MediaFileControllerEEEOT_
FN:440,_ZNSt11_Tuple_implILm1EJSt14default_deleteI14BaseControllerEEEC2IS0_I21ScanfOptionControllerEEEOT_
FNDA:32,_ZNSt11_Tuple_implILm1EJSt14default_deleteI14BaseControllerEEEC2IS0_I21ScanfOptionControllerEEEOT_
FN:454,_ZNSt11_Tuple_implILm1EJSt14default_deleteI14BaseControllerEEEC2EOS3_
FNDA:480,_ZNSt11_Tuple_implILm1EJSt14default_deleteI14BaseControllerEEEC2EOS3_
FN:454,_ZNSt11_Tuple_implILm1EJSt14default_deleteIN5boost6system6detail12std_categoryEEEEC2EOS6_
FNDA:0,_ZNSt11_Tuple_implILm1EJSt14default_deleteIN5boost6system6detail12std_categoryEEEEC2EOS6_
FN:1049,_ZNSt5tupleIJP18MainMenuControllerSt14default_deleteIS0_EEEC2ILb1ELb1EEEv
FNDA:32,_ZNSt5tupleIJP18MainMenuControllerSt14default_deleteIS0_EEEC2ILb1ELb1EEEv
FN:1049,_ZNSt5tupleIJP22PlayingMediaControllerSt14default_deleteIS0_EEEC2ILb1ELb1EEEv
FNDA:62,_ZNSt5tupleIJP22PlayingMediaControllerSt14default_deleteIS0_EEEC2ILb1ELb1EEEv
FN:1049,_ZNSt5tupleIJP26DetailedPlaylistControllerSt14default_deleteIS0_EEEC2ILb1ELb1EEEv
FNDA:32,_ZNSt5tupleIJP26DetailedPlaylistControllerSt14default_deleteIS0_EEEC2ILb1ELb1EEEv
FN:1049,_ZNSt5tupleIJP19MediaFileControllerSt14default_deleteIS0_EEEC2ILb1ELb1EEEv
FNDA:32,_ZNSt5tupleIJP19MediaFileControllerSt14default_deleteIS0_EEEC2ILb1ELb1EEEv
FN:1049,_ZNSt5tupleIJP18MetadataControllerSt14default_deleteIS0_EEEC2ILb1ELb1EEEv
FNDA:32,_ZNSt5tupleIJP18MetadataControllerSt14default_deleteIS0_EEEC2ILb1ELb1EEEv
FN:1049,_ZNSt5tupleIJP18PlaylistControllerSt14default_deleteIS0_EEEC2ILb1ELb1EEEv
FNDA:32,_ZNSt5tupleIJP18PlaylistControllerSt14default_deleteIS0_EEEC2ILb1ELb1EEEv
FN:1049,_ZNSt5tupleIJP18HardwareControllerSt14default_deleteIS0_EEEC2ILb1ELb1EEEv
FNDA:32,_ZNSt5tupleIJP18HardwareControllerSt14default_deleteIS0_EEEC2ILb1ELb1EEEv
FN:1049,_ZNSt5tupleIJPN5boost6system6detail12std_categoryESt14default_deleteIS3_EEEC2ILb1ELb1EEEv
FNDA:0,_ZNSt5tupleIJPN5boost6system6detail12std_categoryESt14default_deleteIS3_EEEC2ILb1ELb1EEEv
FN:1049,_ZNSt5tupleIJP21ScanfOptionControllerSt14default_deleteIS0_EEEC2ILb1ELb1EEEv
FNDA:62,_ZNSt5tupleIJP21ScanfOptionControllerSt14default_deleteIS0_EEEC2ILb1ELb1EEEv
FN:1049,_ZNSt5tupleIJP14BaseControllerSt14default_deleteIS0_EEEC2ILb1ELb1EEEv
FNDA:0,_ZNSt5tupleIJP14BaseControllerSt14default_deleteIS0_EEEC2ILb1ELb1EEEv
FN:1077,_ZNSt5tupleIJP14BaseControllerSt14default_deleteIS0_EEEC2IRS1_S2_I18MetadataControllerELb1EEEOT_OT0_
FNDA:32,_ZNSt5tupleIJP14BaseControllerSt14default_deleteIS0_EEEC2IRS1_S2_I18MetadataControllerELb1EEEOT_OT0_
FN:1077,_ZNSt5tupleIJP14BaseControllerSt14default_deleteIS0_EEEC2IRS1_S2_I18HardwareControllerELb1EEEOT_OT0_
FNDA:32,_ZNSt5tupleIJP14BaseControllerSt14default_deleteIS0_EEEC2IRS1_S2_I18HardwareControllerELb1EEEOT_OT0_
FN:1077,_ZNSt5tupleIJP14BaseControllerSt14default_deleteIS0_EEEC2IRS1_S2_I26DetailedPlaylistControllerELb1EEEOT_OT0_
FNDA:32,_ZNSt5tupleIJP14BaseControllerSt14default_deleteIS0_EEEC2IRS1_S2_I26DetailedPlaylistControllerELb1EEEOT_OT0_
FN:1077,_ZNSt5tupleIJP14BaseControllerSt14default_deleteIS0_EEEC2IRS1_S2_I22PlayingMediaControllerELb1EEEOT_OT0_
FNDA:32,_ZNSt5tupleIJP14BaseControllerSt14default_deleteIS0_EEEC2IRS1_S2_I22PlayingMediaControllerELb1EEEOT_OT0_
FN:1077,_ZNSt5tupleIJP14BaseControllerSt14default_deleteIS0_EEEC2IRS1_S2_I19MediaFileControllerELb1EEEOT_OT0_
FNDA:32,_ZNSt5tupleIJP14BaseControllerSt14default_deleteIS0_EEEC2IRS1_S2_I19MediaFileControllerELb1EEEOT_OT0_
FN:1077,_ZNSt5tupleIJP14BaseControllerSt14default_deleteIS0_EEEC2IRS1_S2_I18PlaylistControllerELb1EEEOT_OT0_
FNDA:32,_ZNSt5tupleIJP14BaseControllerSt14default_deleteIS0_EEEC2IRS1_S2_I18PlaylistControllerELb1EEEOT_OT0_
FN:1077,_ZNSt5tupleIJP14BaseControllerSt14default_deleteIS0_EEEC2IRS1_S2_I21ScanfOptionControllerELb1EEEOT_OT0_
FNDA:32,_ZNSt5tupleIJP14BaseControllerSt14default_deleteIS0_EEEC2IRS1_S2_I21ScanfOptionControllerELb1EEEOT_OT0_
FN:1077,_ZNSt5tupleIJP14BaseControllerSt14default_deleteIS0_EEEC2IRS1_S2_I18MainMenuControllerELb1EEEOT_OT0_
FNDA:32,_ZNSt5tupleIJP14BaseControllerSt14default_deleteIS0_EEEC2IRS1_S2_I18MainMenuControllerELb1EEEOT_OT0_
FN:1090,_ZNSt5tupleIJP14BaseControllerSt14default_deleteIS0_EEEC2EOS4_
FNDA:480,_ZNSt5tupleIJP14BaseControllerSt14default_deleteIS0_EEEC2EOS4_
FN:1090,_ZNSt5tupleIJPN5boost6system6detail12std_categoryESt14default_deleteIS3_EEEC2EOS7_
FNDA:0,_ZNSt5tupleIJPN5boost6system6detail12std_categoryESt14default_deleteIS3_EEEC2EOS7_
FN:1377,_ZSt12__get_helperILm1ESt14default_deleteIN5boost6system6detail12std_categoryEEJEERT0_RSt11_Tuple_implIXT_EJS6_DpT1_EE
FNDA:0,_ZSt12__get_helperILm1ESt14default_deleteIN5boost6system6detail12std_categoryEEJEERT0_RSt11_Tuple_implIXT_EJS6_DpT1_EE
FN:1377,_ZSt12__get_helperILm0EP18MainMenuControllerJSt14default_deleteIS0_EEERT0_RSt11_Tuple_implIXT_EJS4_DpT1_EE
FNDA:128,_ZSt12__get_helperILm0EP18MainMenuControllerJSt14default_deleteIS0_EEERT0_RSt11_Tuple_implIXT_EJS4_DpT1_EE
FN:1377,_ZSt12__get_helperILm1ESt14default_deleteI18MetadataControllerEJEERT0_RSt11_Tuple_implIXT_EJS3_DpT1_EE
FNDA:32,_ZSt12__get_helperILm1ESt14default_deleteI18MetadataControllerEJEERT0_RSt11_Tuple_implIXT_EJS3_DpT1_EE
FN:1377,_ZSt12__get_helperILm0EPN5boost6system6detail12std_categoryEJSt14default_deleteIS3_EEERT0_RSt11_Tuple_implIXT_EJS7_DpT1_EE
FNDA:0,_ZSt12__get_helperILm0EPN5boost6system6detail12std_categoryEJSt14default_deleteIS3_EEERT0_RSt11_Tuple_implIXT_EJS7_DpT1_EE
FN:1377,_ZSt12__get_helperILm1ENSt10filesystem7__cxx114path5_List13_Impl_deleterEJEERT0_RSt11_Tuple_implIXT_EJS5_DpT1_EE
FNDA:287,_ZSt12__get_helperILm1ENSt10filesystem7__cxx114path5_List13_Impl_deleterEJEERT0_RSt11_Tuple_implIXT_EJS5_DpT1_EE
FN:1377,_ZSt12__get_helperILm0EPNSt10filesystem7__cxx114path5_List5_ImplEJNS3_13_Impl_deleterEEERT0_RSt11_Tuple_implIXT_EJS7_DpT1_EE
FNDA:287,_ZSt12__get_helperILm0EPNSt10filesystem7__cxx114path5_List5_ImplEJNS3_13_Impl_deleterEEERT0_RSt11_Tuple_implIXT_EJS7_DpT1_EE
FN:1377,_ZSt12__get_helperILm1ESt14default_deleteI18HardwareControllerEJEERT0_RSt11_Tuple_implIXT_EJS3_DpT1_EE
FNDA:32,_ZSt12__get_helperILm1ESt14default_deleteI18HardwareControllerEJEERT0_RSt11_Tuple_implIXT_EJS3_DpT1_EE
FN:1377,_ZSt12__get_helperILm1ESt14default_deleteI26DetailedPlaylistControllerEJEERT0_RSt11_Tuple_implIXT_EJS3_DpT1_EE
FNDA:32,_ZSt12__get_helperILm1ESt14default_deleteI26DetailedPlaylistControllerEJEERT0_RSt11_Tuple_implIXT_EJS3_DpT1_EE
FN:1377,_ZSt12__get_helperILm1ESt14default_deleteI22PlayingMediaControllerEJEERT0_RSt11_Tuple_implIXT_EJS3_DpT1_EE
FNDA:77,_ZSt12__get_helperILm1ESt14default_deleteI22PlayingMediaControllerEJEERT0_RSt11_Tuple_implIXT_EJS3_DpT1_EE
FN:1377,_ZSt12__get_helperILm0EP14BaseControllerJSt14default_deleteIS0_EEERT0_RSt11_Tuple_implIXT_EJS4_DpT1_EE
FNDA:1200,_ZSt12__get_helperILm0EP14BaseControllerJSt14default_deleteIS0_EEERT0_RSt11_Tuple_implIXT_EJS4_DpT1_EE
FN:1377,_ZSt12__get_helperILm1ESt14default_deleteI18MainMenuControllerEJEERT0_RSt11_Tuple_implIXT_EJS3_DpT1_EE
FNDA:32,_ZSt12__get_helperILm1ESt14default_deleteI18MainMenuControllerEJEERT0_RSt11_Tuple_implIXT_EJS3_DpT1_EE
FN:1377,_ZSt12__get_helperILm0EP21ScanfOptionControllerJSt14default_deleteIS0_EEERT0_RSt11_Tuple_implIXT_EJS4_DpT1_EE
FNDA:233,_ZSt12__get_helperILm0EP21ScanfOptionControllerJSt14default_deleteIS0_EEERT0_RSt11_Tuple_implIXT_EJS4_DpT1_EE
FN:1377,_ZSt12__get_helperILm1ESt14default_deleteI14BaseControllerEJEERT0_RSt11_Tuple_implIXT_EJS3_DpT1_EE
FNDA:240,_ZSt12__get_helperILm1ESt14default_deleteI14BaseControllerEJEERT0_RSt11_Tuple_implIXT_EJS3_DpT1_EE
FN:1377,_ZSt12__get_helperILm0EP18HardwareControllerJSt14default_deleteIS0_EEERT0_RSt11_Tuple_implIXT_EJS4_DpT1_EE
FNDA:128,_ZSt12__get_helperILm0EP18HardwareControllerJSt14default_deleteIS0_EEERT0_RSt11_Tuple_implIXT_EJS4_DpT1_EE
FN:1377,_ZSt12__get_helperILm0EP18PlaylistControllerJSt14default_deleteIS0_EEERT0_RSt11_Tuple_implIXT_EJS4_DpT1_EE
FNDA:128,_ZSt12__get_helperILm0EP18PlaylistControllerJSt14default_deleteIS0_EEERT0_RSt11_Tuple_implIXT_EJS4_DpT1_EE
FN:1377,_ZSt12__get_helperILm1ESt14default_deleteI21ScanfOptionControllerEJEERT0_RSt11_Tuple_implIXT_EJS3_DpT1_EE
FNDA:77,_ZSt12__get_helperILm1ESt14default_deleteI21ScanfOptionControllerEJEERT0_RSt11_Tuple_implIXT_EJS3_DpT1_EE
FN:1377,_ZSt12__get_helperILm1ESt14default_deleteI19MediaFileControllerEJEERT0_RSt11_Tuple_implIXT_EJS3_DpT1_EE
FNDA:32,_ZSt12__get_helperILm1ESt14default_deleteI19MediaFileControllerEJEERT0_RSt11_Tuple_implIXT_EJS3_DpT1_EE
FN:1377,_ZSt12__get_helperILm0EP18MetadataControllerJSt14default_deleteIS0_EEERT0_RSt11_Tuple_implIXT_EJS4_DpT1_EE
FNDA:128,_ZSt12__get_helperILm0EP18MetadataControllerJSt14default_deleteIS0_EEERT0_RSt11_Tuple_implIXT_EJS4_DpT1_EE
FN:1377,_ZSt12__get_helperILm0EP19MediaFileControllerJSt14default_deleteIS0_EEERT0_RSt11_Tuple_implIXT_EJS4_DpT1_EE
FNDA:128,_ZSt12__get_helperILm0EP19MediaFileControllerJSt14default_deleteIS0_EEERT0_RSt11_Tuple_implIXT_EJS4_DpT1_EE
FN:1377,_ZSt12__get_helperILm0EP26DetailedPlaylistControllerJSt14default_deleteIS0_EEERT0_RSt11_Tuple_implIXT_EJS4_DpT1_EE
FNDA:128,_ZSt12__get_helperILm0EP26DetailedPlaylistControllerJSt14default_deleteIS0_EEERT0_RSt11_Tuple_implIXT_EJS4_DpT1_EE
FN:1377,_ZSt12__get_helperILm0EP22PlayingMediaControllerJSt14default_deleteIS0_EEERT0_RSt11_Tuple_implIXT_EJS4_DpT1_EE
FNDA:233,_ZSt12__get_helperILm0EP22PlayingMediaControllerJSt14default_deleteIS0_EEERT0_RSt11_Tuple_implIXT_EJS4_DpT1_EE
FN:1377,_ZSt12__get_helperILm1ESt14default_deleteI18PlaylistControllerEJEERT0_RSt11_Tuple_implIXT_EJS3_DpT1_EE
FNDA:32,_ZSt12__get_helperILm1ESt14default_deleteI18PlaylistControllerEJEERT0_RSt11_Tuple_implIXT_EJS3_DpT1_EE
FN:1382,_ZSt12__get_helperILm0EPN5boost6system6detail12std_categoryEJSt14default_deleteIS3_EEERKT0_RKSt11_Tuple_implIXT_EJS7_DpT1_EE
FNDA:0,_ZSt12__get_helperILm0EPN5boost6system6detail12std_categoryEJSt14default_deleteIS3_EEERKT0_RKSt11_Tuple_implIXT_EJS7_DpT1_EE
FN:1382,_ZSt12__get_helperILm0EP14BaseControllerJSt14default_deleteIS0_EEERKT0_RKSt11_Tuple_implIXT_EJS4_DpT1_EE
FNDA:16,_ZSt12__get_helperILm0EP14BaseControllerJSt14default_deleteIS0_EEERKT0_RKSt11_Tuple_implIXT_EJS4_DpT1_EE
FN:1393,_ZSt3getILm0EJP14BaseControllerSt14default_deleteIS0_EEERNSt13tuple_elementIXT_ESt5tupleIJDpT0_EEE4typeERS8_
FNDA:1200,_ZSt3getILm0EJP14BaseControllerSt14default_deleteIS0_EEERNSt13tuple_elementIXT_ESt5tupleIJDpT0_EEE4typeERS8_
FN:1393,_ZSt3getILm1EJP18MainMenuControllerSt14default_deleteIS0_EEERNSt13tuple_elementIXT_ESt5tupleIJDpT0_EEE4typeERS8_
FNDA:32,_ZSt3getILm1EJP18MainMenuControllerSt14default_deleteIS0_EEERNSt13tuple_elementIXT_ESt5tupleIJDpT0_EEE4typeERS8_
FN:1393,_ZSt3getILm1EJP14BaseControllerSt14default_deleteIS0_EEERNSt13tuple_elementIXT_ESt5tupleIJDpT0_EEE4typeERS8_
FNDA:240,_ZSt3getILm1EJP14BaseControllerSt14default_deleteIS0_EEERNSt13tuple_elementIXT_ESt5tupleIJDpT0_EEE4typeERS8_
FN:1393,_ZSt3getILm1EJPN5boost6system6detail12std_categoryESt14default_deleteIS3_EEERNSt13tuple_elementIXT_ESt5tupleIJDpT0_EEE4typeERSB_
FNDA:0,_ZSt3getILm1EJPN5boost6system6detail12std_categoryESt14default_deleteIS3_EEERNSt13tuple_elementIXT_ESt5tupleIJDpT0_EEE4typeERSB_
FN:1393,_ZSt3getILm0EJPNSt10filesystem7__cxx114path5_List5_ImplENS3_13_Impl_deleterEEERNSt13tuple_elementIXT_ESt5tupleIJDpT0_EEE4typeERSB_
FNDA:287,_ZSt3getILm0EJPNSt10filesystem7__cxx114path5_List5_ImplENS3_13_Impl_deleterEEERNSt13tuple_elementIXT_ESt5tupleIJDpT0_EEE4typeERSB_
FN:1393,_ZSt3getILm1EJPNSt10filesystem7__cxx114path5_List5_ImplENS3_13_Impl_deleterEEERNSt13tuple_elementIXT_ESt5tupleIJDpT0_EEE4typeERSB_
FNDA:287,_ZSt3getILm1EJPNSt10filesystem7__cxx114path5_List5_ImplENS3_13_Impl_deleterEEERNSt13tuple_elementIXT_ESt5tupleIJDpT0_EEE4typeERSB_
FN:1393,_ZSt3getILm1EJP18HardwareControllerSt14default_deleteIS0_EEERNSt13tuple_elementIXT_ESt5tupleIJDpT0_EEE4typeERS8_
FNDA:32,_ZSt3getILm1EJP18HardwareControllerSt14default_deleteIS0_EEERNSt13tuple_elementIXT_ESt5tupleIJDpT0_EEE4typeERS8_
FN:1393,_ZSt3getILm0EJPN5boost6system6detail12std_categoryESt14default_deleteIS3_EEERNSt13tuple_elementIXT_ESt5tupleIJDpT0_EEE4typeERSB_
FNDA:0,_ZSt3getILm0EJPN5boost6system6detail12std_categoryESt14default_deleteIS3_EEERNSt13tuple_elementIXT_ESt5tupleIJDpT0_EEE4typeERSB_
FN:1393,_ZSt3getILm1EJP21ScanfOptionControllerSt14default_deleteIS0_EEERNSt13tuple_elementIXT_ESt5tupleIJDpT0_EEE4typeERS8_
FNDA:77,_ZSt3getILm1EJP21ScanfOptionControllerSt14default_deleteIS0_EEERNSt13tuple_elementIXT_ESt5tupleIJDpT0_EEE4typeERS8_
FN:1393,_ZSt3getILm0EJP18MainMenuControllerSt14default_deleteIS0_EEERNSt13tuple_elementIXT_ESt5tupleIJDpT0_EEE4typeERS8_
FNDA:128,_ZSt3getILm0EJP18MainMenuControllerSt14default_deleteIS0_EEERNSt13tuple_elementIXT_ESt5tupleIJDpT0_EEE4typeERS8_
FN:1393,_ZSt3getILm1EJP18PlaylistControllerSt14default_deleteIS0_EEERNSt13tuple_elementIXT_ESt5tupleIJDpT0_EEE4typeERS8_
FNDA:32,_ZSt3getILm1EJP18PlaylistControllerSt14default_deleteIS0_EEERNSt13tuple_elementIXT_ESt5tupleIJDpT0_EEE4typeERS8_
FN:1393,_ZSt3getILm1EJP22PlayingMediaControllerSt14default_deleteIS0_EEERNSt13tuple_elementIXT_ESt5tupleIJDpT0_EEE4typeERS8_
FNDA:77,_ZSt3getILm1EJP22PlayingMediaControllerSt14default_deleteIS0_EEERNSt13tuple_elementIXT_ESt5tupleIJDpT0_EEE4typeERS8_
FN:1393,_ZSt3getILm0EJP21ScanfOptionControllerSt14default_deleteIS0_EEERNSt13tuple_elementIXT_ESt5tupleIJDpT0_EEE4typeERS8_
FNDA:233,_ZSt3getILm0EJP21ScanfOptionControllerSt14default_deleteIS0_EEERNSt13tuple_elementIXT_ESt5tupleIJDpT0_EEE4typeERS8_
FN:1393,_ZSt3getILm1EJP18MetadataControllerSt14default_deleteIS0_EEERNSt13tuple_elementIXT_ESt5tupleIJDpT0_EEE4typeERS8_
FNDA:32,_ZSt3getILm1EJP18MetadataControllerSt14default_deleteIS0_EEERNSt13tuple_elementIXT_ESt5tupleIJDpT0_EEE4typeERS8_
FN:1393,_ZSt3getILm0EJP18PlaylistControllerSt14default_deleteIS0_EEERNSt13tuple_elementIXT_ESt5tupleIJDpT0_EEE4typeERS8_
FNDA:128,_ZSt3getILm0EJP18PlaylistControllerSt14default_deleteIS0_EEERNSt13tuple_elementIXT_ESt5tupleIJDpT0_EEE4typeERS8_
FN:1393,_ZSt3getILm0EJP19MediaFileControllerSt14default_deleteIS0_EEERNSt13tuple_elementIXT_ESt5tupleIJDpT0_EEE4typeERS8_
FNDA:128,_ZSt3getILm0EJP19MediaFileControllerSt14default_deleteIS0_EEERNSt13tuple_elementIXT_ESt5tupleIJDpT0_EEE4typeERS8_
FN:1393,_ZSt3getILm1EJP26DetailedPlaylistControllerSt14default_deleteIS0_EEERNSt13tuple_elementIXT_ESt5tupleIJDpT0_EEE4typeERS8_
FNDA:32,_ZSt3getILm1EJP26DetailedPlaylistControllerSt14default_deleteIS0_EEERNSt13tuple_elementIXT_ESt5tupleIJDpT0_EEE4typeERS8_
FN:1393,_ZSt3getILm0EJP22PlayingMediaControllerSt14default_deleteIS0_EEERNSt13tuple_elementIXT_ESt5tupleIJDpT0_EEE4typeERS8_
FNDA:233,_ZSt3getILm0EJP22PlayingMediaControllerSt14default_deleteIS0_EEERNSt13tuple_elementIXT_ESt5tupleIJDpT0_EEE4typeERS8_
FN:1393,_ZSt3getILm1EJP19MediaFileControllerSt14default_deleteIS0_EEERNSt13tuple_elementIXT_ESt5tupleIJDpT0_EEE4typeERS8_
FNDA:32,_ZSt3getILm1EJP19MediaFileControllerSt14default_deleteIS0_EEERNSt13tuple_elementIXT_ESt5tupleIJDpT0_EEE4typeERS8_
FN:1393,_ZSt3getILm0EJP26DetailedPlaylistControllerSt14default_deleteIS0_EEERNSt13tuple_elementIXT_ESt5tupleIJDpT0_EEE4typeERS8_
FNDA:128,_ZSt3getILm0EJP26DetailedPlaylistControllerSt14default_deleteIS0_EEERNSt13tuple_elementIXT_ESt5tupleIJDpT0_EEE4typeERS8_
FN:1393,_ZSt3getILm0EJP18HardwareControllerSt14default_deleteIS0_EEERNSt13tuple_elementIXT_ESt5tupleIJDpT0_EEE4typeERS8_
FNDA:128,_ZSt3getILm0EJP18HardwareControllerSt14default_deleteIS0_EEERNSt13tuple_elementIXT_ESt5tupleIJDpT0_EEE4typeERS8_
FN:1393,_ZSt3getILm0EJP18MetadataControllerSt14default_deleteIS0_EEERNSt13tuple_elementIXT_ESt5tupleIJDpT0_EEE4typeERS8_
FNDA:128,_ZSt3getILm0EJP18MetadataControllerSt14default_deleteIS0_EEERNSt13tuple_elementIXT_ESt5tupleIJDpT0_EEE4typeERS8_
FN:1399,_ZSt3getILm0EJP14BaseControllerSt14default_deleteIS0_EEERKNSt13tuple_elementIXT_ESt5tupleIJDpT0_EEE4typeERKS8_
FNDA:16,_ZSt3getILm0EJP14BaseControllerSt14default_deleteIS0_EEERKNSt13tuple_elementIXT_ESt5tupleIJDpT0_EEE4typeERKS8_
FN:1399,_ZSt3getILm0EJPN5boost6system6detail12std_categoryESt14default_deleteIS3_EEERKNSt13tuple_elementIXT_ESt5tupleIJDpT0_EEE4typeERKSB_
FNDA:0,_ZSt3getILm0EJPN5boost6system6detail12std_categoryESt14default_deleteIS3_EEERKNSt13tuple_elementIXT_ESt5tupleIJDpT0_EEE4typeERKSB_
DA:80,32
DA:81,32
DA:80,32
DA:81,32
DA:80,32
DA:81,32
DA:80,62
DA:81,62
DA:80,32
DA:81,32
DA:80,32
DA:81,32
DA:80,62
DA:81,62
DA:80,32
DA:81,32
DA:80,0
DA:81,0
DA:80,0
DA:81,0
DA:90,32
DA:91,32
DA:90,32
DA:91,32
DA:90,32
DA:91,32
DA:90,32
DA:91,32
DA:90,32
DA:91,32
DA:90,32
DA:91,32
DA:90,32
DA:91,32
DA:90,32
DA:91,32
DA:124,32
DA:124,32
DA:124,32
DA:124,77
DA:124,32
DA:124,32
DA:124,77
DA:124,240
DA:124,32
DA:124,0
DA:124,287
DA:189,32
DA:190,32
DA:189,32
DA:190,32
DA:189,32
DA:190,32
DA:189,62
DA:190,62
DA:189,32
DA:190,32
DA:189,32
DA:190,32
DA:189,62
DA:190,62
DA:189,32
DA:190,32
DA:189,0
DA:190,0
DA:189,0
DA:190,0
DA:199,256
DA:200,256
DA:233,128
DA:233,128
DA:233,128
DA:233,233
DA:233,128
DA:233,128
DA:233,233
DA:233,1200
DA:233,128
DA:233,0
DA:233,287
DA:236,0
DA:236,16
DA:268,128
DA:268,128
DA:268,128
DA:268,233
DA:268,128
DA:268,128
DA:268,233
DA:268,1200
DA:268,128
DA:268,0
DA:268,287
DA:271,0
DA:271,16
DA:279,32
DA:280,32
DA:279,32
DA:280,32
DA:279,32
DA:280,32
DA:279,62
DA:280,62
DA:279,32
DA:280,32
DA:279,32
DA:280,32
DA:279,62
DA:280,62
DA:279,32
DA:280,32
DA:279,0
DA:280,0
DA:279,0
DA:280,0
DA:290,32
DA:292,32
DA:293,32
DA:290,32
DA:292,32
DA:293,32
DA:290,32
DA:292,32
DA:293,32
DA:290,32
DA:292,32
DA:293,32
DA:290,32
DA:292,32
DA:293,32
DA:290,32
DA:292,32
DA:293,32
DA:290,32
DA:292,32
DA:293,32
DA:290,32
DA:292,32
DA:293,32
DA:301,480
DA:301,0
DA:424,32
DA:424,32
DA:424,32
DA:424,77
DA:424,32
DA:424,32
DA:424,77
DA:424,240
DA:424,32
DA:424,0
DA:424,287
DA:430,32
DA:431,32
DA:430,32
DA:431,32
DA:430,32
DA:431,32
DA:430,62
DA:431,62
DA:430,32
DA:431,32
DA:430,32
DA:431,32
DA:430,62
DA:431,62
DA:430,32
DA:431,32
DA:430,0
DA:431,0
DA:430,0
DA:431,0
DA:440,32
DA:441,32
DA:442,32
DA:440,32
DA:441,32
DA:442,32
DA:440,32
DA:441,32
DA:442,32
DA:440,32
DA:441,32
DA:442,32
DA:440,32
DA:441,32
DA:442,32
DA:440,32
DA:441,32
DA:442,32
DA:440,32
DA:441,32
DA:442,32
DA:440,32
DA:441,32
DA:442,32
DA:454,480
DA:457,480
DA:454,0
DA:457,0
DA:1049,32
DA:1051,32
DA:1049,32
DA:1051,32
DA:1049,32
DA:1051,32
DA:1049,62
DA:1051,62
DA:1049,32
DA:1051,32
DA:1049,32
DA:1051,32
DA:1049,62
DA:1051,62
DA:1049,32
DA:1051,32
DA:1049,0
DA:1051,0
DA:1049,0
DA:1051,0
DA:1077,32
DA:1079,32
DA:1077,32
DA:1079,32
DA:1077,32
DA:1079,32
DA:1077,32
DA:1079,32
DA:1077,32
DA:1079,32
DA:1077,32
DA:1079,32
DA:1077,32
DA:1079,32
DA:1077,32
DA:1079,32
DA:1090,480
DA:1090,0
DA:1377,128
DA:1378,128
DA:1377,287
DA:1378,287
DA:1377,287
DA:1378,287
DA:1377,0
DA:1378,0
DA:1377,128
DA:1378,128
DA:1377,1200
DA:1378,1200
DA:1377,233
DA:1378,233
DA:1377,128
DA:1378,128
DA:1377,128
DA:1378,128
DA:1377,233
DA:1378,233
DA:1377,128
DA:1378,128
DA:1377,32
DA:1378,32
DA:1377,128
DA:1378,128
DA:1377,0
DA:1378,0
DA:1377,32
DA:1378,32
DA:1377,240
DA:1378,240
DA:1377,77
DA:1378,77
DA:1377,32
DA:1378,32
DA:1377,32
DA:1378,32
DA:1377,77
DA:1378,77
DA:1377,32
DA:1378,32
DA:1377,32
DA:1378,32
DA:1382,0
DA:1383,0
DA:1382,16
DA:1383,16
DA:1393,128
DA:1394,128
DA:1393,287
DA:1394,287
DA:1393,287
DA:1394,287
DA:1393,0
DA:1394,0
DA:1393,128
DA:1394,128
DA:1393,1200
DA:1394,1200
DA:1393,233
DA:1394,233
DA:1393,128
DA:1394,128
DA:1393,128
DA:1394,128
DA:1393,233
DA:1394,233
DA:1393,128
DA:1394,128
DA:1393,32
DA:1394,32
DA:1393,128
DA:1394,128
DA:1393,0
DA:1394,0
DA:1393,32
DA:1394,32
DA:1393,240
DA:1394,240
DA:1393,77
DA:1394,77
DA:1393,32
DA:1394,32
DA:1393,32
DA:1394,32
DA:1393,77
DA:1394,77
DA:1393,32
DA:1394,32
DA:1393,32
DA:1394,32
DA:1399,0
DA:1400,0
DA:1399,16
DA:1400,16
end_of_record
SF:/usr/include/boost/system/system_error.hpp
FN:47,_ZN5boost6system12system_errorD0Ev
FNDA:0,_ZN5boost6system12system_errorD0Ev
FN:47,_ZN5boost6system12system_errorD2Ev
FNDA:0,_ZN5boost6system12system_errorD2Ev
FN:59,_ZNK5boost6system12system_error4whatEv
FNDA:0,_ZNK5boost6system12system_error4whatEv
DA:47,0
DA:47,0
DA:59,0
DA:62,0
DA:68,0
DA:69,0
DA:70,0
DA:73,0
DA:76,0
end_of_record
SF:/usr/include/c++/11/bits/move.h
FN:49,_ZSt11__addressofISt10unique_ptrI14BaseControllerSt14default_deleteIS1_EEEPT_RS5_
FNDA:912,_ZSt11__addressofISt10unique_ptrI14BaseControllerSt14default_deleteIS1_EEEPT_RS5_
FN:49,_ZSt11__addressofIcEPT_RS0_
FNDA:9910,_ZSt11__addressofIcEPT_RS0_
FN:49,_ZSt11__addressofIKcEPT_RS1_
FNDA:21586,_ZSt11__addressofIKcEPT_RS1_
FN:77,_ZSt7forwardISt14default_deleteI22PlayingMediaControllerEEOT_RNSt16remove_referenceIS3_E4typeE
FNDA:207,_ZSt7forwardISt14default_deleteI22PlayingMediaControllerEEOT_RNSt16remove_referenceIS3_E4typeE
FN:77,_ZSt7forwardIiEOT_RNSt16remove_referenceIS0_E4typeE
FNDA:167,_ZSt7forwardIiEOT_RNSt16remove_referenceIS0_E4typeE
FN:77,_ZSt7forwardIbEOT_RNSt16remove_referenceIS0_E4typeE
[...]
DA:80,0
DA:81,0
DA:124,0
DA:124,0
DA:189,0
DA:190,0
DA:233,0
DA:233,0
DA:236,0
DA:236,168
DA:268,0
DA:268,0
DA:271,0
DA:271,168
DA:279,0
DA:280,0
DA:301,0
DA:424,0
DA:424,0
DA:430,0
DA:431,0
DA:454,0
DA:457,0
DA:1049,0
DA:1051,0
DA:1090,0
DA:1377,0
DA:1378,0
DA:1377,0
DA:1378,0
DA:1377,0
DA:1378,0
DA:1377,0
DA:1378,0
DA:1382,0
DA:1383,0
DA:1382,168
DA:1383,168
DA:1393,0
DA:1394,0
DA:1393,0
DA:1394,0
DA:1393,0
DA:1394,0
DA:1393,0
DA:1394,0
DA:1399,0
DA:1400,0
DA:1399,168
DA:1400,168
end_of_record
SF:/usr/include/c++/11/type_traits
FN:3419,_ZSt21is_constant_evaluatedv
FNDA:0,_ZSt21is_constant_evaluatedv
DA:3419,0
DA:3420,0
end_of_record
SF:/usr/include/c++/11/bits/stl_tree.h
FN:146,_ZNSt20_Rb_tree_key_compareISt4lessINSt7__cxx1112basic_stringIcSt11char_traitsIcESaIcEEEEEC2Ev
FNDA:55,_ZNSt20_Rb_tree_key_compareISt4lessINSt7__cxx1112basic_stringIcSt11char_traitsIcESaIcEEEEEC2Ev
FN:146,_ZNSt20_Rb_tree_key_compareIN5boost6system6detail12cat_ptr_lessEEC2Ev
FNDA:0,_ZNSt20_Rb_tree_key_compareIN5boost6system6detail12cat_ptr_lessEEC2Ev
FN:173,_ZNSt15_Rb_tree_headerC2Ev
FNDA:0,_ZNSt15_Rb_tree_headerC2Ev
FN:206,_ZNSt15_Rb_tree_header8_M_resetEv
FNDA:0,_ZNSt15_Rb_tree_header8_M_resetEv
FN:234,_ZNSt13_Rb_tree_nodeISt4pairIKNSt7__cxx1112basic_stringIcSt11char_traitsIcESaIcEEES6_EE9_M_valptrEv
FNDA:1304,_ZNSt13_Rb_tree_nodeISt4pairIKNSt7__cxx1112basic_stringIcSt11char_traitsIcESaIcEEES6_EE9_M_valptrEv
FN:234,_ZNSt13_Rb_tree_nodeISt4pairIKPKN5boost6system14error_categoryESt10unique_ptrINS2_6detail12std_categoryESt14default_deleteIS9_EEEE9_M_valptrEv
FNDA:0,_ZNSt13_Rb_tree_nodeISt4pairIKPKN5boost6system14error_categoryESt10unique_ptrINS2_6detail12std_categoryESt14default_deleteIS9_EEEE9_M_valptrEv
FN:238,_ZNKSt13_Rb_tree_nodeISt4pairIKPKN5boost6system14error_categoryESt10unique_ptrINS2_6detail12std_categoryESt14default_deleteIS9_EEEE9_M_valptrEv
FNDA:0,_ZNKSt13_Rb_tree_nodeISt4pairIKPKN5boost6system14error_categoryESt10unique_ptrINS2_6detail12std_categoryESt14default_deleteIS9_EEEE9_M_valptrEv
FN:273,_ZNSt17_Rb_tree_iteratorISt4pairIKPKN5boost6system14error_categoryESt10unique_ptrINS2_6detail12std_categoryESt14default_deleteIS9_EEEEC2EPSt18_Rb_tree_node_base
FNDA:0,_ZNSt17_Rb_tree_iteratorISt4pairIKPKN5boost6system14error_categoryESt10unique_ptrINS2_6detail12std_categoryESt14default_deleteIS9_EEEEC2EPSt18_Rb_tree_node_base
FN:281,_ZNKSt17_Rb_tree_iteratorISt4pairIKPKN5boost6system14error_categoryESt10unique_ptrINS2_6detail12std_categoryESt14default_deleteIS9_EEEEptEv
FNDA:0,_ZNKSt17_Rb_tree_iteratorISt4pairIKPKN5boost6system14error_categoryESt10unique_ptrINS2_6detail12std_categoryESt14default_deleteIS9_EEEEptEv
FN:300,_ZNSt17_Rb_tree_iteratorISt4pairIKPKN5boost6system14error_categoryESt10unique_ptrINS2_6detail12std_categoryESt14default_deleteIS9_EEEEmmEv
FNDA:0,_ZNSt17_Rb_tree_iteratorISt4pairIKPKN5boost6system14error_categoryESt10unique_ptrINS2_6detail12std_categoryESt14default_deleteIS9_EEEEmmEv
FN:315,_ZSteqRKSt17_Rb_tree_iteratorISt4pairIKPKN5boost6system14error_categoryESt10unique_ptrINS2_6detail12std_categoryESt14default_deleteIS9_EEEESG_
FNDA:0,_ZSteqRKSt17_Rb_tree_iteratorISt4pairIKPKN5boost6system14error_categoryESt10unique_ptrINS2_6detail12std_categoryESt14default_deleteIS9_EEEESG_
FN:523,_ZNSt8_Rb_treeIPKN5boost6system14error_categoryESt4pairIKS4_St10unique_ptrINS1_6detail12std_categoryESt14default_deleteIS9_EEESt10_Select1stISD_ENS8_12cat_ptr_lessESaISD_EE11_Alloc_nodeC2ERSI_
FNDA:0,_ZNSt8_Rb_treeIPKN5boost6system14error_categoryESt4pairIKS4_St10unique_ptrINS1_6detail12std_categoryESt14default_deleteIS9_EEESt10_Select1stISD_ENS8_12cat_ptr_lessESaISD_EE11_Alloc_nodeC2ERSI_
FN:528,_ZNKSt8_Rb_treeIPKN5boost6system14error_categoryESt4pairIKS4_St10unique_ptrINS1_6detail12std_categoryESt14default_deleteIS9_EEESt10_Select1stISD_ENS8_12cat_ptr_lessESaISD_EE11_Alloc_nodeclISD_EEPSt13_Rb_tree_nodeISD_EOT_
FNDA:0,_ZNKSt8_Rb_treeIPKN5boost6system14error_categoryESt4pairIKS4_St10unique_ptrINS1_6detail12std_categoryESt14default_deleteIS9_EEESt10_Select1stISD_ENS8_12cat_ptr_lessESaISD_EE11_Alloc_nodeclISD_EEPSt13_Rb_tree_nodeISD_EOT_
FN:547,_ZNSt8_Rb_treeIPKN5boost6system14error_categoryESt4pairIKS4_St10unique_ptrINS1_6detail12std_categoryESt14default_deleteIS9_EEESt10_Select1stISD_ENS8_12cat_ptr_lessESaISD_EE21_M_get_Node_allocatorEv
FNDA:0,_ZNSt8_Rb_treeIPKN5boost6system14error_categoryESt4pairIKS4_St10unique_ptrINS1_6detail12std_categoryESt14default_deleteIS9_EEESt10_Select1stISD_ENS8_12cat_ptr_lessESaISD_EE21_M_get_Node_allocatorEv
FN:547,_ZNSt8_Rb_treeINSt7__cxx1112basic_stringIcSt11char_traitsIcESaIcEEESt4pairIKS5_S5_ESt10_Select1stIS8_ESt4lessIS5_ESaIS8_EE21_M_get_Node_allocatorEv
FNDA:1652,_ZNSt8_Rb_treeINSt7__cxx1112basic_stringIcSt11char_traitsIcESaIcEEESt4pairIKS5_S5_ESt10_Select1stIS8_ESt4lessIS5_ESaIS8_EE21_M_get_Node_allocatorEv
FN:560,_ZNSt8_Rb_treeIPKN5boost6system14error_categoryESt4pairIKS4_St10unique_ptrINS1_6detail12std_categoryESt14default_deleteIS9_EEESt10_Select1stISD_ENS8_12cat_ptr_lessESaISD_EE11_M_get_nodeEv
FNDA:0,_ZNSt8_Rb_treeIPKN5boost6system14error_categoryESt4pairIKS4_St10unique_ptrINS1_6detail12std_categoryESt14default_deleteIS9_EEESt10_Select1stISD_ENS8_12cat_ptr_lessESaISD_EE11_M_get_nodeEv
FN:564,_ZNSt8_Rb_treeIPKN5boost6system14error_categoryESt4pairIKS4_St10unique_ptrINS1_6detail12std_categoryESt14default_deleteIS9_EEESt10_Select1stISD_ENS8_12cat_ptr_lessESaISD_EE11_M_put_nodeEPSt13_Rb_tree_nodeISD_E
FNDA:0,_ZNSt8_Rb_treeIPKN5boost6system14error_categoryESt4pairIKS4_St10unique_ptrINS1_6detail12std_categoryESt14default_deleteIS9_EEESt10_Select1stISD_ENS8_12cat_ptr_lessESaISD_EE11_M_put_nodeEPSt13_Rb_tree_nodeISD_E
FN:564,_ZNSt8_Rb_treeINSt7__cxx1112basic_stringIcSt11char_traitsIcESaIcEEESt4pairIKS5_S5_ESt10_Select1stIS8_ESt4lessIS5_ESaIS8_EE11_M_put_nodeEPSt13_Rb_tree_nodeIS8_E
FNDA:413,_ZNSt8_Rb_treeINSt7__cxx1112basic_stringIcSt11char_traitsIcESaIcEEESt4pairIKS5_S5_ESt10_Select1stIS8_ESt4lessIS5_ESaIS8_EE11_M_put_nodeEPSt13_Rb_tree_nodeIS8_E
FN:590,_ZNSt8_Rb_treeIPKN5boost6system14error_categoryESt4pairIKS4_St10unique_ptrINS1_6detail12std_categoryESt14default_deleteIS9_EEESt10_Select1stISD_ENS8_12cat_ptr_lessESaISD_EE17_M_construct_nodeIJSD_EEEvPSt13_Rb_tree_nodeISD_EDpOT_
FNDA:0,_ZNSt8_Rb_treeIPKN5boost6system14error_categoryESt4pairIKS4_St10unique_ptrINS1_6detail12std_categoryESt14default_deleteIS9_EEESt10_Select1stISD_ENS8_12cat_ptr_lessESaISD_EE17_M_construct_nodeIJSD_EEEvPSt13_Rb_tree_nodeISD_EDpOT_
FN:609,_ZNSt8_Rb_treeIPKN5boost6system14error_categoryESt4pairIKS4_St10unique_ptrINS1_6detail12std_categoryESt14default_deleteIS9_EEESt10_Select1stISD_ENS8_12cat_ptr_lessESaISD_EE14_M_create_nodeIJSD_EEEPSt13_Rb_tree_nodeISD_EDpOT_
FNDA:0,_ZNSt8_Rb_treeIPKN5boost6system14error_categoryESt4pairIKS4_St10unique_ptrINS1_6detail12std_categoryESt14default_deleteIS9_EEESt10_Select1stISD_ENS8_12cat_ptr_lessESaISD_EE14_M_create_nodeIJSD_EEEPSt13_Rb_tree_nodeISD_EDpOT_
FN:618,_ZNSt8_Rb_treeIPKN5boost6system14error_categoryESt4pairIKS4_St10unique_ptrINS1_6detail12std_categoryESt14default_deleteIS9_EEESt10_Select1stISD_ENS8_12cat_ptr_lessESaISD_EE15_M_destroy_nodeEPSt13_Rb_tree_nodeISD_E
FNDA:0,_ZNSt8_Rb_treeIPKN5boost6system14error_categoryESt4pairIKS4_St10unique_ptrINS1_6detail12std_categoryESt14default_deleteIS9_EEESt10_Select1stISD_ENS8_12cat_ptr_lessESaISD_EE15_M_destroy_nodeEPSt13_Rb_tree_nodeISD_E
FN:618,_ZNSt8_Rb_treeINSt7__cxx1112basic_stringIcSt11char_traitsIcESaIcEEESt4pairIKS5_S5_ESt10_Select1stIS8_ESt4lessIS5_ESaIS8_EE15_M_destroy_nodeEPSt13_Rb_tree_nodeIS8_E
FNDA:413,_ZNSt8_Rb_treeINSt7__cxx1112basic_stringIcSt11char_traitsIcESaIcEEESt4pairIKS5_S5_ESt10_Select1stIS8_ESt4lessIS5_ESaIS8_EE15_M_destroy_nodeEPSt13_Rb_tree_nodeIS8_E
FN:629,_ZNSt8_Rb_treeIPKN5boost6system14error_categoryESt4pairIKS4_St10unique_ptrINS1_6detail12std_categoryESt14default_deleteIS9_EEESt10_Select1stISD_ENS8_12cat_ptr_lessESaISD_EE12_M_drop_nodeEPSt13_Rb_tree_nodeISD_E
FNDA:0,_ZNSt8_Rb_treeIPKN5boost6system14error_categoryESt4pairIKS4_St10unique_ptrINS1_6detail12std_categoryESt14default_deleteIS9_EEESt10_Select1stISD_ENS8_12cat_ptr_lessESaISD_EE12_M_drop_nodeEPSt13_Rb_tree_nodeISD_E
FN:629,_ZNSt8_Rb_treeINSt7__cxx1112basic_stringIcSt11char_traitsIcESaIcEEESt4pairIKS5_S5_ESt10_Select1stIS8_ESt4lessIS5_ESaIS8_EE12_M_drop_nodeEPSt13_Rb_tree_nodeIS8_E
FNDA:413,_ZNSt8_Rb_treeINSt7__cxx1112basic_stringIcSt11char_traitsIcESaIcEEESt4pairIKS5_S5_ESt10_Select1stIS8_ESt4lessIS5_ESaIS8_EE12_M_drop_nodeEPSt13_Rb_tree_nodeIS8_E
FN:667,_ZNSt8_Rb_treeIPKN5boost6system14error_categoryESt4pairIKS4_St10unique_ptrINS1_6detail12std_categoryESt14default_deleteIS9_EEESt10_Select1stISD_ENS8_12cat_ptr_lessESaISD_EE13_Rb_tree_implISG_Lb1EEC2Ev
FNDA:0,_ZNSt8_Rb_treeIPKN5boost6system14error_categoryESt4pairIKS4_St10unique_ptrINS1_6detail12std_categoryESt14default_deleteIS9_EEESt10_Select1stISD_ENS8_12cat_ptr_lessESaISD_EE13_Rb_tree_implISG_Lb1EEC2Ev
FN:667,_ZNSt8_Rb_treeINSt7__cxx1112basic_stringIcSt11char_traitsIcESaIcEEESt4pairIKS5_S5_ESt10_Select1stIS8_ESt4lessIS5_ESaIS8_EE13_Rb_tree_implISC_Lb1EEC2Ev
FNDA:55,_ZNSt8_Rb_treeINSt7__cxx1112basic_stringIcSt11char_traitsIcESaIcEEESt4pairIKS5_S5_ESt10_Select1stIS8_ESt4lessIS5_ESaIS8_EE13_Rb_tree_implISC_Lb1EEC2Ev
FN:734,_ZNKSt8_Rb_treeIPKN5boost6system14error_categoryESt4pairIKS4_St10unique_ptrINS1_6detail12std_categoryESt14default_deleteIS9_EEESt10_Select1stISD_ENS8_12cat_ptr_lessESaISD_EE9_M_mbeginEv
FNDA:0,_ZNKSt8_Rb_treeIPKN5boost6system14error_categoryESt4pairIKS4_St10unique_ptrINS1_6detail12std_categoryESt14default_deleteIS9_EEESt10_Select1stISD_ENS8_12cat_ptr_lessESaISD_EE9_M_mbeginEv
FN:734,_ZNKSt8_Rb_treeINSt7__cxx1112basic_stringIcSt11char_traitsIcESaIcEEESt4pairIKS5_S5_ESt10_Select1stIS8_ESt4lessIS5_ESaIS8_EE9_M_mbeginEv
FNDA:307,_ZNKSt8_Rb_treeINSt7__cxx1112basic_stringIcSt11char_traitsIcESaIcEEESt4pairIKS5_S5_ESt10_Select1stIS8_ESt4lessIS5_ESaIS8_EE9_M_mbeginEv
FN:738,_ZNSt8_Rb_treeINSt7__cxx1112basic_stringIcSt11char_traitsIcESaIcEEESt4pairIKS5_S5_ESt10_Select1stIS8_ESt4lessIS5_ESaIS8_EE8_M_beginEv
FNDA:277,_ZNSt8_Rb_treeINSt7__cxx1112basic_stringIcSt11char_traitsIcESaIcEEESt4pairIKS5_S5_ESt10_Select1stIS8_ESt4lessIS5_ESaIS8_EE8_M_beginEv
FN:738,_ZNSt8_Rb_treeIPKN5boost6system14error_categoryESt4pairIKS4_St10unique_ptrINS1_6detail12std_categoryESt14default_deleteIS9_EEESt10_Select1stISD_ENS8_12cat_ptr_lessESaISD_EE8_M_beginEv
FNDA:0,_ZNSt8_Rb_treeIPKN5boost6system14error_categoryESt4pairIKS4_St10unique_ptrINS1_6detail12std_categoryESt14default_deleteIS9_EEESt10_Select1stISD_ENS8_12cat_ptr_lessESaISD_EE8_M_beginEv
FN:749,_ZNSt8_Rb_treeIPKN5boost6system14error_categoryESt4pairIKS4_St10unique_ptrINS1_6detail12std_categoryESt14default_deleteIS9_EEESt10_Select1stISD_ENS8_12cat_ptr_lessESaISD_EE6_M_endEv
FNDA:0,_ZNSt8_Rb_treeIPKN5boost6system14error_categoryESt4pairIKS4_St10unique_ptrINS1_6detail12std_categoryESt14default_deleteIS9_EEESt10_Select1stISD_ENS8_12cat_ptr_lessESaISD_EE6_M_endEv
FN:757,_ZNSt8_Rb_treeIPKN5boost6system14error_categoryESt4pairIKS4_St10unique_ptrINS1_6detail12std_categoryESt14default_deleteIS9_EEESt10_Select1stISD_ENS8_12cat_ptr_lessESaISD_EE6_S_keyEPKSt13_Rb_tree_nodeISD_E
FNDA:0,_ZNSt8_Rb_treeIPKN5boost6system14error_categoryESt4pairIKS4_St10unique_ptrINS1_6detail12std_categoryESt14default_deleteIS9_EEESt10_Select1stISD_ENS8_12cat_ptr_lessESaISD_EE6_S_keyEPKSt13_Rb_tree_nodeISD_E
FN:779,_ZNSt8_Rb_treeINSt7__cxx1112basic_stringIcSt11char_traitsIcESaIcEEESt4pairIKS5_S5_ESt10_Select1stIS8_ESt4lessIS5_ESaIS8_EE7_S_leftEPSt18_Rb_tree_node_base
FNDA:911,_ZNSt8_Rb_treeINSt7__cxx1112basic_stringIcSt11char_traitsIcESaIcEEESt4pairIKS5_S5_ESt10_Select1stIS8_ESt4lessIS5_ESaIS8_EE7_S_leftEPSt18_Rb_tree_node_base
FN:779,_ZNSt8_Rb_treeIPKN5boost6system14error_categoryESt4pairIKS4_St10unique_ptrINS1_6detail12std_categoryESt14default_deleteIS9_EEESt10_Select1stISD_ENS8_12cat_ptr_lessESaISD_EE7_S_leftEPSt18_Rb_tree_node_base
FNDA:0,_ZNSt8_Rb_treeIPKN5boost6system14error_categoryESt4pairIKS4_St10unique_ptrINS1_6detail12std_categoryESt14default_deleteIS9_EEESt10_Select1stISD_ENS8_12cat_ptr_lessESaISD_EE7_S_leftEPSt18_Rb_tree_node_base
FN:787,_ZNSt8_Rb_treeINSt7__cxx1112basic_stringIcSt11char_traitsIcESaIcEEESt4pairIKS5_S5_ESt10_Select1stIS8_ESt4lessIS5_ESaIS8_EE8_S_rightEPSt18_Rb_tree_node_base
FNDA:772,_ZNSt8_Rb_treeINSt7__cxx1112basic_stringIcSt11char_traitsIcESaIcEEESt4pairIKS5_S5_ESt10_Select1stIS8_ESt4lessIS5_ESaIS8_EE8_S_rightEPSt18_Rb_tree_node_base
FN:787,_ZNSt8_Rb_treeIPKN5boost6system14error_categoryESt4pairIKS4_St10unique_ptrINS1_6detail12std_categoryESt14default_deleteIS9_EEESt10_Select1stISD_ENS8_12cat_ptr_lessESaISD_EE8_S_rightEPSt18_Rb_tree_node_base
FNDA:0,_ZNSt8_Rb_treeIPKN5boost6system14error_categoryESt4pairIKS4_St10unique_ptrINS1_6detail12std_categoryESt14default_deleteIS9_EEESt10_Select1stISD_ENS8_12cat_ptr_lessESaISD_EE8_S_rightEPSt18_Rb_tree_node_base
FN:795,_ZNSt8_Rb_treeIPKN5boost6system14error_categoryESt4pairIKS4_St10unique_ptrINS1_6detail12std_categoryESt14default_deleteIS9_EEESt10_Select1stISD_ENS8_12cat_ptr_lessESaISD_EE6_S_keyEPKSt18_Rb_tree_node_base
FNDA:0,_ZNSt8_Rb_treeIPKN5boost6system14error_categoryESt4pairIKS4_St10unique_ptrINS1_6detail12std_categoryESt14default_deleteIS9_EEESt10_Select1stISD_ENS8_12cat_ptr_lessESaISD_EE6_S_keyEPKSt18_Rb_tree_node_base
FN:928,_ZNSt8_Rb_treeINSt7__cxx1112basic_stringIcSt11char_traitsIcESaIcEEESt4pairIKS5_S5_ESt10_Select1stIS8_ESt4lessIS5_ESaIS8_EEC2Ev
FNDA:55,_ZNSt8_Rb_treeINSt7__cxx1112basic_stringIcSt11char_traitsIcESaIcEEESt4pairIKS5_S5_ESt10_Select1stIS8_ESt4lessIS5_ESaIS8_EEC2Ev
FN:928,_ZNSt8_Rb_treeIPKN5boost6system14error_categoryESt4pairIKS4_St10unique_ptrINS1_6detail12std_categoryESt14default_deleteIS9_EEESt10_Select1stISD_ENS8_12cat_ptr_lessESaISD_EEC2Ev
FNDA:0,_ZNSt8_Rb_treeIPKN5boost6system14error_categoryESt4pairIKS4_St10unique_ptrINS1_6detail12std_categoryESt14default_deleteIS9_EEESt10_Select1stISD_ENS8_12cat_ptr_lessESaISD_EEC2Ev
FN:983,_ZNSt8_Rb_treeINSt7__cxx1112basic_stringIcSt11char_traitsIcESaIcEEESt4pairIKS5_S5_ESt10_Select1stIS8_ESt4lessIS5_ESaIS8_EED2Ev
FNDA:111,_ZNSt8_Rb_treeINSt7__cxx1112basic_stringIcSt11char_traitsIcESaIcEEESt4pairIKS5_S5_ESt10_Select1stIS8_ESt4lessIS5_ESaIS8_EED2Ev
FN:983,_ZNSt8_Rb_treeIPKN5boost6system14error_categoryESt4pairIKS4_St10unique_ptrINS1_6detail12std_categoryESt14default_deleteIS9_EEESt10_Select1stISD_ENS8_12cat_ptr_lessESaISD_EED2Ev
FNDA:0,_ZNSt8_Rb_treeIPKN5boost6system14error_categoryESt4pairIKS4_St10unique_ptrINS1_6detail12std_categoryESt14default_deleteIS9_EEESt10_Select1stISD_ENS8_12cat_ptr_lessESaISD_EED2Ev
FN:995,_ZNSt8_Rb_treeIPKN5boost6system14error_categoryESt4pairIKS4_St10unique_ptrINS1_6detail12std_categoryESt14default_deleteIS9_EEESt10_Select1stISD_ENS8_12cat_ptr_lessESaISD_EE5beginEv
FNDA:0,_ZNSt8_Rb_treeIPKN5boost6system14error_categoryESt4pairIKS4_St10unique_ptrINS1_6detail12std_categoryESt14default_deleteIS9_EEESt10_Select1stISD_ENS8_12cat_ptr_lessESaISD_EE5beginEv
FN:1003,_ZNSt8_Rb_treeIPKN5boost6system14error_categoryESt4pairIKS4_St10unique_ptrINS1_6detail12std_categoryESt14default_deleteIS9_EEESt10_Select1stISD_ENS8_12cat_ptr_lessESaISD_EE3endEv
FNDA:0,_ZNSt8_Rb_treeIPKN5boost6system14error_categoryESt4pairIKS4_St10unique_ptrINS1_6detail12std_categoryESt14default_deleteIS9_EEESt10_Select1stISD_ENS8_12cat_ptr_lessESaISD_EE3endEv
FN:1771,_ZNSt8_Rb_treeIPKN5boost6system14error_categoryESt4pairIKS4_St10unique_ptrINS1_6detail12std_categoryESt14default_deleteIS9_EEESt10_Select1stISD_ENS8_12cat_ptr_lessESaISD_EE10_M_insert_ISD_NSI_11_Alloc_nodeEEESt17_Rb_tree_iteratorISD_EPSt18_Rb_tree_node_baseSO_OT_RT0_
FNDA:0,_ZNSt8_Rb_treeIPKN5boost6system14error_categoryESt4pairIKS4_St10unique_ptrINS1_6detail12std_categoryESt14default_deleteIS9_EEESt10_Select1stISD_ENS8_12cat_ptr_lessESaISD_EE10_M_insert_ISD_NSI_11_Alloc_nodeEEESt17_Rb_tree_iteratorISD_EPSt18_Rb_tree_node_baseSO_OT_RT0_
FN:1883,_ZNSt8_Rb_treeINSt7__cxx1112basic_stringIcSt11char_traitsIcESaIcEEESt4pairIKS5_S5_ESt10_Select1stIS8_ESt4lessIS5_ESaIS8_EE8_M_eraseEPSt13_Rb_tree_nodeIS8_E
FNDA:539,_ZNSt8_Rb_treeINSt7__cxx1112basic_stringIcSt11char_traitsIcESaIcEEESt4pairIKS5_S5_ESt10_Select1stIS8_ESt4lessIS5_ESaIS8_EE8_M_eraseEPSt13_Rb_tree_nodeIS8_E
FN:1883,_ZNSt8_Rb_treeIPKN5boost6system14error_categoryESt4pairIKS4_St10unique_ptrINS1_6detail12std_categoryESt14default_deleteIS9_EEESt10_Select1stISD_ENS8_12cat_ptr_lessESaISD_EE8_M_eraseEPSt13_Rb_tree_nodeISD_E
FNDA:0,_ZNSt8_Rb_treeIPKN5boost6system14error_categoryESt4pairIKS4_St10unique_ptrINS1_6detail12std_categoryESt14default_deleteIS9_EEESt10_Select1stISD_ENS8_12cat_ptr_lessESaISD_EE8_M_eraseEPSt13_Rb_tree_nodeISD_E
FN:1900,_ZNSt8_Rb_treeIPKN5boost6system14error_categoryESt4pairIKS4_St10unique_ptrINS1_6detail12std_categoryESt14default_deleteIS9_EEESt10_Select1stISD_ENS8_12cat_ptr_lessESaISD_EE14_M_lower_boundEPSt13_Rb_tree_nodeISD_EPSt18_Rb_tree_node_baseRS6_
FNDA:0,_ZNSt8_Rb_treeIPKN5boost6system14error_categoryESt4pairIKS4_St10unique_ptrINS1_6detail12std_categoryESt14default_deleteIS9_EEESt10_Select1stISD_ENS8_12cat_ptr_lessESaISD_EE14_M_lower_boundEPSt13_Rb_tree_nodeISD_EPSt18_Rb_tree_node_baseRS6_
FN:2061,_ZNSt8_Rb_treeIPKN5boost6system14error_categoryESt4pairIKS4_St10unique_ptrINS1_6detail12std_categoryESt14default_deleteIS9_EEESt10_Select1stISD_ENS8_12cat_ptr_lessESaISD_EE24_M_get_insert_unique_posERS6_
FNDA:0,_ZNSt8_Rb_treeIPKN5boost6system14error_categoryESt4pairIKS4_St10unique_ptrINS1_6detail12std_categoryESt14default_deleteIS9_EEESt10_Select1stISD_ENS8_12cat_ptr_lessESaISD_EE24_M_get_insert_unique_posERS6_
FN:2115,_ZNSt8_Rb_treeIPKN5boost6system14error_categoryESt4pairIKS4_St10unique_ptrINS1_6detail12std_categoryESt14default_deleteIS9_EEESt10_Select1stISD_ENS8_12cat_ptr_lessESaISD_EE16_M_insert_uniqueISD_EES5_ISt17_Rb_tree_iteratorISD_EbEOT_
FNDA:0,_ZNSt8_Rb_treeIPKN5boost6system14error_categoryESt4pairIKS4_St10unique_ptrINS1_6detail12std_categoryESt14default_deleteIS9_EEESt10_Select1stISD_ENS8_12cat_ptr_lessESaISD_EE16_M_insert_uniqueISD_EES5_ISt17_Rb_tree_iteratorISD_EbEOT_
FN:2520,_ZNSt8_Rb_treeIPKN5boost6system14error_categoryESt4pairIKS4_St10unique_ptrINS1_6detail12std_categoryESt14default_deleteIS9_EEESt10_Select1stISD_ENS8_12cat_ptr_lessESaISD_EE4findERS6_
FNDA:0,_ZNSt8_Rb_treeIPKN5boost6system14error_categoryESt4pairIKS4_St10unique_ptrINS1_6detail12std_categoryESt14default_deleteIS9_EEESt10_Select1stISD_ENS8_12cat_ptr_lessESaISD_EE4findERS6_
DA:146,0
DA:150,0
DA:146,55
DA:150,55
DA:173,0
DA:174,0
DA:175,0
DA:176,0
DA:177,0
DA:206,0
DA:208,0
DA:209,0
DA:210,0
DA:211,0
DA:212,0
DA:234,1304
DA:235,1304
DA:234,0
DA:235,0
DA:238,0
DA:239,0
DA:273,0
DA:274,0
DA:281,0
DA:282,0
DA:300,0
DA:302,0
DA:303,0
DA:315,0
DA:316,0
DA:523,0
DA:524,0
DA:528,0
DA:529,0
DA:547,0
DA:548,0
DA:547,1652
DA:548,1652
DA:560,0
DA:561,0
DA:564,0
DA:565,0
DA:564,413
DA:565,413
DA:590,0
DA:594,0
DA:595,0
DA:605,0
DA:609,0
DA:611,0
DA:612,0
DA:613,0
DA:618,0
DA:623,0
DA:624,0
DA:626,0
DA:618,413
DA:623,413
DA:624,413
DA:626,413
DA:629,0
DA:631,0
DA:632,0
DA:633,0
DA:629,413
DA:631,413
DA:632,413
DA:633,413
DA:667,0
DA:671,0
DA:672,0
DA:667,55
DA:671,55
DA:672,55
DA:734,0
DA:735,0
DA:734,307
DA:735,307
DA:738,0
DA:739,0
DA:738,277
DA:739,277
DA:749,0
DA:750,0
DA:757,0
DA:775,0
DA:779,0
DA:780,0
DA:779,911
DA:780,911
DA:787,0
DA:788,0
DA:787,772
DA:788,772
DA:795,0
DA:796,0
DA:928,0
DA:928,55
DA:983,0
DA:984,0
DA:983,111
DA:984,111
DA:995,0
DA:996,0
DA:1003,0
DA:1004,0
DA:1771,0
DA:1780,0
DA:1781,0
DA:1782,0
DA:1784,0
DA:1786,0
DA:1787,0
DA:1788,0
DA:1789,0
DA:1883,0
DA:1887,0
DA:1889,0
DA:1890,0
DA:1891,0
DA:1892,0
DA:1894,0
DA:1883,539
DA:1887,952
DA:1889,413
DA:1890,413
DA:1891,413
DA:1892,413
DA:1894,539
DA:1900,0
DA:1904,0
DA:1905,0
DA:1906,0
DA:1908,0
DA:1909,0
DA:2061,0
DA:2065,0
DA:2066,0
DA:2067,0
DA:2068,0
DA:2070,0
DA:2071,0
DA:2072,0
DA:2074,0
DA:2075,0
DA:2077,0
DA:2078,0
DA:2080,0
DA:2082,0
DA:2083,0
DA:2084,0
DA:2115,0
DA:2124,0
DA:2126,0
DA:2128,0
DA:2129,0
DA:2131,0
DA:2134,0
DA:2520,0
DA:2523,0
DA:2524,0
DA:2525,0
DA:2526,0
end_of_record
