TN:
SF:/media/sf_Share_folder/UI/Spotify-rep-1-1/project/include/controller/BaseController.hpp
FN:8,_ZN14BaseControllerD2Ev
FN:8,_ZN14BaseControllerD0Ev
FNDA:0,_ZN14BaseControllerD0Ev
FNDA:300,_ZN14BaseControllerD2Ev
FNF:2
FNH:1
DA:8,300
LF:1
LH:1
end_of_record
TN:
SF:/media/sf_Share_folder/UI/Spotify-rep-1-1/project/include/controller/ControllerManager.hpp
FN:70,_ZN17ControllerManagerD2Ev
FN:70,_ZN17ControllerManagerD0Ev
FNDA:0,_ZN17ControllerManagerD0Ev
FNDA:30,_ZN17ControllerManagerD2Ev
FNF:2
FNH:1
DA:70,30
LF:1
LH:1
end_of_record
TN:
SF:/media/sf_Share_folder/UI/Spotify-rep-1-1/project/src/controller/ControllerManager.cpp
FN:7,_ZN17ControllerManagerC2EP11ViewManagerP12ModelManager
FN:27,_ZN17ControllerManager11getInstanceEP11ViewManagerP12ModelManager
FN:39,_ZNK17ControllerManager21getMainMenuControllerEv
FN:44,_ZNK17ControllerManager24getScanfOptionControllerEv
FN:49,_ZNK17ControllerManager21getPlaylistControllerEv
FN:54,_ZNK17ControllerManager22getMediaFileControllerEv
FN:59,_ZNK17ControllerManager25getPlayingMediaControllerEv
FN:64,_ZNK17ControllerManager29getDetailedPlaylistControllerEv
FN:69,_ZNK17ControllerManager21getMetadataControllerEv
FN:74,_ZNK17ControllerManager21getHardwareControllerEv
FN:83,_ZNK17ControllerManager14getViewManagerEv
FN:88,_ZNK17ControllerManager15getModelManagerEv
FN:92,_ZN17ControllerManager13resetInstanceEv
FNDA:1,_ZNK17ControllerManager21getHardwareControllerEv
FNDA:2,_ZNK17ControllerManager21getPlaylistControllerEv
FNDA:162,_ZN17ControllerManager11getInstanceEP11ViewManagerP12ModelManager
FNDA:2,_ZNK17ControllerManager21getMetadataControllerEv
FNDA:1,_ZNK17ControllerManager14getViewManagerEv
FNDA:2,_ZNK17ControllerManager24getScanfOptionControllerEv
FNDA:2,_ZNK17ControllerManager21getMainMenuControllerEv
FNDA:1,_ZN17ControllerManager13resetInstanceEv
FNDA:32,_ZN17ControllerManagerC2EP11ViewManagerP12ModelManager
FNDA:2,_ZNK17ControllerManager25getPlayingMediaControllerEv
FNDA:2,_ZNK17ControllerManager29getDetailedPlaylistControllerEv
FNDA:2,_ZNK17ControllerManager22getMediaFileControllerEv
FNDA:1,_ZNK17ControllerManager15getModelManagerEv
FNF:13
FNH:13
DA:7,32
DA:8,32
DA:9,32
DA:10,32
DA:11,32
DA:12,32
DA:13,32
DA:14,32
DA:15,32
DA:17,32
DA:18,32
DA:20,0
DA:22,32
DA:27,162
DA:28,162
DA:29,3
DA:30,1
DA:32,2
DA:34,161
DA:39,2
DA:40,2
DA:44,2
DA:45,2
DA:49,2
DA:50,2
DA:54,2
DA:55,2
DA:59,2
DA:60,2
DA:64,2
DA:65,2
DA:69,2
DA:70,2
DA:74,1
DA:75,1
DA:76,1
DA:78,0
DA:83,1
DA:84,1
DA:88,1
DA:89,1
DA:92,1
DA:94,1
DA:95,1
LF:44
LH:42
end_of_record
TN:
SF:/media/sf_Share_folder/UI/Spotify-rep-1-1/project/src/controller/DetailedPlaylistController.cpp
FN:6,_ZN26DetailedPlaylistController11handleInputENSt7__cxx1112basic_stringIcSt11char_traitsIcESaIcEEE
FN:90,_ZN26DetailedPlaylistController17addSongToPlaylistERKNSt7__cxx1112basic_stringIcSt11char_traitsIcESaIcEEES7_
FN:98,_ZN26DetailedPlaylistController22removeSongFromPlaylistERKNSt7__cxx1112basic_stringIcSt11char_traitsIcESaIcEEES7_
FN:106,_ZN26DetailedPlaylistController4backEv
FN:111,_ZN26DetailedPlaylistController19showMediafileInListERKNSt7__cxx1112basic_stringIcSt11char_traitsIcESaIcEEE
FNDA:0,_ZN26DetailedPlaylistController17addSongToPlaylistERKNSt7__cxx1112basic_stringIcSt11char_traitsIcESaIcEEES7_
FNDA:0,_ZN26DetailedPlaylistController4backEv
FNDA:0,_ZN26DetailedPlaylistController19showMediafileInListERKNSt7__cxx1112basic_stringIcSt11char_traitsIcESaIcEEE
FNDA:0,_ZN26DetailedPlaylistController11handleInputENSt7__cxx1112basic_stringIcSt11char_traitsIcESaIcEEE
FNDA:0,_ZN26DetailedPlaylistController22removeSongFromPlaylistERKNSt7__cxx1112basic_stringIcSt11char_traitsIcESaIcEEES7_
FNF:5
FNH:0
DA:6,0
DA:7,0
DA:10,0
DA:11,0
DA:14,0
DA:17,0
DA:20,0
DA:21,0
DA:22,0
DA:23,0
DA:24,0
DA:25,0
DA:26,0
DA:27,0
DA:29,0
DA:31,0
DA:32,0
DA:33,0
DA:34,0
DA:35,0
DA:36,0
DA:37,0
DA:38,0
DA:39,0
DA:40,0
DA:42,0
DA:45,0
DA:47,0
DA:48,0
DA:49,0
DA:50,0
DA:51,0
DA:52,0
DA:53,0
DA:54,0
DA:55,0
DA:57,0
DA:59,0
DA:60,0
DA:61,0
DA:62,0
DA:63,0
DA:65,0
DA:66,0
DA:67,0
DA:68,0
DA:69,0
DA:70,0
DA:71,0
DA:72,0
DA:73,0
DA:75,0
DA:76,0
DA:77,0
DA:79,0
DA:81,0
DA:82,0
DA:84,0
DA:86,0
DA:90,0
DA:91,0
DA:92,0
DA:93,0
DA:94,0
DA:98,0
DA:99,0
DA:100,0
DA:101,0
DA:102,0
DA:106,0
DA:107,0
DA:111,0
DA:112,0
DA:113,0
DA:114,0
LF:75
LH:0
end_of_record
TN:
SF:/media/sf_Share_folder/UI/Spotify-rep-1-1/project/src/controller/HardwareController.cpp
FN:7,_ZN18HardwareController15sendPlayCommandEv
FN:12,_ZN18HardwareController16sendPauseCommandEv
FN:18,_ZN18HardwareController15sendStopCommandEv
FN:24,_ZN18HardwareController10sendSignalERKNSt7__cxx1112basic_stringIcSt11char_traitsIcESaIcEEE
FN:29,_ZN18HardwareControllerC2ERKNSt7__cxx1112basic_stringIcSt11char_traitsIcESaIcEEEi
FN:31,_ZZN18HardwareControllerC4ERKNSt7__cxx1112basic_stringIcSt11char_traitsIcESaIcEEEiENKUlS7_E_clES7_
FN:37,_ZN18HardwareControllerD0Ev
FN:37,_ZN18HardwareControllerD2Ev
FN:41,_ZN18HardwareController18handleReceivedDataERKNSt7__cxx1112basic_stringIcSt11char_traitsIcESaIcEEE
FN:55,_ZN18HardwareController12startReadingEv
FN:61,_ZZN18HardwareController12startReadingEvENKUlvE_clEv
FN:70,_ZN18HardwareController11stopReadingEv
FNDA:47,_ZN18HardwareControllerC2ERKNSt7__cxx1112basic_stringIcSt11char_traitsIcESaIcEEEi
FNDA:0,_ZZN18HardwareController12startReadingEvENKUlvE_clEv
FNDA:0,_ZN18HardwareController15sendPlayCommandEv
FNDA:0,_ZN18HardwareController12startReadingEv
FNDA:0,_ZN18HardwareController18handleReceivedDataERKNSt7__cxx1112basic_stringIcSt11char_traitsIcESaIcEEE
FNDA:45,_ZN18HardwareController11stopReadingEv
FNDA:45,_ZN18HardwareControllerD2Ev
FNDA:0,_ZN18HardwareController16sendPauseCommandEv
FNDA:0,_ZN18HardwareController15sendStopCommandEv
FNDA:30,_ZN18HardwareControllerD0Ev
FNDA:0,_ZZN18HardwareControllerC4ERKNSt7__cxx1112basic_stringIcSt11char_traitsIcESaIcEEEiENKUlS7_E_clES7_
FNDA:0,_ZN18HardwareController10sendSignalERKNSt7__cxx1112basic_stringIcSt11char_traitsIcESaIcEEE
FNF:12
FNH:4
DA:7,0
DA:8,0
DA:9,0
DA:12,0
DA:13,0
DA:14,0
DA:18,0
DA:19,0
DA:20,0
DA:24,0
DA:25,0
DA:26,0
DA:29,47
DA:30,47
DA:31,47
DA:32,0
DA:33,0
DA:34,47
DA:37,75
DA:38,45
DA:39,75
DA:41,0
DA:42,0
DA:43,0
DA:44,0
DA:45,0
DA:46,0
DA:47,0
DA:48,0
DA:49,0
DA:51,0
DA:53,0
DA:55,0
DA:56,0
DA:57,0
DA:59,0
DA:61,0
DA:63,0
DA:64,0
DA:65,0
DA:66,0
DA:67,0
DA:70,45
DA:71,45
DA:72,45
DA:74,0
DA:75,0
DA:76,0
DA:77,0
LF:49
LH:10
end_of_record
TN:
SF:/media/sf_Share_folder/UI/Spotify-rep-1-1/project/src/controller/MainMenuController.cpp
FN:4,_ZN18MainMenuController11handleInputEv
FN:55,_ZN18MainMenuController4backEv
FNDA:0,_ZN18MainMenuController4backEv
FNDA:0,_ZN18MainMenuController11handleInputEv
FNF:2
FNH:0
DA:4,0
DA:6,0
DA:8,0
DA:9,0
DA:12,0
DA:15,0
DA:16,0
DA:17,0
DA:18,0
DA:19,0
DA:22,0
DA:24,0
DA:25,0
DA:26,0
DA:28,0
DA:29,0
DA:30,0
DA:32,0
DA:33,0
DA:34,0
DA:36,0
DA:37,0
DA:38,0
DA:40,0
DA:41,0
DA:43,0
DA:44,0
DA:45,0
DA:47,0
DA:49,0
DA:52,0
DA:53,0
DA:55,0
DA:56,0
DA:57,0
DA:58,0
DA:59,0
DA:60,0
LF:38
LH:0
end_of_record
TN:
SF:/media/sf_Share_folder/UI/Spotify-rep-1-1/project/src/controller/MediaFileController.cpp
FN:6,_ZN19MediaFileController11handleInputEv
FN:75,_ZN19MediaFileController4backEv
FN:80,_ZN19MediaFileController31displayMediaFilesWithPaginationERKSt6vectorISt10shared_ptrI9MediaFileESaIS3_EEm
FNDA:0,_ZN19MediaFileController4backEv
FNDA:0,_ZN19MediaFileController11handleInputEv
FNDA:0,_ZN19MediaFileController31displayMediaFilesWithPaginationERKSt6vectorISt10shared_ptrI9MediaFileESaIS3_EEm
FNF:3
FNH:0
DA:6,0
DA:7,0
DA:8,0
DA:9,0
DA:12,0
DA:13,0
DA:14,0
DA:15,0
DA:17,0
DA:19,0
DA:20,0
DA:21,0
DA:23,0
DA:24,0
DA:25,0
DA:26,0
DA:27,0
DA:28,0
DA:29,0
DA:31,0
DA:32,0
DA:35,0
DA:37,0
DA:38,0
DA:40,0
DA:41,0
DA:42,0
DA:43,0
DA:44,0
DA:46,0
DA:49,0
DA:51,0
DA:52,0
DA:53,0
DA:54,0
DA:55,0
DA:58,0
DA:60,0
DA:62,0
DA:63,0
DA:64,0
DA:67,0
DA:69,0
DA:72,0
DA:73,0
DA:75,0
DA:76,0
DA:77,0
DA:80,0
DA:81,0
DA:82,0
DA:83,0
DA:84,0
DA:86,0
LF:54
LH:0
end_of_record
TN:
SF:/media/sf_Share_folder/UI/Spotify-rep-1-1/project/src/controller/MetadataController.cpp
FN:12,_ZN18MetadataController11handleInputERKNSt7__cxx1112basic_stringIcSt11char_traitsIcESaIcEEE
FN:41,_ZNK18MetadataController20getMediaFileMetadataERKSt10shared_ptrI9MediaFileE
FN:46,_ZN18MetadataController23updateMediaFileMetadataERKNSt7__cxx1112basic_stringIcSt11char_traitsIcESaIcEEES7_S7_
FN:51,_ZN18MetadataController4backEv
FN:54,_ZN18MetadataController15handleEditAudioERKNSt7__cxx1112basic_stringIcSt11char_traitsIcESaIcEEES7_
FN:117,_ZN18MetadataController15handleEditVideoERKNSt7__cxx1112basic_stringIcSt11char_traitsIcESaIcEEES7_
FNDA:0,_ZN18MetadataController23updateMediaFileMetadataERKNSt7__cxx1112basic_stringIcSt11char_traitsIcESaIcEEES7_S7_
FNDA:0,_ZN18MetadataController15handleEditVideoERKNSt7__cxx1112basic_stringIcSt11char_traitsIcESaIcEEES7_
FNDA:0,_ZN18MetadataController15handleEditAudioERKNSt7__cxx1112basic_stringIcSt11char_traitsIcESaIcEEES7_
FNDA:0,_ZN18MetadataController11handleInputERKNSt7__cxx1112basic_stringIcSt11char_traitsIcESaIcEEE
FNDA:0,_ZN18MetadataController4backEv
FNDA:0,_ZNK18MetadataController20getMediaFileMetadataERKSt10shared_ptrI9MediaFileE
FNF:6
FNH:0
DA:12,0
DA:13,0
DA:16,0
DA:17,0
DA:20,0
DA:23,0
DA:24,0
DA:25,0
DA:26,0
DA:28,0
DA:29,0
DA:30,0
DA:32,0
DA:34,0
DA:37,0
DA:38,0
DA:41,0
DA:42,0
DA:43,0
DA:46,0
DA:47,0
DA:48,0
DA:51,0
DA:52,0
DA:54,0
DA:55,0
DA:56,0
DA:58,0
DA:59,0
DA:61,0
DA:62,0
DA:63,0
DA:66,0
DA:67,0
DA:68,0
DA:69,0
DA:71,0
DA:72,0
DA:73,0
DA:74,0
DA:75,0
DA:77,0
DA:78,0
DA:79,0
DA:80,0
DA:81,0
DA:83,0
DA:84,0
DA:85,0
DA:86,0
DA:87,0
DA:89,0
DA:90,0
DA:91,0
DA:92,0
DA:93,0
DA:95,0
DA:96,0
DA:97,0
DA:98,0
DA:99,0
DA:101,0
DA:102,0
DA:103,0
DA:104,0
DA:105,0
DA:107,0
DA:108,0
DA:110,0
DA:111,0
DA:113,0
DA:115,0
DA:117,0
DA:118,0
DA:119,0
DA:121,0
DA:122,0
DA:124,0
DA:125,0
DA:126,0
DA:129,0
DA:130,0
DA:131,0
DA:132,0
DA:134,0
DA:135,0
DA:136,0
DA:137,0
DA:138,0
DA:140,0
DA:141,0
DA:143,0
DA:144,0
DA:146,0
DA:148,0
LF:95
LH:0
end_of_record
TN:
SF:/media/sf_Share_folder/UI/Spotify-rep-1-1/project/src/controller/PlayingMediaController.cpp
FN:4,_ZN22PlayingMediaController11handleInputERKNSt7__cxx1112basic_stringIcSt11char_traitsIcESaIcEEE
FN:39,_ZN22PlayingMediaController13playMediaFileERKSt10shared_ptrI9MediaFileE
FN:46,_ZN22PlayingMediaController4playEv
FN:52,_ZN22PlayingMediaController5pauseEv
FN:58,_ZN22PlayingMediaController10skipToNextEv
FN:65,_ZN22PlayingMediaController14skipToPreviousEv
FN:72,_ZN22PlayingMediaController12adjustVolumeEm
FN:77,_ZN22PlayingMediaController10updateTimeEv
FN:83,_ZN22PlayingMediaController4backEv
FN:87,_ZN22PlayingMediaController17updateElapsedTimeEv
FN:101,_ZN22PlayingMediaController17startUpdateThreadEv
FN:111,_ZN22PlayingMediaController16stopUpdateThreadEv
FNDA:1,_ZN22PlayingMediaController17updateElapsedTimeEv
FNDA:6,_ZN22PlayingMediaController10updateTimeEv
FNDA:5,_ZN22PlayingMediaController11handleInputERKNSt7__cxx1112basic_stringIcSt11char_traitsIcESaIcEEE
FNDA:2,_ZN22PlayingMediaController4backEv
FNDA:1,_ZN22PlayingMediaController16stopUpdateThreadEv
FNDA:2,_ZN22PlayingMediaController5pauseEv
FNDA:2,_ZN22PlayingMediaController4playEv
FNDA:6,_ZN22PlayingMediaController13playMediaFileERKSt10shared_ptrI9MediaFileE
FNDA:1,_ZN22PlayingMediaController12adjustVolumeEm
FNDA:2,_ZN22PlayingMediaController14skipToPreviousEv
FNDA:1,_ZN22PlayingMediaController17startUpdateThreadEv
FNDA:2,_ZN22PlayingMediaController10skipToNextEv
FNF:12
FNH:12
DA:4,5
DA:5,5
DA:7,5
DA:8,5
DA:10,1
DA:11,1
DA:12,1
DA:14,1
DA:15,1
DA:16,1
DA:17,1
DA:19,1
DA:20,1
DA:21,1
DA:22,1
DA:24,1
DA:25,1
DA:26,1
DA:27,1
DA:29,1
DA:30,1
DA:31,1
DA:32,1
DA:35,5
DA:36,5
DA:39,6
DA:40,6
DA:41,6
DA:42,6
DA:46,2
DA:47,2
DA:48,2
DA:49,2
DA:52,2
DA:53,2
DA:54,2
DA:55,2
DA:58,2
DA:59,2
DA:60,2
DA:61,2
DA:62,2
DA:65,2
DA:66,2
DA:67,2
DA:68,2
DA:69,2
DA:72,1
DA:73,1
DA:74,1
DA:77,6
DA:78,6
DA:79,6
DA:80,6
DA:81,6
DA:83,2
DA:84,2
DA:87,1
DA:88,1
DA:90,1
DA:92,0
DA:93,0
DA:94,0
DA:95,0
DA:98,1
DA:101,1
DA:102,1
DA:103,1
DA:104,1
DA:108,1
DA:111,1
DA:112,1
DA:113,1
DA:114,1
DA:115,0
DA:118,1
LF:76
LH:71
end_of_record
TN:
SF:/media/sf_Share_folder/UI/Spotify-rep-1-1/project/src/controller/PlaylistController.cpp
FN:5,_ZN18PlaylistController11handleInputEv
FN:60,_ZN18PlaylistController14createPlaylistERKNSt7__cxx1112basic_stringIcSt11char_traitsIcESaIcEEE
FN:66,_ZN18PlaylistController14deletePlaylistERKNSt7__cxx1112basic_stringIcSt11char_traitsIcESaIcEEE
FN:71,_ZN18PlaylistController4backEv
FN:75,_ZN18PlaylistController16showAllPlaylistsERKSt6vectorISt10shared_ptrI8PlaylistESaIS3_EE
FNDA:0,_ZN18PlaylistController14createPlaylistERKNSt7__cxx1112basic_stringIcSt11char_traitsIcESaIcEEE
FNDA:0,_ZN18PlaylistController11handleInputEv
FNDA:0,_ZN18PlaylistController16showAllPlaylistsERKSt6vectorISt10shared_ptrI8PlaylistESaIS3_EE
FNDA:0,_ZN18PlaylistController14deletePlaylistERKNSt7__cxx1112basic_stringIcSt11char_traitsIcESaIcEEE
FNDA:0,_ZN18PlaylistController4backEv
FNF:5
FNH:0
DA:5,0
DA:6,0
DA:10,0
DA:11,0
DA:14,0
DA:17,0
DA:20,0
DA:21,0
DA:22,0
DA:23,0
DA:24,0
DA:26,0
DA:29,0
DA:31,0
DA:32,0
DA:33,0
DA:34,0
DA:35,0
DA:36,0
DA:37,0
DA:38,0
DA:39,0
DA:40,0
DA:41,0
DA:42,0
DA:44,0
DA:47,0
DA:49,0
DA:50,0
DA:51,0
DA:52,0
DA:53,0
DA:56,0
DA:57,0
DA:60,0
DA:61,0
DA:62,0
DA:63,0
DA:66,0
DA:67,0
DA:68,0
DA:71,0
DA:72,0
DA:75,0
DA:76,0
DA:77,0
LF:46
LH:0
end_of_record
TN:
SF:/media/sf_Share_folder/UI/Spotify-rep-1-1/project/src/controller/ScanfOptionController.cpp
FN:21,_ZN21ScanfOptionController11handleInputEv
FN:63,_ZN21ScanfOptionController13scanDirectoryERKNSt7__cxx1112basic_stringIcSt11char_traitsIcESaIcEEE
FN:76,_ZN21ScanfOptionController13scanUSBDeviceERKNSt7__cxx1112basic_stringIcSt11char_traitsIcESaIcEEE
FN:88,_ZN21ScanfOptionController4backEv
FN:93,_ZN21ScanfOptionController13scanfFilePathERKNSt7__cxx1112basic_stringIcSt11char_traitsIcESaIcEEE
FN:164,_ZN21ScanfOptionController20scanPlaylistsFromTxtERKNSt7__cxx1112basic_stringIcSt11char_traitsIcESaIcEEE
FN:231,_ZN21ScanfOptionController7scanUSBB5cxx11Ev
FNDA:4,_ZN21ScanfOptionController7scanUSBB5cxx11Ev
FNDA:20,_ZN21ScanfOptionController13scanfFilePathERKNSt7__cxx1112basic_stringIcSt11char_traitsIcESaIcEEE
FNDA:2,_ZN21ScanfOptionController13scanDirectoryERKNSt7__cxx1112basic_stringIcSt11char_traitsIcESaIcEEE
FNDA:2,_ZN21ScanfOptionController4backEv
FNDA:3,_ZN21ScanfOptionController13scanUSBDeviceERKNSt7__cxx1112basic_stringIcSt11char_traitsIcESaIcEEE
FNDA:2,_ZN21ScanfOptionController20scanPlaylistsFromTxtERKNSt7__cxx1112basic_stringIcSt11char_traitsIcESaIcEEE
FNDA:3,_ZN21ScanfOptionController11handleInputEv
FNF:7
FNH:7
DA:21,3
DA:22,3
DA:24,3
DA:25,3
DA:26,3
DA:27,3
DA:28,1
DA:29,1
DA:30,1
DA:31,1
DA:32,1
DA:33,1
DA:34,1
DA:36,1
DA:37,1
DA:38,3
DA:39,2
DA:42,1
DA:43,1
DA:44,1
DA:45,1
DA:46,1
DA:49,0
DA:51,1
DA:52,1
DA:54,1
DA:55,1
DA:56,1
DA:59,3
DA:60,3
DA:63,2
DA:64,12
DA:65,6
DA:66,6
DA:67,6
DA:68,6
DA:69,4
DA:71,6
DA:72,2
DA:73,2
DA:76,3
DA:77,12
DA:78,3
DA:79,3
DA:80,3
DA:81,3
DA:82,2
DA:84,3
DA:85,3
DA:86,3
DA:88,2
DA:90,2
DA:93,20
DA:96,20
DA:97,1
DA:100,19
DA:101,19
DA:103,19
DA:104,11
DA:105,11
DA:106,11
DA:107,11
DA:109,11
DA:110,11
DA:111,11
DA:113,11
DA:114,11
DA:115,11
DA:116,11
DA:117,11
DA:118,11
DA:119,11
DA:121,11
DA:122,11
DA:123,22
DA:124,22
DA:125,11
DA:126,11
DA:127,11
DA:128,11
DA:130,11
DA:131,11
DA:132,11
DA:133,8
DA:134,4
DA:136,4
DA:137,4
DA:138,4
DA:140,4
DA:141,4
DA:142,4
DA:144,4
DA:145,4
DA:146,4
DA:147,4
DA:148,4
DA:149,8
DA:150,8
DA:151,4
DA:152,4
DA:154,4
DA:155,4
DA:156,4
DA:157,4
DA:160,15
DA:161,19
DA:164,2
DA:165,2
DA:166,1
DA:169,1
DA:170,1
DA:172,1
DA:173,0
DA:174,0
DA:177,1
DA:178,1
DA:180,14
DA:181,13
DA:182,13
DA:184,13
DA:185,2
DA:186,2
DA:187,2
DA:189,2
DA:192,11
DA:193,3
DA:194,0
DA:196,3
DA:197,8
DA:198,8
DA:199,0
DA:200,0
DA:202,8
DA:203,8
DA:205,8
DA:206,8
DA:207,7
DA:208,7
DA:209,7
DA:210,7
DA:212,1
DA:213,1
DA:214,1
DA:215,8
DA:218,1
DA:219,1
DA:222,1
DA:224,4
DA:225,3
DA:226,3
DA:227,1
DA:231,4
DA:232,4
DA:233,4
DA:234,4
DA:235,0
DA:236,0
DA:238,4
DA:239,4
DA:240,4
DA:241,1
DA:242,1
DA:244,13
DA:245,4
DA:246,4
DA:248,3
DA:250,3
DA:251,4
LF:168
LH:160
end_of_record
