TN:
SF:/media/sf_Share_folder/UI/Spotify-rep-1-1/project/include/controller/BaseController.hpp
FN:8,_ZN14BaseControllerD0Ev
FN:8,_ZN14BaseControllerD2Ev
FNDA:18,_ZN14BaseControllerD2Ev
FNDA:0,_ZN14BaseControllerD0Ev
FNF:2
FNH:1
DA:8,18
LF:1
LH:1
end_of_record
TN:
SF:/media/sf_Share_folder/UI/Spotify-rep-1-1/project/include/controller/ControllerManager.hpp
FN:68,_ZN17ControllerManagerD0Ev
FN:68,_ZN17ControllerManagerD2Ev
FNDA:0,_ZN17ControllerManagerD0Ev
FNDA:0,_ZN17ControllerManagerD2Ev
FNF:2
FNH:0
DA:68,0
LF:1
LH:0
end_of_record
TN:
SF:/media/sf_Share_folder/UI/Spotify-rep-1-1/project/src/controller/ControllerManager.cpp
FN:7,_ZN17ControllerManagerC2EP11ViewManagerP12ModelManager
FN:22,_ZN17ControllerManager11getInstanceEP11ViewManagerP12ModelManager
FN:34,_ZNK17ControllerManager21getMainMenuControllerEv
FN:43,_ZNK17ControllerManager24getScanfOptionControllerEv
FN:52,_ZNK17ControllerManager21getPlaylistControllerEv
FN:61,_ZNK17ControllerManager22getMediaFileControllerEv
FN:70,_ZNK17ControllerManager25getPlayingMediaControllerEv
FN:79,_ZNK17ControllerManager29getDetailedPlaylistControllerEv
FN:88,_ZNK17ControllerManager21getMetadataControllerEv
FN:97,_ZNK17ControllerManager21getHardwareControllerEv
FN:106,_ZNK17ControllerManager14getViewManagerEv
FN:111,_ZNK17ControllerManager15getModelManagerEv
FNDA:0,_ZNK17ControllerManager24getScanfOptionControllerEv
FNDA:0,_ZNK17ControllerManager21getMetadataControllerEv
FNDA:0,_ZNK17ControllerManager21getHardwareControllerEv
FNDA:0,_ZNK17ControllerManager29getDetailedPlaylistControllerEv
FNDA:0,_ZNK17ControllerManager22getMediaFileControllerEv
FNDA:0,_ZNK17ControllerManager21getMainMenuControllerEv
FNDA:0,_ZNK17ControllerManager25getPlayingMediaControllerEv
FNDA:0,_ZNK17ControllerManager14getViewManagerEv
FNDA:0,_ZNK17ControllerManager15getModelManagerEv
FNDA:0,_ZN17ControllerManagerC2EP11ViewManagerP12ModelManager
FNDA:0,_ZNK17ControllerManager21getPlaylistControllerEv
FNDA:0,_ZN17ControllerManager11getInstanceEP11ViewManagerP12ModelManager
FNF:12
FNH:0
DA:7,0
DA:8,0
DA:9,0
DA:10,0
DA:11,0
DA:12,0
DA:13,0
DA:14,0
DA:15,0
DA:16,0
DA:17,0
DA:22,0
DA:23,0
DA:24,0
DA:25,0
DA:27,0
DA:29,0
DA:34,0
DA:35,0
DA:36,0
DA:38,0
DA:43,0
DA:44,0
DA:45,0
DA:47,0
DA:52,0
DA:53,0
DA:54,0
DA:56,0
DA:61,0
DA:62,0
DA:63,0
DA:65,0
DA:70,0
DA:71,0
DA:72,0
DA:74,0
DA:79,0
DA:80,0
DA:81,0
DA:83,0
DA:88,0
DA:89,0
DA:90,0
DA:92,0
DA:97,0
DA:98,0
DA:99,0
DA:101,0
DA:106,0
DA:107,0
DA:111,0
DA:112,0
LF:53
LH:0
end_of_record
TN:
SF:/media/sf_Share_folder/UI/Spotify-rep-1-1/project/src/controller/DetailedPlaylistController.cpp
FN:6,_ZN26DetailedPlaylistController11handleInputENSt7__cxx1112basic_stringIcSt11char_traitsIcESaIcEEE
FN:90,_ZN26DetailedPlaylistController17addSongToPlaylistERKNSt7__cxx1112basic_stringIcSt11char_traitsIcESaIcEEES7_
FN:98,_ZN26DetailedPlaylistController22removeSongFromPlaylistERKNSt7__cxx1112basic_stringIcSt11char_traitsIcESaIcEEES7_
FN:106,_ZN26DetailedPlaylistController4backEv
FN:111,_ZN26DetailedPlaylistController19showMediafileInListERKNSt7__cxx1112basic_stringIcSt11char_traitsIcESaIcEEE
FNDA:0,_ZN26DetailedPlaylistController11handleInputENSt7__cxx1112basic_stringIcSt11char_traitsIcESaIcEEE
FNDA:0,_ZN26DetailedPlaylistController17addSongToPlaylistERKNSt7__cxx1112basic_stringIcSt11char_traitsIcESaIcEEES7_
FNDA:0,_ZN26DetailedPlaylistController19showMediafileInListERKNSt7__cxx1112basic_stringIcSt11char_traitsIcESaIcEEE
FNDA:0,_ZN26DetailedPlaylistController4backEv
FNDA:0,_ZN26DetailedPlaylistController22removeSongFromPlaylistERKNSt7__cxx1112basic_stringIcSt11char_traitsIcESaIcEEES7_
FNF:5
FNH:0
DA:6,0
DA:7,0
DA:10,0
DA:11,0
DA:14,0
DA:17,0
DA:20,0
DA:21,0
DA:22,0
DA:23,0
DA:24,0
DA:25,0
DA:26,0
DA:27,0
DA:29,0
DA:31,0
DA:32,0
DA:33,0
DA:34,0
DA:35,0
DA:36,0
DA:37,0
DA:38,0
DA:39,0
DA:40,0
DA:42,0
DA:45,0
DA:47,0
DA:48,0
DA:49,0
DA:50,0
DA:51,0
DA:52,0
DA:53,0
DA:54,0
DA:55,0
DA:57,0
DA:59,0
DA:60,0
DA:61,0
DA:62,0
DA:63,0
DA:65,0
DA:66,0
DA:67,0
DA:68,0
DA:69,0
DA:70,0
DA:71,0
DA:72,0
DA:73,0
DA:75,0
DA:76,0
DA:77,0
DA:79,0
DA:81,0
DA:82,0
DA:84,0
DA:86,0
DA:90,0
DA:91,0
DA:92,0
DA:93,0
DA:94,0
DA:98,0
DA:99,0
DA:100,0
DA:101,0
DA:102,0
DA:106,0
DA:107,0
DA:111,0
DA:112,0
DA:113,0
DA:114,0
LF:75
LH:0
end_of_record
TN:
SF:/media/sf_Share_folder/UI/Spotify-rep-1-1/project/src/controller/HardwareController.cpp
FN:7,_ZN18HardwareController15sendPlayCommandEv
FN:12,_ZN18HardwareController16sendPauseCommandEv
FN:18,_ZN18HardwareController15sendStopCommandEv
FN:24,_ZN18HardwareController10sendSignalERKNSt7__cxx1112basic_stringIcSt11char_traitsIcESaIcEEE
FN:29,_ZN18HardwareControllerC2ERKNSt7__cxx1112basic_stringIcSt11char_traitsIcESaIcEEEi
FN:31,_ZZN18HardwareControllerC4ERKNSt7__cxx1112basic_stringIcSt11char_traitsIcESaIcEEEiENKUlS7_E_clES7_
FN:37,_ZN18HardwareControllerD2Ev
FN:37,_ZN18HardwareControllerD0Ev
FN:41,_ZN18HardwareController18handleReceivedDataERKNSt7__cxx1112basic_stringIcSt11char_traitsIcESaIcEEE
FN:55,_ZN18HardwareController12startReadingEv
FN:61,_ZZN18HardwareController12startReadingEvENKUlvE_clEv
FN:70,_ZN18HardwareController11stopReadingEv
FNDA:0,_ZN18HardwareController11stopReadingEv
FNDA:0,_ZZN18HardwareController12startReadingEvENKUlvE_clEv
FNDA:0,_ZN18HardwareController15sendPlayCommandEv
FNDA:0,_ZN18HardwareController12startReadingEv
FNDA:0,_ZN18HardwareController10sendSignalERKNSt7__cxx1112basic_stringIcSt11char_traitsIcESaIcEEE
FNDA:0,_ZN18HardwareController18handleReceivedDataERKNSt7__cxx1112basic_stringIcSt11char_traitsIcESaIcEEE
FNDA:0,_ZN18HardwareControllerC2ERKNSt7__cxx1112basic_stringIcSt11char_traitsIcESaIcEEEi
FNDA:0,_ZZN18HardwareControllerC4ERKNSt7__cxx1112basic_stringIcSt11char_traitsIcESaIcEEEiENKUlS7_E_clES7_
FNDA:0,_ZN18HardwareController16sendPauseCommandEv
FNDA:0,_ZN18HardwareControllerD2Ev
FNDA:0,_ZN18HardwareController15sendStopCommandEv
FNDA:0,_ZN18HardwareControllerD0Ev
FNF:12
FNH:0
DA:7,0
DA:8,0
DA:9,0
DA:12,0
DA:13,0
DA:14,0
DA:18,0
DA:19,0
DA:20,0
DA:24,0
DA:25,0
DA:26,0
DA:29,0
DA:30,0
DA:31,0
DA:32,0
DA:33,0
DA:34,0
DA:37,0
DA:38,0
DA:39,0
DA:41,0
DA:42,0
DA:43,0
DA:44,0
DA:45,0
DA:46,0
DA:47,0
DA:48,0
DA:49,0
DA:51,0
DA:53,0
DA:55,0
DA:56,0
DA:57,0
DA:59,0
DA:61,0
DA:63,0
DA:64,0
DA:65,0
DA:66,0
DA:67,0
DA:70,0
DA:71,0
DA:72,0
DA:74,0
DA:75,0
DA:76,0
DA:77,0
LF:49
LH:0
end_of_record
TN:
SF:/media/sf_Share_folder/UI/Spotify-rep-1-1/project/src/controller/MainMenuController.cpp
FN:4,_ZN18MainMenuController11handleInputEv
FN:55,_ZN18MainMenuController4backEv
FNDA:0,_ZN18MainMenuController11handleInputEv
FNDA:0,_ZN18MainMenuController4backEv
FNF:2
FNH:0
DA:4,0
DA:6,0
DA:8,0
DA:9,0
DA:12,0
DA:15,0
DA:16,0
DA:17,0
DA:18,0
DA:19,0
DA:22,0
DA:24,0
DA:25,0
DA:26,0
DA:28,0
DA:29,0
DA:30,0
DA:32,0
DA:33,0
DA:34,0
DA:36,0
DA:37,0
DA:38,0
DA:40,0
DA:41,0
DA:43,0
DA:44,0
DA:45,0
DA:47,0
DA:49,0
DA:52,0
DA:53,0
DA:55,0
DA:56,0
DA:57,0
DA:58,0
DA:59,0
DA:60,0
LF:38
LH:0
end_of_record
TN:
SF:/media/sf_Share_folder/UI/Spotify-rep-1-1/project/src/controller/MediaFileController.cpp
FN:6,_ZN19MediaFileController11handleInputEv
FN:75,_ZN19MediaFileController4backEv
FN:80,_ZN19MediaFileController31displayMediaFilesWithPaginationERKSt6vectorISt10shared_ptrI9MediaFileESaIS3_EEm
FNDA:0,_ZN19MediaFileController11handleInputEv
FNDA:0,_ZN19MediaFileController4backEv
FNDA:0,_ZN19MediaFileController31displayMediaFilesWithPaginationERKSt6vectorISt10shared_ptrI9MediaFileESaIS3_EEm
FNF:3
FNH:0
DA:6,0
DA:7,0
DA:8,0
DA:9,0
DA:12,0
DA:13,0
DA:14,0
DA:15,0
DA:17,0
DA:19,0
DA:20,0
DA:21,0
DA:23,0
DA:24,0
DA:25,0
DA:26,0
DA:27,0
DA:28,0
DA:29,0
DA:31,0
DA:32,0
DA:35,0
DA:37,0
DA:38,0
DA:40,0
DA:41,0
DA:42,0
DA:43,0
DA:44,0
DA:46,0
DA:49,0
DA:51,0
DA:52,0
DA:53,0
DA:54,0
DA:55,0
DA:58,0
DA:60,0
DA:62,0
DA:63,0
DA:64,0
DA:67,0
DA:69,0
DA:72,0
DA:73,0
DA:75,0
DA:76,0
DA:77,0
DA:80,0
DA:81,0
DA:82,0
DA:83,0
DA:84,0
DA:86,0
LF:54
LH:0
end_of_record
TN:
SF:/media/sf_Share_folder/UI/Spotify-rep-1-1/project/src/controller/MetadataController.cpp
FN:12,_ZN18MetadataController11handleInputERKNSt7__cxx1112basic_stringIcSt11char_traitsIcESaIcEEE
FN:41,_ZNK18MetadataController20getMediaFileMetadataERKSt10shared_ptrI9MediaFileE
FN:46,_ZN18MetadataController23updateMediaFileMetadataERKNSt7__cxx1112basic_stringIcSt11char_traitsIcESaIcEEES7_S7_
FN:51,_ZN18MetadataController4backEv
FN:54,_ZN18MetadataController15handleEditAudioERKNSt7__cxx1112basic_stringIcSt11char_traitsIcESaIcEEES7_
FN:117,_ZN18MetadataController15handleEditVideoERKNSt7__cxx1112basic_stringIcSt11char_traitsIcESaIcEEES7_
FNDA:0,_ZNK18MetadataController20getMediaFileMetadataERKSt10shared_ptrI9MediaFileE
FNDA:0,_ZN18MetadataController15handleEditAudioERKNSt7__cxx1112basic_stringIcSt11char_traitsIcESaIcEEES7_
FNDA:0,_ZN18MetadataController23updateMediaFileMetadataERKNSt7__cxx1112basic_stringIcSt11char_traitsIcESaIcEEES7_S7_
FNDA:0,_ZN18MetadataController4backEv
FNDA:0,_ZN18MetadataController15handleEditVideoERKNSt7__cxx1112basic_stringIcSt11char_traitsIcESaIcEEES7_
FNDA:0,_ZN18MetadataController11handleInputERKNSt7__cxx1112basic_stringIcSt11char_traitsIcESaIcEEE
FNF:6
FNH:0
DA:12,0
DA:13,0
DA:16,0
DA:17,0
DA:20,0
DA:23,0
DA:24,0
DA:25,0
DA:26,0
DA:28,0
DA:29,0
DA:30,0
DA:32,0
DA:34,0
DA:37,0
DA:38,0
DA:41,0
DA:42,0
DA:43,0
DA:46,0
DA:47,0
DA:48,0
DA:51,0
DA:52,0
DA:54,0
DA:55,0
DA:56,0
DA:58,0
DA:59,0
DA:61,0
DA:62,0
DA:63,0
DA:66,0
DA:67,0
DA:68,0
DA:69,0
DA:71,0
DA:72,0
DA:73,0
DA:74,0
DA:75,0
DA:77,0
DA:78,0
DA:79,0
DA:80,0
DA:81,0
DA:83,0
DA:84,0
DA:85,0
DA:86,0
DA:87,0
DA:89,0
DA:90,0
DA:91,0
DA:92,0
DA:93,0
DA:95,0
DA:96,0
DA:97,0
DA:98,0
DA:99,0
DA:101,0
DA:102,0
DA:103,0
DA:104,0
DA:105,0
DA:107,0
DA:108,0
DA:110,0
DA:111,0
DA:113,0
DA:115,0
DA:117,0
DA:118,0
DA:119,0
DA:121,0
DA:122,0
DA:124,0
DA:125,0
DA:126,0
DA:129,0
DA:130,0
DA:131,0
DA:132,0
DA:134,0
DA:135,0
DA:136,0
DA:137,0
DA:138,0
DA:140,0
DA:141,0
DA:143,0
DA:144,0
DA:146,0
DA:148,0
LF:95
LH:0
end_of_record
TN:
SF:/media/sf_Share_folder/UI/Spotify-rep-1-1/project/src/controller/PlayingMediaController.cpp
FN:4,_ZN22PlayingMediaController11handleInputERKNSt7__cxx1112basic_stringIcSt11char_traitsIcESaIcEEE
FN:39,_ZN22PlayingMediaController13playMediaFileERKSt10shared_ptrI9MediaFileE
FN:45,_ZN22PlayingMediaController4playEv
FN:52,_ZN22PlayingMediaController5pauseEv
FN:59,_ZN22PlayingMediaController10skipToNextEv
FN:66,_ZN22PlayingMediaController14skipToPreviousEv
FN:73,_ZN22PlayingMediaController12adjustVolumeEm
FN:78,_ZN22PlayingMediaController10updateTimeEv
FN:84,_ZN22PlayingMediaController4backEv
FN:88,_ZN22PlayingMediaController17updateElapsedTimeEv
FN:102,_ZN22PlayingMediaController17startUpdateThreadEv
FN:112,_ZN22PlayingMediaController16stopUpdateThreadEv
FNDA:0,_ZN22PlayingMediaController4backEv
FNDA:0,_ZN22PlayingMediaController12adjustVolumeEm
FNDA:0,_ZN22PlayingMediaController17startUpdateThreadEv
FNDA:0,_ZN22PlayingMediaController10skipToNextEv
FNDA:0,_ZN22PlayingMediaController10updateTimeEv
FNDA:0,_ZN22PlayingMediaController14skipToPreviousEv
FNDA:0,_ZN22PlayingMediaController17updateElapsedTimeEv
FNDA:0,_ZN22PlayingMediaController4playEv
FNDA:0,_ZN22PlayingMediaController11handleInputERKNSt7__cxx1112basic_stringIcSt11char_traitsIcESaIcEEE
FNDA:0,_ZN22PlayingMediaController13playMediaFileERKSt10shared_ptrI9MediaFileE
FNDA:0,_ZN22PlayingMediaController5pauseEv
FNDA:0,_ZN22PlayingMediaController16stopUpdateThreadEv
FNF:12
FNH:0
DA:4,0
DA:5,0
DA:7,0
DA:8,0
DA:10,0
DA:11,0
DA:12,0
DA:14,0
DA:15,0
DA:16,0
DA:17,0
DA:19,0
DA:20,0
DA:21,0
DA:22,0
DA:24,0
DA:25,0
DA:26,0
DA:27,0
DA:29,0
DA:30,0
DA:31,0
DA:32,0
DA:35,0
DA:36,0
DA:39,0
DA:40,0
DA:41,0
DA:42,0
DA:45,0
DA:46,0
DA:47,0
DA:48,0
DA:49,0
DA:52,0
DA:53,0
DA:54,0
DA:55,0
DA:56,0
DA:59,0
DA:60,0
DA:61,0
DA:62,0
DA:63,0
DA:66,0
DA:67,0
DA:68,0
DA:69,0
DA:70,0
DA:73,0
DA:74,0
DA:75,0
DA:78,0
DA:79,0
DA:80,0
DA:81,0
DA:82,0
DA:84,0
DA:85,0
DA:88,0
DA:89,0
DA:91,0
DA:92,0
DA:93,0
DA:94,0
DA:95,0
DA:96,0
DA:99,0
DA:102,0
DA:103,0
DA:104,0
DA:105,0
DA:106,0
DA:109,0
DA:112,0
DA:113,0
DA:114,0
DA:115,0
DA:116,0
DA:119,0
LF:80
LH:0
end_of_record
TN:
SF:/media/sf_Share_folder/UI/Spotify-rep-1-1/project/src/controller/PlaylistController.cpp
FN:5,_ZN18PlaylistController11handleInputEv
FN:60,_ZN18PlaylistController14createPlaylistERKNSt7__cxx1112basic_stringIcSt11char_traitsIcESaIcEEE
FN:66,_ZN18PlaylistController14deletePlaylistERKNSt7__cxx1112basic_stringIcSt11char_traitsIcESaIcEEE
FN:71,_ZN18PlaylistController4backEv
FN:75,_ZN18PlaylistController16showAllPlaylistsERKSt6vectorISt10shared_ptrI8PlaylistESaIS3_EE
FNDA:0,_ZN18PlaylistController4backEv
FNDA:0,_ZN18PlaylistController16showAllPlaylistsERKSt6vectorISt10shared_ptrI8PlaylistESaIS3_EE
FNDA:0,_ZN18PlaylistController14createPlaylistERKNSt7__cxx1112basic_stringIcSt11char_traitsIcESaIcEEE
FNDA:0,_ZN18PlaylistController14deletePlaylistERKNSt7__cxx1112basic_stringIcSt11char_traitsIcESaIcEEE
FNDA:0,_ZN18PlaylistController11handleInputEv
FNF:5
FNH:0
DA:5,0
DA:6,0
DA:10,0
DA:11,0
DA:14,0
DA:17,0
DA:20,0
DA:21,0
DA:22,0
DA:23,0
DA:24,0
DA:26,0
DA:29,0
DA:31,0
DA:32,0
DA:33,0
DA:34,0
DA:35,0
DA:36,0
DA:37,0
DA:38,0
DA:39,0
DA:40,0
DA:41,0
DA:42,0
DA:44,0
DA:47,0
DA:49,0
DA:50,0
DA:51,0
DA:52,0
DA:53,0
DA:56,0
DA:57,0
DA:60,0
DA:61,0
DA:62,0
DA:63,0
DA:66,0
DA:67,0
DA:68,0
DA:71,0
DA:72,0
DA:75,0
DA:76,0
DA:77,0
LF:46
LH:0
end_of_record
TN:
SF:/media/sf_Share_folder/UI/Spotify-rep-1-1/project/src/controller/ScanfOptionController.cpp
FN:21,_ZN21ScanfOptionController11handleInputEv
FN:64,_ZN21ScanfOptionController13scanDirectoryERKNSt7__cxx1112basic_stringIcSt11char_traitsIcESaIcEEE
FN:77,_ZN21ScanfOptionController13scanUSBDeviceERKNSt7__cxx1112basic_stringIcSt11char_traitsIcESaIcEEE
FN:89,_ZN21ScanfOptionController4backEv
FN:93,_ZN21ScanfOptionController13scanfFilePathERKNSt7__cxx1112basic_stringIcSt11char_traitsIcESaIcEEE
FN:164,_ZN21ScanfOptionController20scanPlaylistsFromTxtERKNSt7__cxx1112basic_stringIcSt11char_traitsIcESaIcEEE
FN:231,_ZN21ScanfOptionController7scanUSBB5cxx11Ev
FNDA:0,_ZN21ScanfOptionController13scanfFilePathERKNSt7__cxx1112basic_stringIcSt11char_traitsIcESaIcEEE
FNDA:0,_ZN21ScanfOptionController13scanUSBDeviceERKNSt7__cxx1112basic_stringIcSt11char_traitsIcESaIcEEE
FNDA:0,_ZN21ScanfOptionController4backEv
FNDA:0,_ZN21ScanfOptionController20scanPlaylistsFromTxtERKNSt7__cxx1112basic_stringIcSt11char_traitsIcESaIcEEE
FNDA:6,_ZN21ScanfOptionController7scanUSBB5cxx11Ev
FNDA:0,_ZN21ScanfOptionController11handleInputEv
FNDA:0,_ZN21ScanfOptionController13scanDirectoryERKNSt7__cxx1112basic_stringIcSt11char_traitsIcESaIcEEE
FNF:7
FNH:1
DA:21,0
DA:22,0
DA:25,0
DA:26,0
DA:27,0
DA:28,0
DA:29,0
DA:30,0
DA:31,0
DA:32,0
DA:33,0
DA:34,0
DA:35,0
DA:37,0
DA:38,0
DA:39,0
DA:40,0
DA:43,0
DA:44,0
DA:45,0
DA:46,0
DA:47,0
DA:50,0
DA:52,0
DA:53,0
DA:55,0
DA:56,0
DA:57,0
DA:60,0
DA:61,0
DA:64,0
DA:65,0
DA:66,0
DA:67,0
DA:68,0
DA:69,0
DA:70,0
DA:72,0
DA:73,0
DA:74,0
DA:77,0
DA:78,0
DA:79,0
DA:80,0
DA:81,0
DA:82,0
DA:83,0
DA:85,0
DA:86,0
DA:87,0
DA:89,0
DA:90,0
DA:93,0
DA:96,0
DA:97,0
DA:100,0
DA:101,0
DA:103,0
DA:104,0
DA:105,0
DA:106,0
DA:107,0
DA:109,0
DA:110,0
DA:111,0
DA:113,0
DA:114,0
DA:115,0
DA:116,0
DA:117,0
DA:118,0
DA:119,0
DA:121,0
DA:122,0
DA:123,0
DA:124,0
DA:125,0
DA:126,0
DA:127,0
DA:128,0
DA:130,0
DA:131,0
DA:132,0
DA:133,0
DA:134,0
DA:136,0
DA:137,0
DA:138,0
DA:140,0
DA:141,0
DA:142,0
DA:144,0
DA:145,0
DA:146,0
DA:147,0
DA:148,0
DA:149,0
DA:150,0
DA:151,0
DA:152,0
DA:154,0
DA:155,0
DA:156,0
DA:157,0
DA:160,0
DA:161,0
DA:164,0
DA:165,0
DA:166,0
DA:169,0
DA:170,0
DA:172,0
DA:173,0
DA:174,0
DA:177,0
DA:178,0
DA:180,0
DA:181,0
DA:182,0
DA:184,0
DA:185,0
DA:186,0
DA:187,0
DA:189,0
DA:192,0
DA:193,0
DA:194,0
DA:196,0
DA:197,0
DA:198,0
DA:199,0
DA:200,0
DA:202,0
DA:203,0
DA:205,0
DA:206,0
DA:207,0
DA:208,0
DA:209,0
DA:210,0
DA:212,0
DA:213,0
DA:214,0
DA:215,0
DA:218,0
DA:219,0
DA:222,0
DA:224,0
DA:225,0
DA:226,0
DA:227,0
DA:231,6
DA:232,6
DA:233,6
DA:234,6
DA:235,0
DA:236,0
DA:238,6
DA:239,6
DA:240,6
DA:241,2
DA:242,2
DA:244,16
DA:245,4
DA:246,4
DA:248,4
DA:250,4
DA:251,6
LF:168
LH:15
end_of_record
