TN:
SF:/usr/include/c++/11/bits/alloc_traits.h
FN:463,_ZNSt16allocator_traitsISaISt13_Rb_tree_nodeISt4pairIKPKN5boost6system14error_categoryESt10unique_ptrINS3_6detail12std_categoryESt14default_deleteISA_EEEEEE8allocateERSG_m
FNDA:0,_ZNSt16allocator_traitsISaISt13_Rb_tree_nodeISt4pairIKPKN5boost6system14error_categoryESt10unique_ptrINS3_6detail12std_categoryESt14default_deleteISA_EEEEEE8allocateERSG_m
FN:463,_ZNSt16allocator_traitsISaISt10unique_ptrI14BaseControllerSt14default_deleteIS1_EEEE8allocateERS5_m
FNDA:0,_ZNSt16allocator_traitsISaISt10unique_ptrI14BaseControllerSt14default_deleteIS1_EEEE8allocateERS5_m
FN:463,_ZNSt16allocator_traitsISaIcEE8allocateERS0_m
FNDA:1242,_ZNSt16allocator_traitsISaIcEE8allocateERS0_m
FN:495,_ZNSt16allocator_traitsISaISt13_Rb_tree_nodeISt4pairIKPKN5boost6system14error_categoryESt10unique_ptrINS3_6detail12std_categoryESt14default_deleteISA_EEEEEE10deallocateERSG_PSF_m
FNDA:0,_ZNSt16allocator_traitsISaISt13_Rb_tree_nodeISt4pairIKPKN5boost6system14error_categoryESt10unique_ptrINS3_6detail12std_categoryESt14default_deleteISA_EEEEEE10deallocateERSG_PSF_m
FN:495,_ZNSt16allocator_traitsISaISt10unique_ptrI14BaseControllerSt14default_deleteIS1_EEEE10deallocateERS5_PS4_m
FNDA:0,_ZNSt16allocator_traitsISaISt10unique_ptrI14BaseControllerSt14default_deleteIS1_EEEE10deallocateERS5_PS4_m
FN:495,_ZNSt16allocator_traitsISaIcEE10deallocateERS0_Pcm
FNDA:165,_ZNSt16allocator_traitsISaIcEE10deallocateERS0_Pcm
FN:511,_ZNSt16allocator_traitsISaISt13_Rb_tree_nodeISt4pairIKPKN5boost6system14error_categoryESt10unique_ptrINS3_6detail12std_categoryESt14default_deleteISA_EEEEEE9constructISE_JSE_EEEvRSG_PT_DpOT0_
FNDA:0,_ZNSt16allocator_traitsISaISt13_Rb_tree_nodeISt4pairIKPKN5boost6system14error_categoryESt10unique_ptrINS3_6detail12std_categoryESt14default_deleteISA_EEEEEE9constructISE_JSE_EEEvRSG_PT_DpOT0_
FN:511,_ZNSt16allocator_traitsISaISt10unique_ptrI14BaseControllerSt14default_deleteIS1_EEEE9constructIS4_JS4_EEEvRS5_PT_DpOT0_
FNDA:0,_ZNSt16allocator_traitsISaISt10unique_ptrI14BaseControllerSt14default_deleteIS1_EEEE9constructIS4_JS4_EEEvRS5_PT_DpOT0_
FN:531,_ZNSt16allocator_traitsISaISt13_Rb_tree_nodeISt4pairIKPKN5boost6system14error_categoryESt10unique_ptrINS3_6detail12std_categoryESt14default_deleteISA_EEEEEE7destroyISE_EEvRSG_PT_
FNDA:0,_ZNSt16allocator_traitsISaISt13_Rb_tree_nodeISt4pairIKPKN5boost6system14error_categoryESt10unique_ptrINS3_6detail12std_categoryESt14default_deleteISA_EEEEEE7destroyISE_EEvRSG_PT_
FN:531,_ZNSt16allocator_traitsISaISt10unique_ptrI14BaseControllerSt14default_deleteIS1_EEEE7destroyIS4_EEvRS5_PT_
FNDA:0,_ZNSt16allocator_traitsISaISt10unique_ptrI14BaseControllerSt14default_deleteIS1_EEEE7destroyIS4_EEvRS5_PT_
FN:547,_ZNSt16allocator_traitsISaISt10unique_ptrI14BaseControllerSt14default_deleteIS1_EEEE8max_sizeERKS5_
FNDA:0,_ZNSt16allocator_traitsISaISt10unique_ptrI14BaseControllerSt14default_deleteIS1_EEEE8max_sizeERKS5_
FN:547,_ZNSt16allocator_traitsISaIcEE8max_sizeERKS0_
FNDA:2237,_ZNSt16allocator_traitsISaIcEE8max_sizeERKS0_
FN:845,_ZSt8_DestroyIPSt10unique_ptrI14BaseControllerSt14default_deleteIS1_EES4_EvT_S6_RSaIT0_E
FNDA:0,_ZSt8_DestroyIPSt10unique_ptrI14BaseControllerSt14default_deleteIS1_EES4_EvT_S6_RSaIT0_E
DA:463,0
DA:464,0
DA:463,0
DA:464,0
DA:463,1242
DA:464,1242
DA:495,0
DA:496,0
DA:495,0
DA:496,0
DA:495,165
DA:496,165
DA:511,0
DA:518,0
DA:520,0
DA:511,0
DA:518,0
DA:520,0
DA:531,0
DA:537,0
DA:539,0
DA:531,0
DA:537,0
DA:539,0
DA:547,0
DA:552,0
DA:547,2237
DA:552,2237
DA:845,0
DA:848,0
DA:849,0
end_of_record
SF:/media/sf_Share_folder/UI/Spotify-rep-1-1/project/include/controller/BaseController.hpp
FN:8,_ZN14BaseControllerD0Ev
FNDA:0,_ZN14BaseControllerD0Ev
FN:8,_ZN14BaseControllerD2Ev
FNDA:18,_ZN14BaseControllerD2Ev
DA:8,0
DA:8,18
end_of_record
SF:/usr/include/boost/system/detail/generic_category.hpp
FN:25,_ZN5boost6system6detail17strerror_r_helperEPKcS3_
FNDA:0,_ZN5boost6system6detail17strerror_r_helperEPKcS3_
FN:35,_ZN5boost6system6detail30generic_error_category_messageEiPcm
FNDA:0,_ZN5boost6system6detail30generic_error_category_messageEiPcm
FN:40,_ZN5boost6system6detail30generic_error_category_messageB5cxx11Ei
FNDA:0,_ZN5boost6system6detail30generic_error_category_messageB5cxx11Ei
DA:25,0
DA:27,0
DA:35,0
DA:37,0
DA:40,0
DA:43,0
end_of_record
SF:/usr/include/c++/11/bits/stl_map.h
FN:185,_ZNSt3mapIPKN5boost6system14error_categoryESt10unique_ptrINS1_6detail12std_categoryESt14default_deleteIS7_EENS6_12cat_ptr_lessESaISt4pairIKS4_SA_EEEC2Ev
FNDA:0,_ZNSt3mapIPKN5boost6system14error_categoryESt10unique_ptrINS1_6detail12std_categoryESt14default_deleteIS7_EENS6_12cat_ptr_lessESaISt4pairIKS4_SA_EEEC2Ev
FN:302,_ZNSt3mapIPKN5boost6system14error_categoryESt10unique_ptrINS1_6detail12std_categoryESt14default_deleteIS7_EENS6_12cat_ptr_lessESaISt4pairIKS4_SA_EEED2Ev
FNDA:0,_ZNSt3mapIPKN5boost6system14error_categoryESt10unique_ptrINS1_6detail12std_categoryESt14default_deleteIS7_EENS6_12cat_ptr_lessESaISt4pairIKS4_SA_EEED2Ev
FN:374,_ZNSt3mapIPKN5boost6system14error_categoryESt10unique_ptrINS1_6detail12std_categoryESt14default_deleteIS7_EENS6_12cat_ptr_lessESaISt4pairIKS4_SA_EEE3endEv
FNDA:0,_ZNSt3mapIPKN5boost6system14error_categoryESt10unique_ptrINS1_6detail12std_categoryESt14default_deleteIS7_EENS6_12cat_ptr_lessESaISt4pairIKS4_SA_EEE3endEv
FN:810,_ZNSt3mapIPKN5boost6system14error_categoryESt10unique_ptrINS1_6detail12std_categoryESt14default_deleteIS7_EENS6_12cat_ptr_lessESaISt4pairIKS4_SA_EEE6insertEOSE_
FNDA:0,_ZNSt3mapIPKN5boost6system14error_categoryESt10unique_ptrINS1_6detail12std_categoryESt14default_deleteIS7_EENS6_12cat_ptr_lessESaISt4pairIKS4_SA_EEE6insertEOSE_
FN:1169,_ZNSt3mapIPKN5boost6system14error_categoryESt10unique_ptrINS1_6detail12std_categoryESt14default_deleteIS7_EENS6_12cat_ptr_lessESaISt4pairIKS4_SA_EEE4findERSD_
FNDA:0,_ZNSt3mapIPKN5boost6system14error_categoryESt10unique_ptrINS1_6detail12std_categoryESt14default_deleteIS7_EENS6_12cat_ptr_lessESaISt4pairIKS4_SA_EEE4findERSD_
DA:185,0
DA:302,0
DA:374,0
DA:375,0
DA:810,0
DA:811,0
DA:1169,0
DA:1170,0
end_of_record
SF:/usr/include/c++/11/bits/basic_string.tcc
FN:132,_ZNSt7__cxx1112basic_stringIcSt11char_traitsIcESaIcEE9_M_createERmm
FNDA:1242,_ZNSt7__cxx1112basic_stringIcSt11char_traitsIcESaIcEE9_M_createERmm
FN:206,_ZNSt7__cxx1112basic_stringIcSt11char_traitsIcESaIcEE12_M_constructIPKcEEvT_S8_St20forward_iterator_tag
FNDA:2506,_ZNSt7__cxx1112basic_stringIcSt11char_traitsIcESaIcEE12_M_constructIPKcEEvT_S8_St20forward_iterator_tag
FN:300,_ZNSt7__cxx1112basic_stringIcSt11char_traitsIcESaIcEE9_M_mutateEmmPKcm
FNDA:266,_ZNSt7__cxx1112basic_stringIcSt11char_traitsIcESaIcEE9_M_mutateEmmPKcm
FN:384,_ZNSt7__cxx1112basic_stringIcSt11char_traitsIcESaIcEE9_M_appendEPKcm
FNDA:326,_ZNSt7__cxx1112basic_stringIcSt11char_traitsIcESaIcEE9_M_appendEPKcm
FN:448,_ZNSt7__cxx1112basic_stringIcSt11char_traitsIcESaIcEE10_M_replaceEmmPKcm
FNDA:640,_ZNSt7__cxx1112basic_stringIcSt11char_traitsIcESaIcEE10_M_replaceEmmPKcm
DA:132,1242
DA:137,1242
DA:138,0
DA:143,1242
DA:145,289
DA:147,289
DA:148,0
DA:153,1242
DA:206,2506
DA:211,2506
DA:212,0
DA:215,2506
DA:217,2506
DA:219,22
DA:220,22
DA:225,2506
DA:232,2506
DA:233,2506
DA:300,266
DA:304,266
DA:306,266
DA:307,266
DA:309,266
DA:310,61
DA:311,266
DA:312,266
DA:313,266
DA:314,4
DA:315,4
DA:317,266
DA:318,266
DA:319,266
DA:320,266
DA:384,326
DA:387,326
DA:389,326
DA:391,267
DA:392,267
DA:395,59
DA:397,326
DA:398,326
DA:448,640
DA:452,640
DA:454,640
DA:455,640
DA:457,640
DA:459,433
DA:461,433
DA:462,433
DA:464,433
DA:465,0
DA:466,433
DA:467,415
DA:472,0
DA:473,0
DA:474,0
DA:475,0
DA:476,0
DA:478,0
DA:479,0
DA:480,0
DA:484,0
DA:485,0
DA:489,0
DA:490,0
DA:491,0
DA:498,207
DA:500,640
DA:501,640
end_of_record
SF:/usr/include/c++/11/bits/stl_construct.h
FN:80,_ZSt10destroy_atISt4pairIKPKN5boost6system14error_categoryESt10unique_ptrINS2_6detail12std_categoryESt14default_deleteIS9_EEEEvPT_
FNDA:0,_ZSt10destroy_atISt4pairIKPKN5boost6system14error_categoryESt10unique_ptrINS2_6detail12std_categoryESt14default_deleteIS9_EEEEvPT_
FN:80,_ZSt10destroy_atISt10unique_ptrI14BaseControllerSt14default_deleteIS1_EEEvPT_
FNDA:0,_ZSt10destroy_atISt10unique_ptrI14BaseControllerSt14default_deleteIS1_EEEvPT_
FN:94,_ZSt12construct_atISt4pairIKPKN5boost6system14error_categoryESt10unique_ptrINS2_6detail12std_categoryESt14default_deleteIS9_EEEJSD_EEDTgsnwcvPvLi0E_T_pispcl7declvalIT0_EEEEPSF_DpOSG_
FNDA:0,_ZSt12construct_atISt4pairIKPKN5boost6system14error_categoryESt10unique_ptrINS2_6detail12std_categoryESt14default_deleteIS9_EEEJSD_EEDTgsnwcvPvLi0E_T_pispcl7declvalIT0_EEEEPSF_DpOSG_
FN:94,_ZSt12construct_atISt10unique_ptrI14BaseControllerSt14default_deleteIS1_EEJS4_EEDTgsnwcvPvLi0E_T_pispcl7declvalIT0_EEEEPS6_DpOS7_
FNDA:0,_ZSt12construct_atISt10unique_ptrI14BaseControllerSt14default_deleteIS1_EEJS4_EEDTgsnwcvPvLi0E_T_pispcl7declvalIT0_EEEEPS6_DpOS7_
FN:146,_ZSt8_DestroyISt10unique_ptrI14BaseControllerSt14default_deleteIS1_EEEvPT_
FNDA:0,_ZSt8_DestroyISt10unique_ptrI14BaseControllerSt14default_deleteIS1_EEEvPT_
FN:160,_ZNSt12_Destroy_auxILb0EE9__destroyIPSt10unique_ptrI14BaseControllerSt14default_deleteIS3_EEEEvT_S8_
FNDA:0,_ZNSt12_Destroy_auxILb0EE9__destroyIPSt10unique_ptrI14BaseControllerSt14default_deleteIS3_EEEEvT_S8_
FN:182,_ZSt8_DestroyIPSt10unique_ptrI14BaseControllerSt14default_deleteIS1_EEEvT_S6_
FNDA:0,_ZSt8_DestroyIPSt10unique_ptrI14BaseControllerSt14default_deleteIS1_EEEvT_S6_
DA:80,0
DA:88,0
DA:89,0
DA:80,0
DA:88,0
DA:89,0
DA:94,0
DA:97,0
DA:94,0
DA:97,0
DA:146,0
DA:149,0
DA:153,0
DA:160,0
DA:162,0
DA:163,0
DA:164,0
DA:182,0
DA:192,0
DA:193,0
DA:196,0
end_of_record
SF:/usr/include/c++/11/bits/ptr_traits.h
FN:149,_ZNSt14pointer_traitsIPKcE10pointer_toERS0_
FNDA:11846,_ZNSt14pointer_traitsIPKcE10pointer_toERS0_
FN:149,_ZNSt14pointer_traitsIPcE10pointer_toERc
FNDA:6092,_ZNSt14pointer_traitsIPcE10pointer_toERc
DA:149,11846
DA:150,11846
DA:149,6092
DA:150,6092
end_of_record
SF:/media/sf_Share_folder/UI/Spotify-rep-1-1/project/include/controller/ControllerManager.hpp
FN:68,_ZN17ControllerManagerD0Ev
FNDA:0,_ZN17ControllerManagerD0Ev
FN:68,_ZN17ControllerManagerD2Ev
FNDA:0,_ZN17ControllerManagerD2Ev
DA:68,0
DA:68,0
end_of_record
SF:/usr/include/c++/11/bits/basic_string.h
FN:164,_ZNSt7__cxx1112basic_stringIcSt11char_traitsIcESaIcEE12_Alloc_hiderC2EPcRKS3_
FNDA:2458,_ZNSt7__cxx1112basic_stringIcSt11char_traitsIcESaIcEE12_Alloc_hiderC2EPcRKS3_
FN:186,_ZNSt7__cxx1112basic_stringIcSt11char_traitsIcESaIcEE7_M_dataEPc
FNDA:1021,_ZNSt7__cxx1112basic_stringIcSt11char_traitsIcESaIcEE7_M_dataEPc
FN:190,_ZNSt7__cxx1112basic_stringIcSt11char_traitsIcESaIcEE9_M_lengthEm
FNDA:10054,_ZNSt7__cxx1112basic_stringIcSt11char_traitsIcESaIcEE9_M_lengthEm
FN:194,_ZNKSt7__cxx1112basic_stringIcSt11char_traitsIcESaIcEE7_M_dataEv
FNDA:47760,_ZNKSt7__cxx1112basic_stringIcSt11char_traitsIcESaIcEE7_M_dataEv
FN:198,_ZNSt7__cxx1112basic_stringIcSt11char_traitsIcESaIcEE13_M_local_dataEv
FNDA:6092,_ZNSt7__cxx1112basic_stringIcSt11char_traitsIcESaIcEE13_M_local_dataEv
FN:208,_ZNKSt7__cxx1112basic_stringIcSt11char_traitsIcESaIcEE13_M_local_dataEv
FNDA:11846,_ZNKSt7__cxx1112basic_stringIcSt11char_traitsIcESaIcEE13_M_local_dataEv
FN:218,_ZNSt7__cxx1112basic_stringIcSt11char_traitsIcESaIcEE11_M_capacityEm
FNDA:923,_ZNSt7__cxx1112basic_stringIcSt11char_traitsIcESaIcEE11_M_capacityEm
FN:222,_ZNSt7__cxx1112basic_stringIcSt11char_traitsIcESaIcEE13_M_set_lengthEm
FNDA:9931,_ZNSt7__cxx1112basic_stringIcSt11char_traitsIcESaIcEE13_M_set_lengthEm
FN:229,_ZNKSt7__cxx1112basic_stringIcSt11char_traitsIcESaIcEE11_M_is_localEv
FNDA:11846,_ZNKSt7__cxx1112basic_stringIcSt11char_traitsIcESaIcEE11_M_is_localEv
FN:237,_ZNSt7__cxx1112basic_stringIcSt11char_traitsIcESaIcEE10_M_disposeEv
FNDA:6979,_ZNSt7__cxx1112basic_stringIcSt11char_traitsIcESaIcEE10_M_disposeEv
FN:244,_ZNSt7__cxx1112basic_stringIcSt11char_traitsIcESaIcEE10_M_destroyEm
FNDA:165,_ZNSt7__cxx1112basic_stringIcSt11char_traitsIcESaIcEE10_M_destroyEm
FN:294,_ZNSt7__cxx1112basic_stringIcSt11char_traitsIcESaIcEE16_M_get_allocatorEv
FNDA:3477,_ZNSt7__cxx1112basic_stringIcSt11char_traitsIcESaIcEE16_M_get_allocatorEv
FN:298,_ZNKSt7__cxx1112basic_stringIcSt11char_traitsIcESaIcEE16_M_get_allocatorEv
FNDA:4099,_ZNKSt7__cxx1112basic_stringIcSt11char_traitsIcESaIcEE16_M_get_allocatorEv
FN:328,_ZNKSt7__cxx1112basic_stringIcSt11char_traitsIcESaIcEE15_M_check_lengthEmmPKc
FNDA:706,_ZNKSt7__cxx1112basic_stringIcSt11char_traitsIcESaIcEE15_M_check_lengthEmmPKc
FN:345,_ZNKSt7__cxx1112basic_stringIcSt11char_traitsIcESaIcEE11_M_disjunctEPKc
FNDA:433,_ZNKSt7__cxx1112basic_stringIcSt11char_traitsIcESaIcEE11_M_disjunctEPKc
FN:354,_ZNSt7__cxx1112basic_stringIcSt11char_traitsIcESaIcEE7_S_copyEPcPKcm
FNDA:7682,_ZNSt7__cxx1112basic_stringIcSt11char_traitsIcESaIcEE7_S_copyEPcPKcm
FN:363,_ZNSt7__cxx1112basic_stringIcSt11char_traitsIcESaIcEE7_S_moveEPcPKcm
FNDA:0,_ZNSt7__cxx1112basic_stringIcSt11char_traitsIcESaIcEE7_S_moveEPcPKcm
FN:404,_ZNSt7__cxx1112basic_stringIcSt11char_traitsIcESaIcEE13_S_copy_charsEPcPKcS7_
FNDA:2506,_ZNSt7__cxx1112basic_stringIcSt11char_traitsIcESaIcEE13_S_copy_charsEPcPKcS7_
FN:533,_ZNSt7__cxx1112basic_stringIcSt11char_traitsIcESaIcEEC2IS3_EEPKcRKS3_
FNDA:2364,_ZNSt7__cxx1112basic_stringIcSt11char_traitsIcESaIcEEC2IS3_EEPKcRKS3_
FN:671,_ZNSt7__cxx1112basic_stringIcSt11char_traitsIcESaIcEED2Ev
FNDA:6126,_ZNSt7__cxx1112basic_stringIcSt11char_traitsIcESaIcEED2Ev
FN:689,_ZNSt7__cxx1112basic_stringIcSt11char_traitsIcESaIcEEaSEPKc
FNDA:0,_ZNSt7__cxx1112basic_stringIcSt11char_traitsIcESaIcEEaSEPKc
FN:920,_ZNKSt7__cxx1112basic_stringIcSt11char_traitsIcESaIcEE4sizeEv
FNDA:17325,_ZNKSt7__cxx1112basic_stringIcSt11char_traitsIcESaIcEE4sizeEv
FN:926,_ZNKSt7__cxx1112basic_stringIcSt11char_traitsIcESaIcEE6lengthEv
FNDA:3960,_ZNKSt7__cxx1112basic_stringIcSt11char_traitsIcESaIcEE6lengthEv
FN:931,_ZNKSt7__cxx1112basic_stringIcSt11char_traitsIcESaIcEE8max_sizeEv
FNDA:2237,_ZNKSt7__cxx1112basic_stringIcSt11char_traitsIcESaIcEE8max_sizeEv
FN:976,_ZNKSt7__cxx1112basic_stringIcSt11char_traitsIcESaIcEE8capacityEv
FNDA:2794,_ZNKSt7__cxx1112basic_stringIcSt11char_traitsIcESaIcEE8capacityEv
FN:1023,_ZNKSt7__cxx1112basic_stringIcSt11char_traitsIcESaIcEE5emptyEv
FNDA:0,_ZNKSt7__cxx1112basic_stringIcSt11char_traitsIcESaIcEE5emptyEv
FN:1160,_ZNSt7__cxx1112basic_stringIcSt11char_traitsIcESaIcEEpLERKS4_
FNDA:0,_ZNSt7__cxx1112basic_stringIcSt11char_traitsIcESaIcEEpLERKS4_
FN:1169,_ZNSt7__cxx1112basic_stringIcSt11char_traitsIcESaIcEEpLEPKc
FNDA:6,_ZNSt7__cxx1112basic_stringIcSt11char_traitsIcESaIcEEpLEPKc
FN:1213,_ZNSt7__cxx1112basic_stringIcSt11char_traitsIcESaIcEE6appendERKS4_
FNDA:26,_ZNSt7__cxx1112basic_stringIcSt11char_traitsIcESaIcEE6appendERKS4_
FN:1255,_ZNSt7__cxx1112basic_stringIcSt11char_traitsIcESaIcEE6appendEPKc
FNDA:48,_ZNSt7__cxx1112basic_stringIcSt11char_traitsIcESaIcEE6appendEPKc
FN:1456,_ZNSt7__cxx1112basic_stringIcSt11char_traitsIcESaIcEE6assignEPKc
FNDA:0,_ZNSt7__cxx1112basic_stringIcSt11char_traitsIcESaIcEE6assignEPKc
FN:2320,_ZNKSt7__cxx1112basic_stringIcSt11char_traitsIcESaIcEE5c_strEv
FNDA:6,_ZNKSt7__cxx1112basic_stringIcSt11char_traitsIcESaIcEE5c_strEv
DA:164,2458
DA:165,2458
DA:186,1021
DA:187,1021
DA:190,10054
DA:191,10054
DA:194,47760
DA:195,47760
DA:198,6092
DA:201,6092
DA:208,11846
DA:211,11846
DA:218,923
DA:219,923
DA:222,9931
DA:224,9931
DA:225,9931
DA:226,9931
DA:229,11846
DA:230,11846
DA:237,6979
DA:239,6979
DA:240,165
DA:241,6979
DA:244,165
DA:245,165
DA:294,3477
DA:295,3477
DA:298,4099
DA:299,4099
DA:328,706
DA:330,706
DA:331,0
DA:332,706
DA:345,433
DA:347,433
DA:348,433
DA:354,7682
DA:356,7682
DA:357,1838
DA:359,5844
DA:360,7682
DA:363,0
DA:365,0
DA:366,0
DA:368,0
DA:369,0
DA:404,2506
DA:406,2506
DA:533,2364
DA:534,2364
DA:536,2364
DA:539,2364
DA:540,2364
DA:671,6126
DA:672,6126
DA:689,0
DA:690,0
DA:920,17325
DA:921,17325
DA:926,3960
DA:927,3960
DA:931,2237
DA:932,2237
DA:976,2794
DA:978,2794
DA:979,2794
DA:1023,0
DA:1024,0
DA:1160,0
DA:1161,0
DA:1169,6
DA:1170,6
DA:1213,26
DA:1214,26
DA:1255,48
DA:1258,48
DA:1259,48
DA:1260,48
DA:1456,0
DA:1459,0
DA:1460,0
DA:2320,6
DA:2321,6
end_of_record
SF:/usr/include/c++/11/bits/cpp_type_traits.h
FN:560,_ZSt12__miter_baseIPKcET_S2_
FNDA:0,_ZSt12__miter_baseIPKcET_S2_
DA:560,0
DA:561,0
end_of_record
SF:/usr/include/c++/11/type_traits
FN:3419,_ZSt21is_constant_evaluatedv
FNDA:7825,_ZSt21is_constant_evaluatedv
DA:3419,7825
DA:3420,7825
end_of_record
SF:/usr/include/boost/asio/detail/call_stack.hpp
end_of_record
SF:/usr/include/c++/11/bits/move.h
FN:49,_ZSt11__addressofISt10unique_ptrI14BaseControllerSt14default_deleteIS1_EEEPT_RS5_
FNDA:0,_ZSt11__addressofISt10unique_ptrI14BaseControllerSt14default_deleteIS1_EEEPT_RS5_
FN:49,_ZSt11__addressofIcEPT_RS0_
FNDA:6092,_ZSt11__addressofIcEPT_RS0_
FN:49,_ZSt11__addressofIKcEPT_RS1_
FNDA:11846,_ZSt11__addressofIKcEPT_RS1_
FN:77,_ZSt7forwardIiEOT_RNSt16remove_referenceIS0_E4typeE
FNDA:0,_ZSt7forwardIiEOT_RNSt16remove_referenceIS0_E4typeE
FN:77,_ZSt7forwardISt14default_deleteI21ScanfOptionControllerEEOT_RNSt16remove_referenceIS3_E4typeE
FNDA:0,_ZSt7forwardISt14default_deleteI21ScanfOptionControllerEEOT_RNSt16remove_referenceIS3_E4typeE
FN:77,_ZSt7forwardISt14default_deleteI18MainMenuControllerEEOT_RNSt16remove_referenceIS3_E4typeE
FNDA:0,_ZSt7forwardISt14default_deleteI18MainMenuControllerEEOT_RNSt16remove_referenceIS3_E4typeE
FN:77,_ZSt7forwardISt14default_deleteI18PlaylistControllerEEOT_RNSt16remove_referenceIS3_E4typeE
FNDA:0,_ZSt7forwardISt14default_deleteI18PlaylistControllerEEOT_RNSt16remove_referenceIS3_E4typeE
FN:77,_ZSt7forwardISt14default_deleteI19MediaFileControllerEEOT_RNSt16remove_referenceIS3_E4typeE
FNDA:0,_ZSt7forwardISt14default_deleteI19MediaFileControllerEEOT_RNSt16remove_referenceIS3_E4typeE
FN:77,_ZSt7forwardISt14default_deleteI22PlayingMediaControllerEEOT_RNSt16remove_referenceIS3_E4typeE
FNDA:0,_ZSt7forwardISt14default_deleteI22PlayingMediaControllerEEOT_RNSt16remove_referenceIS3_E4typeE
FN:77,_ZSt7forwardISt14default_deleteI26DetailedPlaylistControllerEEOT_RNSt16remove_referenceIS3_E4typeE
FNDA:0,_ZSt7forwardISt14default_deleteI26DetailedPlaylistControllerEEOT_RNSt16remove_referenceIS3_E4typeE
FN:77,_ZSt7forwardISt10unique_ptrIN5boost6system6detail12std_categoryESt14default_deleteIS4_EEEOT_RNSt16remove_referenceIS8_E4typeE
FNDA:0,_ZSt7forwardISt10unique_ptrIN5boost6system6detail12std_categoryESt14default_deleteIS4_EEEOT_RNSt16remove_referenceIS8_E4typeE
FN:77,_ZSt7forwardISt14default_deleteI18MetadataControllerEEOT_RNSt16remove_referenceIS3_E4typeE
FNDA:0,_ZSt7forwardISt14default_deleteI18MetadataControllerEEOT_RNSt16remove_referenceIS3_E4typeE
FN:77,_ZSt7forwardIRA13_KcEOT_RNSt16remove_referenceIS3_E4typeE
FNDA:0,_ZSt7forwardIRA13_KcEOT_RNSt16remove_referenceIS3_E4typeE
FN:77,_ZSt7forwardIPKN5boost6system14error_categoryEEOT_RNSt16remove_referenceIS5_E4typeE
FNDA:0,_ZSt7forwardIPKN5boost6system14error_categoryEEOT_RNSt16remove_referenceIS5_E4typeE
FN:77,_ZSt7forwardISt14default_deleteI18HardwareControllerEEOT_RNSt16remove_referenceIS3_E4typeE
FNDA:0,_ZSt7forwardISt14default_deleteI18HardwareControllerEEOT_RNSt16remove_referenceIS3_E4typeE
FN:77,_ZSt7forwardISt4pairIKPKN5boost6system14error_categoryESt10unique_ptrINS2_6detail12std_categoryESt14default_deleteIS9_EEEEOT_RNSt16remove_referenceISE_E4typeE
FNDA:0,_ZSt7forwardISt4pairIKPKN5boost6system14error_categoryESt10unique_ptrINS2_6detail12std_categoryESt14default_deleteIS9_EEEEOT_RNSt16remove_referenceISE_E4typeE
FN:77,_ZSt7forwardISt10unique_ptrI14BaseControllerSt14default_deleteIS1_EEEOT_RNSt16remove_referenceIS5_E4typeE
FNDA:0,_ZSt7forwardISt10unique_ptrI14BaseControllerSt14default_deleteIS1_EEEOT_RNSt16remove_referenceIS5_E4typeE
FN:77,_ZSt7forwardIbEOT_RNSt16remove_referenceIS0_E4typeE
FNDA:0,_ZSt7forwardIbEOT_RNSt16remove_referenceIS0_E4typeE
FN:77,_ZSt7forwardISt17_Rb_tree_iteratorISt4pairIKPKN5boost6system14error_categoryESt10unique_ptrINS3_6detail12std_categoryESt14default_deleteISA_EEEEEOT_RNSt16remove_referenceISG_E4typeE
FNDA:0,_ZSt7forwardISt17_Rb_tree_iteratorISt4pairIKPKN5boost6system14error_categoryESt10unique_ptrINS3_6detail12std_categoryESt14default_deleteISA_EEEEEOT_RNSt16remove_referenceISG_E4typeE
FN:77,_ZSt7forwardIRP14BaseControllerEOT_RNSt16remove_referenceIS3_E4typeE
FNDA:0,_ZSt7forwardIRP14BaseControllerEOT_RNSt16remove_referenceIS3_E4typeE
FN:77,_ZSt7forwardIRPSt13_Rb_tree_nodeISt4pairIKPKN5boost6system14error_categoryESt10unique_ptrINS3_6detail12std_categoryESt14default_deleteISA_EEEEEOT_RNSt16remove_referenceISI_E4typeE
FNDA:0,_ZSt7forwardIRPSt13_Rb_tree_nodeISt4pairIKPKN5boost6system14error_categoryESt10unique_ptrINS3_6detail12std_categoryESt14default_deleteISA_EEEEEOT_RNSt16remove_referenceISI_E4typeE
FN:77,_ZSt7forwardIRPSt18_Rb_tree_node_baseEOT_RNSt16remove_referenceIS3_E4typeE
FNDA:1782,_ZSt7forwardIRPSt18_Rb_tree_node_baseEOT_RNSt16remove_referenceIS3_E4typeE
FN:104,_ZSt4moveIRPN5boost6system6detail12std_categoryEEONSt16remove_referenceIT_E4typeEOS7_
FNDA:0,_ZSt4moveIRPN5boost6system6detail12std_categoryEEONSt16remove_referenceIT_E4typeEOS7_
FN:104,_ZSt4moveIRSt4pairIKPKN5boost6system14error_categoryESt10unique_ptrINS2_6detail12std_categoryESt14default_deleteIS9_EEEEONSt16remove_referenceIT_E4typeEOSG_
FNDA:0,_ZSt4moveIRSt4pairIKPKN5boost6system14error_categoryESt10unique_ptrINS2_6detail12std_categoryESt14default_deleteIS9_EEEEONSt16remove_referenceIT_E4typeEOSG_
FN:104,_ZSt4moveIRSt10unique_ptrIN5boost6system6detail12std_categoryESt14default_deleteIS4_EEEONSt16remove_referenceIT_E4typeEOSA_
FNDA:0,_ZSt4moveIRSt10unique_ptrIN5boost6system6detail12std_categoryESt14default_deleteIS4_EEEONSt16remove_referenceIT_E4typeEOSA_
FN:104,_ZSt4moveIRP18MainMenuControllerEONSt16remove_referenceIT_E4typeEOS4_
FNDA:0,_ZSt4moveIRP18MainMenuControllerEONSt16remove_referenceIT_E4typeEOS4_
FN:104,_ZSt4moveIRP26DetailedPlaylistControllerEONSt16remove_referenceIT_E4typeEOS4_
FNDA:0,_ZSt4moveIRP26DetailedPlaylistControllerEONSt16remove_referenceIT_E4typeEOS4_
FN:104,_ZSt4moveIRP14BaseControllerEONSt16remove_referenceIT_E4typeEOS4_
FNDA:0,_ZSt4moveIRP14BaseControllerEONSt16remove_referenceIT_E4typeEOS4_
FN:104,_ZSt4moveIRSt10unique_ptrI14BaseControllerSt14default_deleteIS1_EEEONSt16remove_referenceIT_E4typeEOS7_
FNDA:0,_ZSt4moveIRSt10unique_ptrI14BaseControllerSt14default_deleteIS1_EEEONSt16remove_referenceIT_E4typeEOS7_
FN:104,_ZSt4moveIRP21ScanfOptionControllerEONSt16remove_referenceIT_E4typeEOS4_
FNDA:0,_ZSt4moveIRP21ScanfOptionControllerEONSt16remove_referenceIT_E4typeEOS4_
FN:104,_ZSt4moveIRP18PlaylistControllerEONSt16remove_referenceIT_E4typeEOS4_
FNDA:0,_ZSt4moveIRP18PlaylistControllerEONSt16remove_referenceIT_E4typeEOS4_
FN:104,_ZSt4moveIRP19MediaFileControllerEONSt16remove_referenceIT_E4typeEOS4_
FNDA:0,_ZSt4moveIRP19MediaFileControllerEONSt16remove_referenceIT_E4typeEOS4_
FN:104,_ZSt4moveIRP22PlayingMediaControllerEONSt16remove_referenceIT_E4typeEOS4_
FNDA:0,_ZSt4moveIRP22PlayingMediaControllerEONSt16remove_referenceIT_E4typeEOS4_
FN:104,_ZSt4moveIRP18MetadataControllerEONSt16remove_referenceIT_E4typeEOS4_
FNDA:0,_ZSt4moveIRP18MetadataControllerEONSt16remove_referenceIT_E4typeEOS4_
FN:104,_ZSt4moveIRP18HardwareControllerEONSt16remove_referenceIT_E4typeEOS4_
FNDA:0,_ZSt4moveIRP18HardwareControllerEONSt16remove_referenceIT_E4typeEOS4_
FN:104,_ZSt4moveIRSt5tupleIJPN5boost6system6detail12std_categoryESt14default_deleteIS4_EEEEONSt16remove_referenceIT_E4typeEOSB_
FNDA:0,_ZSt4moveIRSt5tupleIJPN5boost6system6detail12std_categoryESt14default_deleteIS4_EEEEONSt16remove_referenceIT_E4typeEOSB_
FN:104,_ZSt4moveIRSt5tupleIJP14BaseControllerSt14default_deleteIS1_EEEEONSt16remove_referenceIT_E4typeEOS8_
FNDA:0,_ZSt4moveIRSt5tupleIJP14BaseControllerSt14default_deleteIS1_EEEEONSt16remove_referenceIT_E4typeEOS8_
FN:145,_ZSt9addressofIcEPT_RS0_
FNDA:6092,_ZSt9addressofIcEPT_RS0_
FN:145,_ZSt9addressofIKcEPT_RS1_
FNDA:11846,_ZSt9addressofIKcEPT_RS1_
DA:49,11846
DA:50,11846
DA:49,0
DA:50,0
DA:49,6092
DA:50,6092
DA:77,0
DA:78,0
DA:77,0
DA:78,0
DA:77,0
DA:78,0
DA:77,0
DA:78,0
DA:77,0
DA:78,0
DA:77,0
DA:78,0
DA:77,0
DA:78,0
DA:77,0
DA:78,0
DA:77,0
DA:78,0
DA:77,0
DA:78,0
DA:77,1782
DA:78,1782
DA:77,0
DA:78,0
DA:77,0
DA:78,0
DA:77,0
DA:78,0
DA:77,0
DA:78,0
DA:77,0
DA:78,0
DA:77,0
DA:78,0
DA:77,0
DA:78,0
DA:77,0
DA:78,0
DA:104,0
DA:105,0
DA:104,0
DA:105,0
DA:104,0
DA:105,0
DA:104,0
DA:105,0
DA:104,0
DA:105,0
DA:104,0
DA:105,0
DA:104,0
DA:105,0
DA:104,0
DA:105,0
DA:104,0
DA:105,0
DA:104,0
DA:105,0
DA:104,0
DA:105,0
DA:104,0
DA:105,0
DA:104,0
DA:105,0
DA:104,0
DA:105,0
DA:104,0
DA:105,0
DA:145,11846
DA:146,11846
DA:145,6092
DA:146,6092
end_of_record
SF:/usr/include/x86_64-linux-gnu/c++/11/bits/gthr-default.h
FN:300,_ZL18__gthread_active_pv
FNDA:0,_ZL18__gthread_active_pv
FN:746,_ZL20__gthread_mutex_lockP15pthread_mutex_t
FNDA:0,_ZL20__gthread_mutex_lockP15pthread_mutex_t
FN:776,_ZL22__gthread_mutex_unlockP15pthread_mutex_t
FNDA:0,_ZL22__gthread_mutex_unlockP15pthread_mutex_t
DA:300,0
DA:302,0
DA:746,0
DA:748,0
DA:749,0
DA:751,0
DA:776,0
DA:778,0
DA:779,0
DA:781,0
end_of_record
SF:/usr/include/boost/system/error_code.hpp
FN:233,_ZNK5boost6system14error_categoryeqERKS1_
FNDA:0,_ZNK5boost6system14error_categoryeqERKS1_
FN:243,_ZNK5boost6system14error_categoryltERKS1_
FNDA:0,_ZNK5boost6system14error_categoryltERKS1_
FN:290,_ZNK5boost6system6detail22generic_error_category4nameEv
FNDA:0,_ZNK5boost6system6detail22generic_error_category4nameEv
FN:308,_ZNK5boost6system6detail21system_error_category4nameEv
FNDA:0,_ZNK5boost6system6detail21system_error_category4nameEv
FN:346,_ZN5boost6system15system_categoryEv
FNDA:60,_ZN5boost6system15system_categoryEv
FN:351,_ZN5boost6system16generic_categoryEv
FNDA:0,_ZN5boost6system16generic_categoryEv
FN:415,_ZN5boost6system6detail11failed_implEiRKNS0_14error_categoryE
FNDA:0,_ZN5boost6system6detail11failed_implEiRKNS0_14error_categoryE
FN:452,_ZN5boost6system15error_conditionC2EiRKNS0_14error_categoryE
FNDA:0,_ZN5boost6system15error_conditionC2EiRKNS0_14error_categoryE
FN:489,_ZNK5boost6system15error_condition5valueEv
FNDA:0,_ZNK5boost6system15error_condition5valueEv
FN:494,_ZNK5boost6system15error_condition8categoryEv
FNDA:0,_ZNK5boost6system15error_condition8categoryEv
FN:542,_ZN5boost6systemeqERKNS0_15error_conditionES3_
FNDA:0,_ZN5boost6systemeqERKNS0_15error_conditionES3_
FN:554,_ZNK5boost6system15error_conditioncvSt15error_conditionEv
FNDA:0,_ZNK5boost6system15error_conditioncvSt15error_conditionEv
FN:588,_ZN5boost6system10error_codeC2EiRKNS0_14error_categoryE
FNDA:0,_ZN5boost6system10error_codeC2EiRKNS0_14error_categoryE
FN:625,_ZNK5boost6system10error_code5valueEv
FNDA:0,_ZNK5boost6system10error_code5valueEv
FN:630,_ZNK5boost6system10error_code8categoryEv
FNDA:0,_ZNK5boost6system10error_code8categoryEv
FN:640,_ZNK5boost6system10error_code7messageB5cxx11Ev
FNDA:0,_ZNK5boost6system10error_code7messageB5cxx11Ev
FN:831,_ZNK5boost6system14error_category23default_error_conditionEi
FNDA:0,_ZNK5boost6system14error_category23default_error_conditionEi
FN:836,_ZNK5boost6system14error_category10equivalentEiRKNS0_15error_conditionE
FNDA:0,_ZNK5boost6system14error_category10equivalentEiRKNS0_15error_conditionE
FN:841,_ZNK5boost6system14error_category10equivalentERKNS0_10error_codeEi
FNDA:0,_ZNK5boost6system14error_category10equivalentERKNS0_10error_codeEi
FN:846,_ZNK5boost6system14error_category7messageEiPcm
FNDA:0,_ZNK5boost6system14error_category7messageEiPcm
FN:894,_ZNK5boost6system14error_category6failedEi
FNDA:0,_ZNK5boost6system14error_category6failedEi
FN:907,_ZNK5boost6system6detail22generic_error_category7messageB5cxx11Ei
FNDA:0,_ZNK5boost6system6detail22generic_error_category7messageB5cxx11Ei
FN:912,_ZNK5boost6system6detail22generic_error_category7messageEiPcm
FNDA:0,_ZNK5boost6system6detail22generic_error_category7messageEiPcm
FN:942,_ZNK5boost6system6detail21system_error_category23default_error_conditionEi
FNDA:0,_ZNK5boost6system6detail21system_error_category23default_error_conditionEi
FN:947,_ZNK5boost6system6detail21system_error_category7messageB5cxx11Ei
FNDA:0,_ZNK5boost6system6detail21system_error_category7messageB5cxx11Ei
FN:952,_ZNK5boost6system6detail21system_error_category7messageEiPcm
FNDA:0,_ZNK5boost6system6detail21system_error_category7messageEiPcm
FN:965,_ZNK5boost6system14error_categorycvRKNSt3_V214error_categoryEEv
FNDA:0,_ZNK5boost6system14error_categorycvRKNSt3_V214error_categoryEEv
DA:233,0
DA:235,0
DA:243,0
DA:245,0
DA:247,0
DA:250,0
DA:252,0
DA:255,0
DA:257,0
DA:260,0
DA:290,0
DA:292,0
DA:308,0
DA:310,0
DA:346,60
DA:348,60
DA:351,0
DA:353,0
DA:415,0
DA:417,0
DA:419,0
DA:423,0
DA:452,0
DA:453,0
DA:455,0
DA:489,0
DA:491,0
DA:494,0
DA:496,0
DA:542,0
DA:544,0
DA:554,0
DA:556,0
DA:588,0
DA:589,0
DA:591,0
DA:625,0
DA:627,0
DA:630,0
DA:632,0
DA:640,0
DA:642,0
DA:831,0
DA:833,0
DA:836,0
DA:838,0
DA:841,0
DA:843,0
DA:846,0
DA:848,0
DA:850,0
DA:853,0
DA:855,0
DA:856,0
DA:863,0
DA:875,0
DA:876,0
DA:884,0
DA:885,0
DA:887,0
DA:889,0
DA:890,0
DA:894,0
DA:896,0
DA:907,0
DA:909,0
DA:912,0
DA:914,0
DA:942,0
DA:944,0
DA:947,0
DA:949,0
DA:952,0
DA:954,0
DA:965,0
DA:967,0
end_of_record
SF:/usr/include/boost/asio/detail/tss_ptr.hpp
end_of_record
SF:/media/sf_Share_folder/UI/Spotify-rep-1-1/project/src/controller/ControllerManager.cpp
FN:7,_ZN17ControllerManagerC2EP11ViewManagerP12ModelManager
FNDA:0,_ZN17ControllerManagerC2EP11ViewManagerP12ModelManager
FN:22,_ZN17ControllerManager11getInstanceEP11ViewManagerP12ModelManager
FNDA:0,_ZN17ControllerManager11getInstanceEP11ViewManagerP12ModelManager
FN:34,_ZNK17ControllerManager21getMainMenuControllerEv
FNDA:0,_ZNK17ControllerManager21getMainMenuControllerEv
FN:43,_ZNK17ControllerManager24getScanfOptionControllerEv
FNDA:0,_ZNK17ControllerManager24getScanfOptionControllerEv
FN:52,_ZNK17ControllerManager21getPlaylistControllerEv
FNDA:0,_ZNK17ControllerManager21getPlaylistControllerEv
FN:61,_ZNK17ControllerManager22getMediaFileControllerEv
FNDA:0,_ZNK17ControllerManager22getMediaFileControllerEv
FN:70,_ZNK17ControllerManager25getPlayingMediaControllerEv
FNDA:0,_ZNK17ControllerManager25getPlayingMediaControllerEv
FN:79,_ZNK17ControllerManager29getDetailedPlaylistControllerEv
FNDA:0,_ZNK17ControllerManager29getDetailedPlaylistControllerEv
FN:88,_ZNK17ControllerManager21getMetadataControllerEv
FNDA:0,_ZNK17ControllerManager21getMetadataControllerEv
FN:97,_ZNK17ControllerManager21getHardwareControllerEv
FNDA:0,_ZNK17ControllerManager21getHardwareControllerEv
FN:106,_ZNK17ControllerManager14getViewManagerEv
FNDA:0,_ZNK17ControllerManager14getViewManagerEv
FN:111,_ZNK17ControllerManager15getModelManagerEv
FNDA:0,_ZNK17ControllerManager15getModelManagerEv
DA:7,0
DA:8,0
DA:9,0
DA:10,0
DA:11,0
DA:12,0
DA:13,0
DA:14,0
DA:15,0
DA:16,0
DA:17,0
DA:22,0
DA:23,0
DA:24,0
DA:25,0
DA:27,0
DA:29,0
DA:34,0
DA:35,0
DA:36,0
DA:38,0
DA:43,0
DA:44,0
DA:45,0
DA:47,0
DA:52,0
DA:53,0
DA:54,0
DA:56,0
DA:61,0
DA:62,0
DA:63,0
DA:65,0
DA:70,0
DA:71,0
DA:72,0
DA:74,0
DA:79,0
DA:80,0
DA:81,0
DA:83,0
DA:88,0
DA:89,0
DA:90,0
DA:92,0
DA:97,0
DA:98,0
DA:99,0
DA:101,0
DA:106,0
DA:107,0
DA:111,0
DA:112,0
end_of_record
SF:/usr/include/boost/asio/error.hpp
FN:228,_ZN5boost4asio5error19get_system_categoryEv
FNDA:60,_ZN5boost4asio5error19get_system_categoryEv
DA:228,60
DA:230,60
end_of_record
SF:/media/sf_Share_folder/UI/Spotify-rep-1-1/project/include/controller/MetadataController.hpp
end_of_record
SF:/usr/include/c++/11/atomic
FN:76,_ZNSt6atomicIbEC2Eb
FNDA:0,_ZNSt6atomicIbEC2Eb
DA:76,0
end_of_record
SF:/media/sf_Share_folder/UI/Spotify-rep-1-1/project/include/controller/ScanfOptionController.hpp
end_of_record
SF:/usr/include/c++/11/bits/char_traits.h
FN:106,_ZN9__gnu_cxx11char_traitsIcE2eqERKcS3_
FNDA:0,_ZN9__gnu_cxx11char_traitsIcE2eqERKcS3_
FN:167,_ZN9__gnu_cxx11char_traitsIcE6lengthEPKc
FNDA:0,_ZN9__gnu_cxx11char_traitsIcE6lengthEPKc
FN:190,_ZN9__gnu_cxx11char_traitsIcE4moveEPcPKcm
FNDA:0,_ZN9__gnu_cxx11char_traitsIcE4moveEPcPKcm
FN:240,_ZN9__gnu_cxx11char_traitsIcE4copyEPcPKcm
FNDA:0,_ZN9__gnu_cxx11char_traitsIcE4copyEPcPKcm
FN:356,_ZNSt11char_traitsIcE6assignERcRKc
FNDA:11769,_ZNSt11char_traitsIcE6assignERcRKc
FN:393,_ZNSt11char_traitsIcE6lengthEPKc
FNDA:2464,_ZNSt11char_traitsIcE6lengthEPKc
FN:417,_ZNSt11char_traitsIcE4moveEPcPKcm
FNDA:0,_ZNSt11char_traitsIcE4moveEPcPKcm
FN:429,_ZNSt11char_traitsIcE4copyEPcPKcm
FNDA:5887,_ZNSt11char_traitsIcE4copyEPcPKcm
DA:106,0
DA:107,0
DA:167,0
DA:170,0
DA:171,0
DA:172,0
DA:173,0
DA:190,0
DA:193,0
DA:194,0
DA:196,0
DA:198,0
DA:199,0
DA:203,0
DA:204,0
DA:205,0
DA:206,0
DA:230,0
DA:233,0
DA:234,0
DA:240,0
DA:244,0
DA:245,0
DA:290,2464
DA:356,11769
DA:357,11769
DA:393,2464
DA:396,2464
DA:397,0
DA:399,2464
DA:417,0
DA:419,0
DA:420,0
DA:422,0
DA:423,0
DA:425,0
DA:429,5887
DA:431,5887
DA:432,0
DA:434,5887
DA:435,0
DA:437,5887
end_of_record
SF:/usr/include/c++/11/system_error
FN:100,_ZNSt3_V214error_categoryC2Ev
FNDA:0,_ZNSt3_V214error_categoryC2Ev
FN:144,_ZNKSt3_V214error_categoryeqERKS0_
FNDA:0,_ZNKSt3_V214error_categoryeqERKS0_
FN:229,_ZNKSt10error_code5valueEv
FNDA:0,_ZNKSt10error_code5valueEv
FN:232,_ZNKSt10error_code8categoryEv
FNDA:0,_ZNKSt10error_code8categoryEv
FN:303,_ZNSt15error_conditionC2EiRKNSt3_V214error_categoryE
FNDA:0,_ZNSt15error_conditionC2EiRKNSt3_V214error_categoryE
FN:331,_ZNKSt15error_condition5valueEv
FNDA:0,_ZNKSt15error_condition5valueEv
FN:334,_ZNKSt15error_condition8categoryEv
FNDA:0,_ZNKSt15error_condition8categoryEv
FN:376,_ZSteqRKSt15error_conditionS1_
FNDA:0,_ZSteqRKSt15error_conditionS1_
DA:100,0
DA:144,0
DA:145,0
DA:229,0
DA:232,0
DA:303,0
DA:304,0
DA:331,0
DA:334,0
DA:376,0
DA:379,0
DA:380,0
end_of_record
SF:/usr/include/c++/11/tuple
FN:80,_ZNSt10_Head_baseILm1ESt14default_deleteI18HardwareControllerELb1EEC2Ev
FNDA:0,_ZNSt10_Head_baseILm1ESt14default_deleteI18HardwareControllerELb1EEC2Ev
FN:80,_ZNSt10_Head_baseILm1ESt14default_deleteI18MainMenuControllerELb1EEC2Ev
FNDA:0,_ZNSt10_Head_baseILm1ESt14default_deleteI18MainMenuControllerELb1EEC2Ev
FN:80,_ZNSt10_Head_baseILm1ESt14default_deleteI21ScanfOptionControllerELb1EEC2Ev
FNDA:0,_ZNSt10_Head_baseILm1ESt14default_deleteI21ScanfOptionControllerELb1EEC2Ev
FN:80,_ZNSt10_Head_baseILm1ESt14default_deleteI18PlaylistControllerELb1EEC2Ev
FNDA:0,_ZNSt10_Head_baseILm1ESt14default_deleteI18PlaylistControllerELb1EEC2Ev
FN:80,_ZNSt10_Head_baseILm1ESt14default_deleteI19MediaFileControllerELb1EEC2Ev
FNDA:0,_ZNSt10_Head_baseILm1ESt14default_deleteI19MediaFileControllerELb1EEC2Ev
FN:80,_ZNSt10_Head_baseILm1ESt14default_deleteI22PlayingMediaControllerELb1EEC2Ev
FNDA:0,_ZNSt10_Head_baseILm1ESt14default_deleteI22PlayingMediaControllerELb1EEC2Ev
FN:80,_ZNSt10_Head_baseILm1ESt14default_deleteI26DetailedPlaylistControllerELb1EEC2Ev
FNDA:0,_ZNSt10_Head_baseILm1ESt14default_deleteI26DetailedPlaylistControllerELb1EEC2Ev
FN:80,_ZNSt10_Head_baseILm1ESt14default_deleteI18MetadataControllerELb1EEC2Ev
FNDA:0,_ZNSt10_Head_baseILm1ESt14default_deleteI18MetadataControllerELb1EEC2Ev
FN:80,_ZNSt10_Head_baseILm1ESt14default_deleteIN5boost6system6detail12std_categoryEELb1EEC2Ev
FNDA:0,_ZNSt10_Head_baseILm1ESt14default_deleteIN5boost6system6detail12std_categoryEELb1EEC2Ev
FN:90,_ZNSt10_Head_baseILm1ESt14default_deleteI14BaseControllerELb1EEC2IS0_I21ScanfOptionControllerEEEOT_
FNDA:0,_ZNSt10_Head_baseILm1ESt14default_deleteI14BaseControllerELb1EEC2IS0_I21ScanfOptionControllerEEEOT_
FN:90,_ZNSt10_Head_baseILm1ESt14default_deleteI14BaseControllerELb1EEC2IS0_I18PlaylistControllerEEEOT_
FNDA:0,_ZNSt10_Head_baseILm1ESt14default_deleteI14BaseControllerELb1EEC2IS0_I18PlaylistControllerEEEOT_
FN:90,_ZNSt10_Head_baseILm1ESt14default_deleteI14BaseControllerELb1EEC2IS0_I18MainMenuControllerEEEOT_
FNDA:0,_ZNSt10_Head_baseILm1ESt14default_deleteI14BaseControllerELb1EEC2IS0_I18MainMenuControllerEEEOT_
FN:90,_ZNSt10_Head_baseILm1ESt14default_deleteI14BaseControllerELb1EEC2IS0_I19MediaFileControllerEEEOT_
FNDA:0,_ZNSt10_Head_baseILm1ESt14default_deleteI14BaseControllerELb1EEC2IS0_I19MediaFileControllerEEEOT_
FN:90,_ZNSt10_Head_baseILm1ESt14default_deleteI14BaseControllerELb1EEC2IS0_I26DetailedPlaylistControllerEEEOT_
FNDA:0,_ZNSt10_Head_baseILm1ESt14default_deleteI14BaseControllerELb1EEC2IS0_I26DetailedPlaylistControllerEEEOT_
FN:90,_ZNSt10_Head_baseILm1ESt14default_deleteI14BaseControllerELb1EEC2IS0_I18MetadataControllerEEEOT_
FNDA:0,_ZNSt10_Head_baseILm1ESt14default_deleteI14BaseControllerELb1EEC2IS0_I18MetadataControllerEEEOT_
FN:90,_ZNSt10_Head_baseILm1ESt14default_deleteI14BaseControllerELb1EEC2IS0_I18HardwareControllerEEEOT_
FNDA:0,_ZNSt10_Head_baseILm1ESt14default_deleteI14BaseControllerELb1EEC2IS0_I18HardwareControllerEEEOT_
FN:90,_ZNSt10_Head_baseILm1ESt14default_deleteI14BaseControllerELb1EEC2IS0_I22PlayingMediaControllerEEEOT_
FNDA:0,_ZNSt10_Head_baseILm1ESt14default_deleteI14BaseControllerELb1EEC2IS0_I22PlayingMediaControllerEEEOT_
FN:124,_ZNSt10_Head_baseILm1ESt14default_deleteIN5boost6system6detail12std_categoryEELb1EE7_M_headERS6_
FNDA:0,_ZNSt10_Head_baseILm1ESt14default_deleteIN5boost6system6detail12std_categoryEELb1EE7_M_headERS6_
FN:124,_ZNSt10_Head_baseILm1ESt14default_deleteI18MetadataControllerELb1EE7_M_headERS3_
FNDA:0,_ZNSt10_Head_baseILm1ESt14default_deleteI18MetadataControllerELb1EE7_M_headERS3_
FN:124,_ZNSt10_Head_baseILm1ESt14default_deleteI18MainMenuControllerELb1EE7_M_headERS3_
FNDA:0,_ZNSt10_Head_baseILm1ESt14default_deleteI18MainMenuControllerELb1EE7_M_headERS3_
FN:124,_ZNSt10_Head_baseILm1ESt14default_deleteI26DetailedPlaylistControllerELb1EE7_M_headERS3_
FNDA:0,_ZNSt10_Head_baseILm1ESt14default_deleteI26DetailedPlaylistControllerELb1EE7_M_headERS3_
FN:124,_ZNSt10_Head_baseILm1ESt14default_deleteI22PlayingMediaControllerELb1EE7_M_headERS3_
FNDA:0,_ZNSt10_Head_baseILm1ESt14default_deleteI22PlayingMediaControllerELb1EE7_M_headERS3_
FN:124,_ZNSt10_Head_baseILm1ESt14default_deleteI14BaseControllerELb1EE7_M_headERS3_
FNDA:0,_ZNSt10_Head_baseILm1ESt14default_deleteI14BaseControllerELb1EE7_M_headERS3_
FN:124,_ZNSt10_Head_baseILm1ESt14default_deleteI18HardwareControllerELb1EE7_M_headERS3_
FNDA:0,_ZNSt10_Head_baseILm1ESt14default_deleteI18HardwareControllerELb1EE7_M_headERS3_
FN:124,_ZNSt10_Head_baseILm1ESt14default_deleteI19MediaFileControllerELb1EE7_M_headERS3_
FNDA:0,_ZNSt10_Head_baseILm1ESt14default_deleteI19MediaFileControllerELb1EE7_M_headERS3_
FN:124,_ZNSt10_Head_baseILm1ESt14default_deleteI18PlaylistControllerELb1EE7_M_headERS3_
FNDA:0,_ZNSt10_Head_baseILm1ESt14default_deleteI18PlaylistControllerELb1EE7_M_headERS3_
FN:124,_ZNSt10_Head_baseILm1ESt14default_deleteI21ScanfOptionControllerELb1EE7_M_headERS3_
FNDA:0,_ZNSt10_Head_baseILm1ESt14default_deleteI21ScanfOptionControllerELb1EE7_M_headERS3_
FN:189,_ZNSt10_Head_baseILm0EP19MediaFileControllerLb0EEC2Ev
FNDA:0,_ZNSt10_Head_baseILm0EP19MediaFileControllerLb0EEC2Ev
FN:189,_ZNSt10_Head_baseILm0EP18MainMenuControllerLb0EEC2Ev
FNDA:0,_ZNSt10_Head_baseILm0EP18MainMenuControllerLb0EEC2Ev
FN:189,_ZNSt10_Head_baseILm0EP21ScanfOptionControllerLb0EEC2Ev
FNDA:0,_ZNSt10_Head_baseILm0EP21ScanfOptionControllerLb0EEC2Ev
FN:189,_ZNSt10_Head_baseILm0EP18PlaylistControllerLb0EEC2Ev
FNDA:0,_ZNSt10_Head_baseILm0EP18PlaylistControllerLb0EEC2Ev
FN:189,_ZNSt10_Head_baseILm0EP22PlayingMediaControllerLb0EEC2Ev
FNDA:0,_ZNSt10_Head_baseILm0EP22PlayingMediaControllerLb0EEC2Ev
FN:189,_ZNSt10_Head_baseILm0EP26DetailedPlaylistControllerLb0EEC2Ev
FNDA:0,_ZNSt10_Head_baseILm0EP26DetailedPlaylistControllerLb0EEC2Ev
FN:189,_ZNSt10_Head_baseILm0EP18HardwareControllerLb0EEC2Ev
FNDA:0,_ZNSt10_Head_baseILm0EP18HardwareControllerLb0EEC2Ev
FN:189,_ZNSt10_Head_baseILm0EPN5boost6system6detail12std_categoryELb0EEC2Ev
FNDA:0,_ZNSt10_Head_baseILm0EPN5boost6system6detail12std_categoryELb0EEC2Ev
FN:189,_ZNSt10_Head_baseILm0EP18MetadataControllerLb0EEC2Ev
FNDA:0,_ZNSt10_Head_baseILm0EP18MetadataControllerLb0EEC2Ev
FN:199,_ZNSt10_Head_baseILm0EP14BaseControllerLb0EEC2IRS1_EEOT_
FNDA:0,_ZNSt10_Head_baseILm0EP14BaseControllerLb0EEC2IRS1_EEOT_
FN:233,_ZNSt10_Head_baseILm0EP21ScanfOptionControllerLb0EE7_M_headERS2_
FNDA:0,_ZNSt10_Head_baseILm0EP21ScanfOptionControllerLb0EE7_M_headERS2_
FN:233,_ZNSt10_Head_baseILm0EP18MetadataControllerLb0EE7_M_headERS2_
FNDA:0,_ZNSt10_Head_baseILm0EP18MetadataControllerLb0EE7_M_headERS2_
FN:233,_ZNSt10_Head_baseILm0EP18PlaylistControllerLb0EE7_M_headERS2_
FNDA:0,_ZNSt10_Head_baseILm0EP18PlaylistControllerLb0EE7_M_headERS2_
FN:233,_ZNSt10_Head_baseILm0EP14BaseControllerLb0EE7_M_headERS2_
FNDA:0,_ZNSt10_Head_baseILm0EP14BaseControllerLb0EE7_M_headERS2_
FN:233,_ZNSt10_Head_baseILm0EP18HardwareControllerLb0EE7_M_headERS2_
FNDA:0,_ZNSt10_Head_baseILm0EP18HardwareControllerLb0EE7_M_headERS2_
FN:233,_ZNSt10_Head_baseILm0EP19MediaFileControllerLb0EE7_M_headERS2_
FNDA:0,_ZNSt10_Head_baseILm0EP19MediaFileControllerLb0EE7_M_headERS2_
FN:233,_ZNSt10_Head_baseILm0EP18MainMenuControllerLb0EE7_M_headERS2_
FNDA:0,_ZNSt10_Head_baseILm0EP18MainMenuControllerLb0EE7_M_headERS2_
FN:233,_ZNSt10_Head_baseILm0EPN5boost6system6detail12std_categoryELb0EE7_M_headERS5_
FNDA:0,_ZNSt10_Head_baseILm0EPN5boost6system6detail12std_categoryELb0EE7_M_headERS5_
FN:233,_ZNSt10_Head_baseILm0EP22PlayingMediaControllerLb0EE7_M_headERS2_
FNDA:0,_ZNSt10_Head_baseILm0EP22PlayingMediaControllerLb0EE7_M_headERS2_
FN:233,_ZNSt10_Head_baseILm0EP26DetailedPlaylistControllerLb0EE7_M_headERS2_
FNDA:0,_ZNSt10_Head_baseILm0EP26DetailedPlaylistControllerLb0EE7_M_headERS2_
FN:236,_ZNSt10_Head_baseILm0EPN5boost6system6detail12std_categoryELb0EE7_M_headERKS5_
FNDA:0,_ZNSt10_Head_baseILm0EPN5boost6system6detail12std_categoryELb0EE7_M_headERKS5_
FN:236,_ZNSt10_Head_baseILm0EP14BaseControllerLb0EE7_M_headERKS2_
FNDA:0,_ZNSt10_Head_baseILm0EP14BaseControllerLb0EE7_M_headERKS2_
FN:268,_ZNSt11_Tuple_implILm0EJP26DetailedPlaylistControllerSt14default_deleteIS0_EEE7_M_headERS4_
FNDA:0,_ZNSt11_Tuple_implILm0EJP26DetailedPlaylistControllerSt14default_deleteIS0_EEE7_M_headERS4_
FN:268,_ZNSt11_Tuple_implILm0EJP22PlayingMediaControllerSt14default_deleteIS0_EEE7_M_headERS4_
FNDA:0,_ZNSt11_Tuple_implILm0EJP22PlayingMediaControllerSt14default_deleteIS0_EEE7_M_headERS4_
FN:268,_ZNSt11_Tuple_implILm0EJP18MetadataControllerSt14default_deleteIS0_EEE7_M_headERS4_
FNDA:0,_ZNSt11_Tuple_implILm0EJP18MetadataControllerSt14default_deleteIS0_EEE7_M_headERS4_
FN:268,_ZNSt11_Tuple_implILm0EJP18HardwareControllerSt14default_deleteIS0_EEE7_M_headERS4_
FNDA:0,_ZNSt11_Tuple_implILm0EJP18HardwareControllerSt14default_deleteIS0_EEE7_M_headERS4_
FN:268,_ZNSt11_Tuple_implILm0EJPN5boost6system6detail12std_categoryESt14default_deleteIS3_EEE7_M_headERS7_
FNDA:0,_ZNSt11_Tuple_implILm0EJPN5boost6system6detail12std_categoryESt14default_deleteIS3_EEE7_M_headERS7_
FN:268,_ZNSt11_Tuple_implILm0EJP18PlaylistControllerSt14default_deleteIS0_EEE7_M_headERS4_
FNDA:0,_ZNSt11_Tuple_implILm0EJP18PlaylistControllerSt14default_deleteIS0_EEE7_M_headERS4_
FN:268,_ZNSt11_Tuple_implILm0EJP14BaseControllerSt14default_deleteIS0_EEE7_M_headERS4_
FNDA:0,_ZNSt11_Tuple_implILm0EJP14BaseControllerSt14default_deleteIS0_EEE7_M_headERS4_
FN:268,_ZNSt11_Tuple_implILm0EJP21ScanfOptionControllerSt14default_deleteIS0_EEE7_M_headERS4_
FNDA:0,_ZNSt11_Tuple_implILm0EJP21ScanfOptionControllerSt14default_deleteIS0_EEE7_M_headERS4_
FN:268,_ZNSt11_Tuple_implILm0EJP19MediaFileControllerSt14default_deleteIS0_EEE7_M_headERS4_
FNDA:0,_ZNSt11_Tuple_implILm0EJP19MediaFileControllerSt14default_deleteIS0_EEE7_M_headERS4_
FN:268,_ZNSt11_Tuple_implILm0EJP18MainMenuControllerSt14default_deleteIS0_EEE7_M_headERS4_
FNDA:0,_ZNSt11_Tuple_implILm0EJP18MainMenuControllerSt14default_deleteIS0_EEE7_M_headERS4_
FN:271,_ZNSt11_Tuple_implILm0EJP14BaseControllerSt14default_deleteIS0_EEE7_M_headERKS4_
FNDA:0,_ZNSt11_Tuple_implILm0EJP14BaseControllerSt14default_deleteIS0_EEE7_M_headERKS4_
FN:271,_ZNSt11_Tuple_implILm0EJPN5boost6system6detail12std_categoryESt14default_deleteIS3_EEE7_M_headERKS7_
FNDA:0,_ZNSt11_Tuple_implILm0EJPN5boost6system6detail12std_categoryESt14default_deleteIS3_EEE7_M_headERKS7_
FN:279,_ZNSt11_Tuple_implILm0EJP18MainMenuControllerSt14default_deleteIS0_EEEC2Ev
FNDA:0,_ZNSt11_Tuple_implILm0EJP18MainMenuControllerSt14default_deleteIS0_EEEC2Ev
FN:279,_ZNSt11_Tuple_implILm0EJP19MediaFileControllerSt14default_deleteIS0_EEEC2Ev
FNDA:0,_ZNSt11_Tuple_implILm0EJP19MediaFileControllerSt14default_deleteIS0_EEEC2Ev
FN:279,_ZNSt11_Tuple_implILm0EJP18HardwareControllerSt14default_deleteIS0_EEEC2Ev
FNDA:0,_ZNSt11_Tuple_implILm0EJP18HardwareControllerSt14default_deleteIS0_EEEC2Ev
FN:279,_ZNSt11_Tuple_implILm0EJP21ScanfOptionControllerSt14default_deleteIS0_EEEC2Ev
FNDA:0,_ZNSt11_Tuple_implILm0EJP21ScanfOptionControllerSt14default_deleteIS0_EEEC2Ev
FN:279,_ZNSt11_Tuple_implILm0EJP18MetadataControllerSt14default_deleteIS0_EEEC2Ev
FNDA:0,_ZNSt11_Tuple_implILm0EJP18MetadataControllerSt14default_deleteIS0_EEEC2Ev
FN:279,_ZNSt11_Tuple_implILm0EJPN5boost6system6detail12std_categoryESt14default_deleteIS3_EEEC2Ev
FNDA:0,_ZNSt11_Tuple_implILm0EJPN5boost6system6detail12std_categoryESt14default_deleteIS3_EEEC2Ev
FN:279,_ZNSt11_Tuple_implILm0EJP26DetailedPlaylistControllerSt14default_deleteIS0_EEEC2Ev
FNDA:0,_ZNSt11_Tuple_implILm0EJP26DetailedPlaylistControllerSt14default_deleteIS0_EEEC2Ev
FN:279,_ZNSt11_Tuple_implILm0EJP18PlaylistControllerSt14default_deleteIS0_EEEC2Ev
FNDA:0,_ZNSt11_Tuple_implILm0EJP18PlaylistControllerSt14default_deleteIS0_EEEC2Ev
FN:279,_ZNSt11_Tuple_implILm0EJP22PlayingMediaControllerSt14default_deleteIS0_EEEC2Ev
FNDA:0,_ZNSt11_Tuple_implILm0EJP22PlayingMediaControllerSt14default_deleteIS0_EEEC2Ev
FN:290,_ZNSt11_Tuple_implILm0EJP14BaseControllerSt14default_deleteIS0_EEEC2IRS1_JS2_I18MainMenuControllerEEvEEOT_DpOT0_
FNDA:0,_ZNSt11_Tuple_implILm0EJP14BaseControllerSt14default_deleteIS0_EEEC2IRS1_JS2_I18MainMenuControllerEEvEEOT_DpOT0_
FN:290,_ZNSt11_Tuple_implILm0EJP14BaseControllerSt14default_deleteIS0_EEEC2IRS1_JS2_I21ScanfOptionControllerEEvEEOT_DpOT0_
FNDA:0,_ZNSt11_Tuple_implILm0EJP14BaseControllerSt14default_deleteIS0_EEEC2IRS1_JS2_I21ScanfOptionControllerEEvEEOT_DpOT0_
FN:290,_ZNSt11_Tuple_implILm0EJP14BaseControllerSt14default_deleteIS0_EEEC2IRS1_JS2_I18PlaylistControllerEEvEEOT_DpOT0_
FNDA:0,_ZNSt11_Tuple_implILm0EJP14BaseControllerSt14default_deleteIS0_EEEC2IRS1_JS2_I18PlaylistControllerEEvEEOT_DpOT0_
FN:290,_ZNSt11_Tuple_implILm0EJP14BaseControllerSt14default_deleteIS0_EEEC2IRS1_JS2_I19MediaFileControllerEEvEEOT_DpOT0_
FNDA:0,_ZNSt11_Tuple_implILm0EJP14BaseControllerSt14default_deleteIS0_EEEC2IRS1_JS2_I19MediaFileControllerEEvEEOT_DpOT0_
FN:290,_ZNSt11_Tuple_implILm0EJP14BaseControllerSt14default_deleteIS0_EEEC2IRS1_JS2_I22PlayingMediaControllerEEvEEOT_DpOT0_
FNDA:0,_ZNSt11_Tuple_implILm0EJP14BaseControllerSt14default_deleteIS0_EEEC2IRS1_JS2_I22PlayingMediaControllerEEvEEOT_DpOT0_
FN:290,_ZNSt11_Tuple_implILm0EJP14BaseControllerSt14default_deleteIS0_EEEC2IRS1_JS2_I26DetailedPlaylistControllerEEvEEOT_DpOT0_
FNDA:0,_ZNSt11_Tuple_implILm0EJP14BaseControllerSt14default_deleteIS0_EEEC2IRS1_JS2_I26DetailedPlaylistControllerEEvEEOT_DpOT0_
FN:290,_ZNSt11_Tuple_implILm0EJP14BaseControllerSt14default_deleteIS0_EEEC2IRS1_JS2_I18MetadataControllerEEvEEOT_DpOT0_
FNDA:0,_ZNSt11_Tuple_implILm0EJP14BaseControllerSt14default_deleteIS0_EEEC2IRS1_JS2_I18MetadataControllerEEvEEOT_DpOT0_
FN:290,_ZNSt11_Tuple_implILm0EJP14BaseControllerSt14default_deleteIS0_EEEC2IRS1_JS2_I18HardwareControllerEEvEEOT_DpOT0_
FNDA:0,_ZNSt11_Tuple_implILm0EJP14BaseControllerSt14default_deleteIS0_EEEC2IRS1_JS2_I18HardwareControllerEEvEEOT_DpOT0_
FN:301,_ZNSt11_Tuple_implILm0EJPN5boost6system6detail12std_categoryESt14default_deleteIS3_EEEC2EOS7_
FNDA:0,_ZNSt11_Tuple_implILm0EJPN5boost6system6detail12std_categoryESt14default_deleteIS3_EEEC2EOS7_
FN:301,_ZNSt11_Tuple_implILm0EJP14BaseControllerSt14default_deleteIS0_EEEC2EOS4_
FNDA:0,_ZNSt11_Tuple_implILm0EJP14BaseControllerSt14default_deleteIS0_EEEC2EOS4_
FN:424,_ZNSt11_Tuple_implILm1EJSt14default_deleteI14BaseControllerEEE7_M_headERS3_
FNDA:0,_ZNSt11_Tuple_implILm1EJSt14default_deleteI14BaseControllerEEE7_M_headERS3_
FN:424,_ZNSt11_Tuple_implILm1EJSt14default_deleteIN5boost6system6detail12std_categoryEEEE7_M_headERS6_
FNDA:0,_ZNSt11_Tuple_implILm1EJSt14default_deleteIN5boost6system6detail12std_categoryEEEE7_M_headERS6_
FN:424,_ZNSt11_Tuple_implILm1EJSt14default_deleteI18HardwareControllerEEE7_M_headERS3_
FNDA:0,_ZNSt11_Tuple_implILm1EJSt14default_deleteI18HardwareControllerEEE7_M_headERS3_
FN:424,_ZNSt11_Tuple_implILm1EJSt14default_deleteI21ScanfOptionControllerEEE7_M_headERS3_
FNDA:0,_ZNSt11_Tuple_implILm1EJSt14default_deleteI21ScanfOptionControllerEEE7_M_headERS3_
FN:424,_ZNSt11_Tuple_implILm1EJSt14default_deleteI18MainMenuControllerEEE7_M_headERS3_
FNDA:0,_ZNSt11_Tuple_implILm1EJSt14default_deleteI18MainMenuControllerEEE7_M_headERS3_
FN:424,_ZNSt11_Tuple_implILm1EJSt14default_deleteI18MetadataControllerEEE7_M_headERS3_
FNDA:0,_ZNSt11_Tuple_implILm1EJSt14default_deleteI18MetadataControllerEEE7_M_headERS3_
FN:424,_ZNSt11_Tuple_implILm1EJSt14default_deleteI18PlaylistControllerEEE7_M_headERS3_
FNDA:0,_ZNSt11_Tuple_implILm1EJSt14default_deleteI18PlaylistControllerEEE7_M_headERS3_
FN:424,_ZNSt11_Tuple_implILm1EJSt14default_deleteI26DetailedPlaylistControllerEEE7_M_headERS3_
FNDA:0,_ZNSt11_Tuple_implILm1EJSt14default_deleteI26DetailedPlaylistControllerEEE7_M_headERS3_
FN:424,_ZNSt11_Tuple_implILm1EJSt14default_deleteI19MediaFileControllerEEE7_M_headERS3_
FNDA:0,_ZNSt11_Tuple_implILm1EJSt14default_deleteI19MediaFileControllerEEE7_M_headERS3_
FN:424,_ZNSt11_Tuple_implILm1EJSt14default_deleteI22PlayingMediaControllerEEE7_M_headERS3_
FNDA:0,_ZNSt11_Tuple_implILm1EJSt14default_deleteI22PlayingMediaControllerEEE7_M_headERS3_
FN:430,_ZNSt11_Tuple_implILm1EJSt14default_deleteIN5boost6system6detail12std_categoryEEEEC2Ev
FNDA:0,_ZNSt11_Tuple_implILm1EJSt14default_deleteIN5boost6system6detail12std_categoryEEEEC2Ev
FN:430,_ZNSt11_Tuple_implILm1EJSt14default_deleteI18MainMenuControllerEEEC2Ev
FNDA:0,_ZNSt11_Tuple_implILm1EJSt14default_deleteI18MainMenuControllerEEEC2Ev
FN:430,_ZNSt11_Tuple_implILm1EJSt14default_deleteI18HardwareControllerEEEC2Ev
FNDA:0,_ZNSt11_Tuple_implILm1EJSt14default_deleteI18HardwareControllerEEEC2Ev
FN:430,_ZNSt11_Tuple_implILm1EJSt14default_deleteI18MetadataControllerEEEC2Ev
FNDA:0,_ZNSt11_Tuple_implILm1EJSt14default_deleteI18MetadataControllerEEEC2Ev
FN:430,_ZNSt11_Tuple_implILm1EJSt14default_deleteI26DetailedPlaylistControllerEEEC2Ev
FNDA:0,_ZNSt11_Tuple_implILm1EJSt14default_deleteI26DetailedPlaylistControllerEEEC2Ev
FN:430,_ZNSt11_Tuple_implILm1EJSt14default_deleteI22PlayingMediaControllerEEEC2Ev
FNDA:0,_ZNSt11_Tuple_implILm1EJSt14default_deleteI22PlayingMediaControllerEEEC2Ev
FN:430,_ZNSt11_Tuple_implILm1EJSt14default_deleteI19MediaFileControllerEEEC2Ev
FNDA:0,_ZNSt11_Tuple_implILm1EJSt14default_deleteI19MediaFileControllerEEEC2Ev
FN:430,_ZNSt11_Tuple_implILm1EJSt14default_deleteI18PlaylistControllerEEEC2Ev
FNDA:0,_ZNSt11_Tuple_implILm1EJSt14default_deleteI18PlaylistControllerEEEC2Ev
FN:430,_ZNSt11_Tuple_implILm1EJSt14default_deleteI21ScanfOptionControllerEEEC2Ev
FNDA:0,_ZNSt11_Tuple_implILm1EJSt14default_deleteI21ScanfOptionControllerEEEC2Ev
FN:440,_ZNSt11_Tuple_implILm1EJSt14default_deleteI14BaseControllerEEEC2IS0_I19MediaFileControllerEEEOT_
FNDA:0,_ZNSt11_Tuple_implILm1EJSt14default_deleteI14BaseControllerEEEC2IS0_I19MediaFileControllerEEEOT_
FN:440,_ZNSt11_Tuple_implILm1EJSt14default_deleteI14BaseControllerEEEC2IS0_I18MainMenuControllerEEEOT_
FNDA:0,_ZNSt11_Tuple_implILm1EJSt14default_deleteI14BaseControllerEEEC2IS0_I18MainMenuControllerEEEOT_
FN:440,_ZNSt11_Tuple_implILm1EJSt14default_deleteI14BaseControllerEEEC2IS0_I18HardwareControllerEEEOT_
FNDA:0,_ZNSt11_Tuple_implILm1EJSt14default_deleteI14BaseControllerEEEC2IS0_I18HardwareControllerEEEOT_
FN:440,_ZNSt11_Tuple_implILm1EJSt14default_deleteI14BaseControllerEEEC2IS0_I21ScanfOptionControllerEEEOT_
FNDA:0,_ZNSt11_Tuple_implILm1EJSt14default_deleteI14BaseControllerEEEC2IS0_I21ScanfOptionControllerEEEOT_
FN:440,_ZNSt11_Tuple_implILm1EJSt14default_deleteI14BaseControllerEEEC2IS0_I18MetadataControllerEEEOT_
FNDA:0,_ZNSt11_Tuple_implILm1EJSt14default_deleteI14BaseControllerEEEC2IS0_I18MetadataControllerEEEOT_
FN:440,_ZNSt11_Tuple_implILm1EJSt14default_deleteI14BaseControllerEEEC2IS0_I18PlaylistControllerEEEOT_
FNDA:0,_ZNSt11_Tuple_implILm1EJSt14default_deleteI14BaseControllerEEEC2IS0_I18PlaylistControllerEEEOT_
FN:440,_ZNSt11_Tuple_implILm1EJSt14default_deleteI14BaseControllerEEEC2IS0_I22PlayingMediaControllerEEEOT_
FNDA:0,_ZNSt11_Tuple_implILm1EJSt14default_deleteI14BaseControllerEEEC2IS0_I22PlayingMediaControllerEEEOT_
FN:440,_ZNSt11_Tuple_implILm1EJSt14default_deleteI14BaseControllerEEEC2IS0_I26DetailedPlaylistControllerEEEOT_
FNDA:0,_ZNSt11_Tuple_implILm1EJSt14default_deleteI14BaseControllerEEEC2IS0_I26DetailedPlaylistControllerEEEOT_
FN:454,_ZNSt11_Tuple_implILm1EJSt14default_deleteIN5boost6system6detail12std_categoryEEEEC2EOS6_
FNDA:0,_ZNSt11_Tuple_implILm1EJSt14default_deleteIN5boost6system6detail12std_categoryEEEEC2EOS6_
FN:454,_ZNSt11_Tuple_implILm1EJSt14default_deleteI14BaseControllerEEEC2EOS3_
FNDA:0,_ZNSt11_Tuple_implILm1EJSt14default_deleteI14BaseControllerEEEC2EOS3_
FN:1049,_ZNSt5tupleIJP19MediaFileControllerSt14default_deleteIS0_EEEC2ILb1ELb1EEEv
FNDA:0,_ZNSt5tupleIJP19MediaFileControllerSt14default_deleteIS0_EEEC2ILb1ELb1EEEv
FN:1049,_ZNSt5tupleIJP22PlayingMediaControllerSt14default_deleteIS0_EEEC2ILb1ELb1EEEv
FNDA:0,_ZNSt5tupleIJP22PlayingMediaControllerSt14default_deleteIS0_EEEC2ILb1ELb1EEEv
FN:1049,_ZNSt5tupleIJP21ScanfOptionControllerSt14default_deleteIS0_EEEC2ILb1ELb1EEEv
FNDA:0,_ZNSt5tupleIJP21ScanfOptionControllerSt14default_deleteIS0_EEEC2ILb1ELb1EEEv
FN:1049,_ZNSt5tupleIJP18HardwareControllerSt14default_deleteIS0_EEEC2ILb1ELb1EEEv
FNDA:0,_ZNSt5tupleIJP18HardwareControllerSt14default_deleteIS0_EEEC2ILb1ELb1EEEv
FN:1049,_ZNSt5tupleIJP18PlaylistControllerSt14default_deleteIS0_EEEC2ILb1ELb1EEEv
FNDA:0,_ZNSt5tupleIJP18PlaylistControllerSt14default_deleteIS0_EEEC2ILb1ELb1EEEv
FN:1049,_ZNSt5tupleIJP18MainMenuControllerSt14default_deleteIS0_EEEC2ILb1ELb1EEEv
FNDA:0,_ZNSt5tupleIJP18MainMenuControllerSt14default_deleteIS0_EEEC2ILb1ELb1EEEv
FN:1049,_ZNSt5tupleIJPN5boost6system6detail12std_categoryESt14default_deleteIS3_EEEC2ILb1ELb1EEEv
FNDA:0,_ZNSt5tupleIJPN5boost6system6detail12std_categoryESt14default_deleteIS3_EEEC2ILb1ELb1EEEv
FN:1049,_ZNSt5tupleIJP18MetadataControllerSt14default_deleteIS0_EEEC2ILb1ELb1EEEv
FNDA:0,_ZNSt5tupleIJP18MetadataControllerSt14default_deleteIS0_EEEC2ILb1ELb1EEEv
FN:1049,_ZNSt5tupleIJP26DetailedPlaylistControllerSt14default_deleteIS0_EEEC2ILb1ELb1EEEv
FNDA:0,_ZNSt5tupleIJP26DetailedPlaylistControllerSt14default_deleteIS0_EEEC2ILb1ELb1EEEv
FN:1077,_ZNSt5tupleIJP14BaseControllerSt14default_deleteIS0_EEEC2IRS1_S2_I18HardwareControllerELb1EEEOT_OT0_
FNDA:0,_ZNSt5tupleIJP14BaseControllerSt14default_deleteIS0_EEEC2IRS1_S2_I18HardwareControllerELb1EEEOT_OT0_
FN:1077,_ZNSt5tupleIJP14BaseControllerSt14default_deleteIS0_EEEC2IRS1_S2_I18MetadataControllerELb1EEEOT_OT0_
FNDA:0,_ZNSt5tupleIJP14BaseControllerSt14default_deleteIS0_EEEC2IRS1_S2_I18MetadataControllerELb1EEEOT_OT0_
FN:1077,_ZNSt5tupleIJP14BaseControllerSt14default_deleteIS0_EEEC2IRS1_S2_I26DetailedPlaylistControllerELb1EEEOT_OT0_
FNDA:0,_ZNSt5tupleIJP14BaseControllerSt14default_deleteIS0_EEEC2IRS1_S2_I26DetailedPlaylistControllerELb1EEEOT_OT0_
FN:1077,_ZNSt5tupleIJP14BaseControllerSt14default_deleteIS0_EEEC2IRS1_S2_I22PlayingMediaControllerELb1EEEOT_OT0_
FNDA:0,_ZNSt5tupleIJP14BaseControllerSt14default_deleteIS0_EEEC2IRS1_S2_I22PlayingMediaControllerELb1EEEOT_OT0_
FN:1077,_ZNSt5tupleIJP14BaseControllerSt14default_deleteIS0_EEEC2IRS1_S2_I19MediaFileControllerELb1EEEOT_OT0_
FNDA:0,_ZNSt5tupleIJP14BaseControllerSt14default_deleteIS0_EEEC2IRS1_S2_I19MediaFileControllerELb1EEEOT_OT0_
FN:1077,_ZNSt5tupleIJP14BaseControllerSt14default_deleteIS0_EEEC2IRS1_S2_I18PlaylistControllerELb1EEEOT_OT0_
FNDA:0,_ZNSt5tupleIJP14BaseControllerSt14default_deleteIS0_EEEC2IRS1_S2_I18PlaylistControllerELb1EEEOT_OT0_
FN:1077,_ZNSt5tupleIJP14BaseControllerSt14default_deleteIS0_EEEC2IRS1_S2_I21ScanfOptionControllerELb1EEEOT_OT0_
FNDA:0,_ZNSt5tupleIJP14BaseControllerSt14default_deleteIS0_EEEC2IRS1_S2_I21ScanfOptionControllerELb1EEEOT_OT0_
FN:1077,_ZNSt5tupleIJP14BaseControllerSt14default_deleteIS0_EEEC2IRS1_S2_I18MainMenuControllerELb1EEEOT_OT0_
FNDA:0,_ZNSt5tupleIJP14BaseControllerSt14default_deleteIS0_EEEC2IRS1_S2_I18MainMenuControllerELb1EEEOT_OT0_
FN:1090,_ZNSt5tupleIJPN5boost6system6detail12std_categoryESt14default_deleteIS3_EEEC2EOS7_
FNDA:0,_ZNSt5tupleIJPN5boost6system6detail12std_categoryESt14default_deleteIS3_EEEC2EOS7_
FN:1090,_ZNSt5tupleIJP14BaseControllerSt14default_deleteIS0_EEEC2EOS4_
FNDA:0,_ZNSt5tupleIJP14BaseControllerSt14default_deleteIS0_EEEC2EOS4_
FN:1377,_ZSt12__get_helperILm0EPN5boost6system6detail12std_categoryEJSt14default_deleteIS3_EEERT0_RSt11_Tuple_implIXT_EJS7_DpT1_EE
FNDA:0,_ZSt12__get_helperILm0EPN5boost6system6detail12std_categoryEJSt14default_deleteIS3_EEERT0_RSt11_Tuple_implIXT_EJS7_DpT1_EE
FN:1377,_ZSt12__get_helperILm1ESt14default_deleteI22PlayingMediaControllerEJEERT0_RSt11_Tuple_implIXT_EJS3_DpT1_EE
FNDA:0,_ZSt12__get_helperILm1ESt14default_deleteI22PlayingMediaControllerEJEERT0_RSt11_Tuple_implIXT_EJS3_DpT1_EE
FN:1377,_ZSt12__get_helperILm0EP18MainMenuControllerJSt14default_deleteIS0_EEERT0_RSt11_Tuple_implIXT_EJS4_DpT1_EE
FNDA:0,_ZSt12__get_helperILm0EP18MainMenuControllerJSt14default_deleteIS0_EEERT0_RSt11_Tuple_implIXT_EJS4_DpT1_EE
FN:1377,_ZSt12__get_helperILm0EP14BaseControllerJSt14default_deleteIS0_EEERT0_RSt11_Tuple_implIXT_EJS4_DpT1_EE
FNDA:0,_ZSt12__get_helperILm0EP14BaseControllerJSt14default_deleteIS0_EEERT0_RSt11_Tuple_implIXT_EJS4_DpT1_EE
FN:1377,_ZSt12__get_helperILm1ESt14default_deleteI18MetadataControllerEJEERT0_RSt11_Tuple_implIXT_EJS3_DpT1_EE
FNDA:0,_ZSt12__get_helperILm1ESt14default_deleteI18MetadataControllerEJEERT0_RSt11_Tuple_implIXT_EJS3_DpT1_EE
FN:1377,_ZSt12__get_helperILm1ESt14default_deleteI18HardwareControllerEJEERT0_RSt11_Tuple_implIXT_EJS3_DpT1_EE
FNDA:0,_ZSt12__get_helperILm1ESt14default_deleteI18HardwareControllerEJEERT0_RSt11_Tuple_implIXT_EJS3_DpT1_EE
FN:1377,_ZSt12__get_helperILm0EP21ScanfOptionControllerJSt14default_deleteIS0_EEERT0_RSt11_Tuple_implIXT_EJS4_DpT1_EE
FNDA:0,_ZSt12__get_helperILm0EP21ScanfOptionControllerJSt14default_deleteIS0_EEERT0_RSt11_Tuple_implIXT_EJS4_DpT1_EE
FN:1377,_ZSt12__get_helperILm0EP18PlaylistControllerJSt14default_deleteIS0_EEERT0_RSt11_Tuple_implIXT_EJS4_DpT1_EE
FNDA:0,_ZSt12__get_helperILm0EP18PlaylistControllerJSt14default_deleteIS0_EEERT0_RSt11_Tuple_implIXT_EJS4_DpT1_EE
FN:1377,_ZSt12__get_helperILm1ESt14default_deleteI19MediaFileControllerEJEERT0_RSt11_Tuple_implIXT_EJS3_DpT1_EE
FNDA:0,_ZSt12__get_helperILm1ESt14default_deleteI19MediaFileControllerEJEERT0_RSt11_Tuple_implIXT_EJS3_DpT1_EE
FN:1377,_ZSt12__get_helperILm1ESt14default_deleteI18PlaylistControllerEJEERT0_RSt11_Tuple_implIXT_EJS3_DpT1_EE
FNDA:0,_ZSt12__get_helperILm1ESt14default_deleteI18PlaylistControllerEJEERT0_RSt11_Tuple_implIXT_EJS3_DpT1_EE
FN:1377,_ZSt12__get_helperILm1ESt14default_deleteI21ScanfOptionControllerEJEERT0_RSt11_Tuple_implIXT_EJS3_DpT1_EE
FNDA:0,_ZSt12__get_helperILm1ESt14default_deleteI21ScanfOptionControllerEJEERT0_RSt11_Tuple_implIXT_EJS3_DpT1_EE
FN:1377,_ZSt12__get_helperILm1ESt14default_deleteI14BaseControllerEJEERT0_RSt11_Tuple_implIXT_EJS3_DpT1_EE
FNDA:0,_ZSt12__get_helperILm1ESt14default_deleteI14BaseControllerEJEERT0_RSt11_Tuple_implIXT_EJS3_DpT1_EE
FN:1377,_ZSt12__get_helperILm1ESt14default_deleteI18MainMenuControllerEJEERT0_RSt11_Tuple_implIXT_EJS3_DpT1_EE
FNDA:0,_ZSt12__get_helperILm1ESt14default_deleteI18MainMenuControllerEJEERT0_RSt11_Tuple_implIXT_EJS3_DpT1_EE
FN:1377,_ZSt12__get_helperILm1ESt14default_deleteIN5boost6system6detail12std_categoryEEJEERT0_RSt11_Tuple_implIXT_EJS6_DpT1_EE
FNDA:0,_ZSt12__get_helperILm1ESt14default_deleteIN5boost6system6detail12std_categoryEEJEERT0_RSt11_Tuple_implIXT_EJS6_DpT1_EE
FN:1377,_ZSt12__get_helperILm0EP18HardwareControllerJSt14default_deleteIS0_EEERT0_RSt11_Tuple_implIXT_EJS4_DpT1_EE
FNDA:0,_ZSt12__get_helperILm0EP18HardwareControllerJSt14default_deleteIS0_EEERT0_RSt11_Tuple_implIXT_EJS4_DpT1_EE
FN:1377,_ZSt12__get_helperILm0EP18MetadataControllerJSt14default_deleteIS0_EEERT0_RSt11_Tuple_implIXT_EJS4_DpT1_EE
FNDA:0,_ZSt12__get_helperILm0EP18MetadataControllerJSt14default_deleteIS0_EEERT0_RSt11_Tuple_implIXT_EJS4_DpT1_EE
FN:1377,_ZSt12__get_helperILm0EP26DetailedPlaylistControllerJSt14default_deleteIS0_EEERT0_RSt11_Tuple_implIXT_EJS4_DpT1_EE
FNDA:0,_ZSt12__get_helperILm0EP26DetailedPlaylistControllerJSt14default_deleteIS0_EEERT0_RSt11_Tuple_implIXT_EJS4_DpT1_EE
FN:1377,_ZSt12__get_helperILm1ESt14default_deleteI26DetailedPlaylistControllerEJEERT0_RSt11_Tuple_implIXT_EJS3_DpT1_EE
FNDA:0,_ZSt12__get_helperILm1ESt14default_deleteI26DetailedPlaylistControllerEJEERT0_RSt11_Tuple_implIXT_EJS3_DpT1_EE
FN:1377,_ZSt12__get_helperILm0EP19MediaFileControllerJSt14default_deleteIS0_EEERT0_RSt11_Tuple_implIXT_EJS4_DpT1_EE
FNDA:0,_ZSt12__get_helperILm0EP19MediaFileControllerJSt14default_deleteIS0_EEERT0_RSt11_Tuple_implIXT_EJS4_DpT1_EE
FN:1377,_ZSt12__get_helperILm0EP22PlayingMediaControllerJSt14default_deleteIS0_EEERT0_RSt11_Tuple_implIXT_EJS4_DpT1_EE
FNDA:0,_ZSt12__get_helperILm0EP22PlayingMediaControllerJSt14default_deleteIS0_EEERT0_RSt11_Tuple_implIXT_EJS4_DpT1_EE
FN:1382,_ZSt12__get_helperILm0EPN5boost6system6detail12std_categoryEJSt14default_deleteIS3_EEERKT0_RKSt11_Tuple_implIXT_EJS7_DpT1_EE
FNDA:0,_ZSt12__get_helperILm0EPN5boost6system6detail12std_categoryEJSt14default_deleteIS3_EEERKT0_RKSt11_Tuple_implIXT_EJS7_DpT1_EE
FN:1382,_ZSt12__get_helperILm0EP14BaseControllerJSt14default_deleteIS0_EEERKT0_RKSt11_Tuple_implIXT_EJS4_DpT1_EE
FNDA:0,_ZSt12__get_helperILm0EP14BaseControllerJSt14default_deleteIS0_EEERKT0_RKSt11_Tuple_implIXT_EJS4_DpT1_EE
FN:1393,_ZSt3getILm1EJP21ScanfOptionControllerSt14default_deleteIS0_EEERNSt13tuple_elementIXT_ESt5tupleIJDpT0_EEE4typeERS8_
FNDA:0,_ZSt3getILm1EJP21ScanfOptionControllerSt14default_deleteIS0_EEERNSt13tuple_elementIXT_ESt5tupleIJDpT0_EEE4typeERS8_
FN:1393,_ZSt3getILm1EJP18PlaylistControllerSt14default_deleteIS0_EEERNSt13tuple_elementIXT_ESt5tupleIJDpT0_EEE4typeERS8_
FNDA:0,_ZSt3getILm1EJP18PlaylistControllerSt14default_deleteIS0_EEERNSt13tuple_elementIXT_ESt5tupleIJDpT0_EEE4typeERS8_
FN:1393,_ZSt3getILm0EJPN5boost6system6detail12std_categoryESt14default_deleteIS3_EEERNSt13tuple_elementIXT_ESt5tupleIJDpT0_EEE4typeERSB_
FNDA:0,_ZSt3getILm0EJPN5boost6system6detail12std_categoryESt14default_deleteIS3_EEERNSt13tuple_elementIXT_ESt5tupleIJDpT0_EEE4typeERSB_
FN:1393,_ZSt3getILm1EJP14BaseControllerSt14default_deleteIS0_EEERNSt13tuple_elementIXT_ESt5tupleIJDpT0_EEE4typeERS8_
FNDA:0,_ZSt3getILm1EJP14BaseControllerSt14default_deleteIS0_EEERNSt13tuple_elementIXT_ESt5tupleIJDpT0_EEE4typeERS8_
FN:1393,_ZSt3getILm0EJP18MainMenuControllerSt14default_deleteIS0_EEERNSt13tuple_elementIXT_ESt5tupleIJDpT0_EEE4typeERS8_
FNDA:0,_ZSt3getILm0EJP18MainMenuControllerSt14default_deleteIS0_EEERNSt13tuple_elementIXT_ESt5tupleIJDpT0_EEE4typeERS8_
FN:1393,_ZSt3getILm1EJP19MediaFileControllerSt14default_deleteIS0_EEERNSt13tuple_elementIXT_ESt5tupleIJDpT0_EEE4typeERS8_
FNDA:0,_ZSt3getILm1EJP19MediaFileControllerSt14default_deleteIS0_EEERNSt13tuple_elementIXT_ESt5tupleIJDpT0_EEE4typeERS8_
FN:1393,_ZSt3getILm0EJP14BaseControllerSt14default_deleteIS0_EEERNSt13tuple_elementIXT_ESt5tupleIJDpT0_EEE4typeERS8_
FNDA:0,_ZSt3getILm0EJP14BaseControllerSt14default_deleteIS0_EEERNSt13tuple_elementIXT_ESt5tupleIJDpT0_EEE4typeERS8_
FN:1393,_ZSt3getILm0EJP21ScanfOptionControllerSt14default_deleteIS0_EEERNSt13tuple_elementIXT_ESt5tupleIJDpT0_EEE4typeERS8_
FNDA:0,_ZSt3getILm0EJP21ScanfOptionControllerSt14default_deleteIS0_EEERNSt13tuple_elementIXT_ESt5tupleIJDpT0_EEE4typeERS8_
FN:1393,_ZSt3getILm0EJP18PlaylistControllerSt14default_deleteIS0_EEERNSt13tuple_elementIXT_ESt5tupleIJDpT0_EEE4typeERS8_
FNDA:0,_ZSt3getILm0EJP18PlaylistControllerSt14default_deleteIS0_EEERNSt13tuple_elementIXT_ESt5tupleIJDpT0_EEE4typeERS8_
FN:1393,_ZSt3getILm0EJP19MediaFileControllerSt14default_deleteIS0_EEERNSt13tuple_elementIXT_ESt5tupleIJDpT0_EEE4typeERS8_
FNDA:0,_ZSt3getILm0EJP19MediaFileControllerSt14default_deleteIS0_EEERNSt13tuple_elementIXT_ESt5tupleIJDpT0_EEE4typeERS8_
FN:1393,_ZSt3getILm0EJP22PlayingMediaControllerSt14default_deleteIS0_EEERNSt13tuple_elementIXT_ESt5tupleIJDpT0_EEE4typeERS8_
FNDA:0,_ZSt3getILm0EJP22PlayingMediaControllerSt14default_deleteIS0_EEERNSt13tuple_elementIXT_ESt5tupleIJDpT0_EEE4typeERS8_
FN:1393,_ZSt3getILm1EJP18HardwareControllerSt14default_deleteIS0_EEERNSt13tuple_elementIXT_ESt5tupleIJDpT0_EEE4typeERS8_
FNDA:0,_ZSt3getILm1EJP18HardwareControllerSt14default_deleteIS0_EEERNSt13tuple_elementIXT_ESt5tupleIJDpT0_EEE4typeERS8_
FN:1393,_ZSt3getILm0EJP26DetailedPlaylistControllerSt14default_deleteIS0_EEERNSt13tuple_elementIXT_ESt5tupleIJDpT0_EEE4typeERS8_
FNDA:0,_ZSt3getILm0EJP26DetailedPlaylistControllerSt14default_deleteIS0_EEERNSt13tuple_elementIXT_ESt5tupleIJDpT0_EEE4typeERS8_
FN:1393,_ZSt3getILm1EJP18MainMenuControllerSt14default_deleteIS0_EEERNSt13tuple_elementIXT_ESt5tupleIJDpT0_EEE4typeERS8_
FNDA:0,_ZSt3getILm1EJP18MainMenuControllerSt14default_deleteIS0_EEERNSt13tuple_elementIXT_ESt5tupleIJDpT0_EEE4typeERS8_
FN:1393,_ZSt3getILm0EJP18MetadataControllerSt14default_deleteIS0_EEERNSt13tuple_elementIXT_ESt5tupleIJDpT0_EEE4typeERS8_
FNDA:0,_ZSt3getILm0EJP18MetadataControllerSt14default_deleteIS0_EEERNSt13tuple_elementIXT_ESt5tupleIJDpT0_EEE4typeERS8_
FN:1393,_ZSt3getILm1EJP18MetadataControllerSt14default_deleteIS0_EEERNSt13tuple_elementIXT_ESt5tupleIJDpT0_EEE4typeERS8_
FNDA:0,_ZSt3getILm1EJP18MetadataControllerSt14default_deleteIS0_EEERNSt13tuple_elementIXT_ESt5tupleIJDpT0_EEE4typeERS8_
FN:1393,_ZSt3getILm0EJP18HardwareControllerSt14default_deleteIS0_EEERNSt13tuple_elementIXT_ESt5tupleIJDpT0_EEE4typeERS8_
FNDA:0,_ZSt3getILm0EJP18HardwareControllerSt14default_deleteIS0_EEERNSt13tuple_elementIXT_ESt5tupleIJDpT0_EEE4typeERS8_
FN:1393,_ZSt3getILm1EJP22PlayingMediaControllerSt14default_deleteIS0_EEERNSt13tuple_elementIXT_ESt5tupleIJDpT0_EEE4typeERS8_
FNDA:0,_ZSt3getILm1EJP22PlayingMediaControllerSt14default_deleteIS0_EEERNSt13tuple_elementIXT_ESt5tupleIJDpT0_EEE4typeERS8_
FN:1393,_ZSt3getILm1EJP26DetailedPlaylistControllerSt14default_deleteIS0_EEERNSt13tuple_elementIXT_ESt5tupleIJDpT0_EEE4typeERS8_
FNDA:0,_ZSt3getILm1EJP26DetailedPlaylistControllerSt14default_deleteIS0_EEERNSt13tuple_elementIXT_ESt5tupleIJDpT0_EEE4typeERS8_
FN:1393,_ZSt3getILm1EJPN5boost6system6detail12std_categoryESt14default_deleteIS3_EEERNSt13tuple_elementIXT_ESt5tupleIJDpT0_EEE4typeERSB_
FNDA:0,_ZSt3getILm1EJPN5boost6system6detail12std_categoryESt14default_deleteIS3_EEERNSt13tuple_elementIXT_ESt5tupleIJDpT0_EEE4typeERSB_
FN:1399,_ZSt3getILm0EJP14BaseControllerSt14default_deleteIS0_EEERKNSt13tuple_elementIXT_ESt5tupleIJDpT0_EEE4typeERKS8_
FNDA:0,_ZSt3getILm0EJP14BaseControllerSt14default_deleteIS0_EEERKNSt13tuple_elementIXT_ESt5tupleIJDpT0_EEE4typeERKS8_
FN:1399,_ZSt3getILm0EJPN5boost6system6detail12std_categoryESt14default_deleteIS3_EEERKNSt13tuple_elementIXT_ESt5tupleIJDpT0_EEE4typeERKSB_
FNDA:0,_ZSt3getILm0EJPN5boost6system6detail12std_categoryESt14default_deleteIS3_EEERKNSt13tuple_elementIXT_ESt5tupleIJDpT0_EEE4typeERKSB_
DA:80,0
DA:81,0
DA:80,0
DA:81,0
DA:80,0
DA:81,0
DA:80,0
DA:81,0
DA:80,0
DA:81,0
DA:80,0
DA:81,0
DA:80,0
DA:81,0
DA:80,0
DA:81,0
DA:80,0
DA:81,0
DA:90,0
DA:91,0
DA:90,0
DA:91,0
DA:90,0
DA:91,0
DA:90,0
DA:91,0
DA:90,0
DA:91,0
DA:90,0
DA:91,0
DA:90,0
DA:91,0
DA:90,0
DA:91,0
DA:124,0
DA:124,0
DA:124,0
DA:124,0
DA:124,0
DA:124,0
DA:124,0
DA:124,0
DA:124,0
DA:124,0
DA:189,0
DA:190,0
DA:189,0
DA:190,0
DA:189,0
DA:190,0
DA:189,0
DA:190,0
DA:189,0
DA:190,0
DA:189,0
DA:190,0
DA:189,0
DA:190,0
DA:189,0
DA:190,0
DA:189,0
DA:190,0
DA:199,0
DA:200,0
DA:233,0
DA:233,0
DA:233,0
DA:233,0
DA:233,0
DA:233,0
DA:233,0
DA:233,0
DA:233,0
DA:233,0
DA:236,0
DA:236,0
DA:268,0
DA:268,0
DA:268,0
DA:268,0
DA:268,0
DA:268,0
DA:268,0
DA:268,0
DA:268,0
DA:268,0
DA:271,0
DA:271,0
DA:279,0
DA:280,0
DA:279,0
DA:280,0
DA:279,0
DA:280,0
DA:279,0
DA:280,0
DA:279,0
DA:280,0
DA:279,0
DA:280,0
DA:279,0
DA:280,0
DA:279,0
DA:280,0
DA:279,0
DA:280,0
DA:290,0
DA:292,0
DA:293,0
DA:290,0
DA:292,0
DA:293,0
DA:290,0
DA:292,0
DA:293,0
DA:290,0
DA:292,0
DA:293,0
DA:290,0
DA:292,0
DA:293,0
DA:290,0
DA:292,0
DA:293,0
DA:290,0
DA:292,0
DA:293,0
DA:290,0
DA:292,0
DA:293,0
DA:301,0
DA:301,0
DA:424,0
DA:424,0
DA:424,0
DA:424,0
DA:424,0
DA:424,0
DA:424,0
DA:424,0
DA:424,0
DA:424,0
DA:430,0
DA:431,0
DA:430,0
DA:431,0
DA:430,0
DA:431,0
DA:430,0
DA:431,0
DA:430,0
DA:431,0
DA:430,0
DA:431,0
DA:430,0
DA:431,0
DA:430,0
DA:431,0
DA:430,0
DA:431,0
DA:440,0
DA:441,0
DA:442,0
DA:440,0
DA:441,0
DA:442,0
DA:440,0
DA:441,0
DA:442,0
DA:440,0
DA:441,0
DA:442,0
DA:440,0
DA:441,0
DA:442,0
DA:440,0
DA:441,0
DA:442,0
DA:440,0
DA:441,0
DA:442,0
DA:440,0
DA:441,0
DA:442,0
DA:454,0
DA:457,0
DA:454,0
DA:457,0
DA:1049,0
DA:1051,0
DA:1049,0
DA:1051,0
DA:1049,0
DA:1051,0
DA:1049,0
DA:1051,0
DA:1049,0
DA:1051,0
DA:1049,0
DA:1051,0
DA:1049,0
DA:1051,0
DA:1049,0
DA:1051,0
DA:1049,0
DA:1051,0
DA:1077,0
DA:1079,0
DA:1077,0
DA:1079,0
DA:1077,0
DA:1079,0
DA:1077,0
DA:1079,0
DA:1077,0
DA:1079,0
DA:1077,0
DA:1079,0
DA:1077,0
DA:1079,0
DA:1077,0
DA:1079,0
DA:1090,0
DA:1090,0
DA:1377,0
DA:1378,0
DA:1377,0
DA:1378,0
DA:1377,0
DA:1378,0
DA:1377,0
DA:1378,0
DA:1377,0
DA:1378,0
DA:1377,0
DA:1378,0
DA:1377,0
DA:1378,0
DA:1377,0
DA:1378,0
DA:1377,0
DA:1378,0
DA:1377,0
DA:1378,0
DA:1377,0
DA:1378,0
DA:1377,0
DA:1378,0
DA:1377,0
DA:1378,0
DA:1377,0
DA:1378,0
DA:1377,0
DA:1378,0
DA:1377,0
DA:1378,0
DA:1377,0
DA:1378,0
DA:1377,0
DA:1378,0
DA:1377,0
DA:1378,0
DA:1377,0
DA:1378,0
DA:1382,0
DA:1383,0
DA:1382,0
DA:1383,0
DA:1393,0
DA:1394,0
DA:1393,0
DA:1394,0
DA:1393,0
DA:1394,0
DA:1393,0
DA:1394,0
DA:1393,0
DA:1394,0
DA:1393,0
DA:1394,0
DA:1393,0
DA:1394,0
DA:1393,0
DA:1394,0
DA:1393,0
DA:1394,0
DA:1393,0
DA:1394,0
DA:1393,0
DA:1394,0
DA:1393,0
DA:1394,0
DA:1393,0
DA:1394,0
DA:1393,0
DA:1394,0
DA:1393,0
DA:1394,0
DA:1393,0
DA:1394,0
DA:1393,0
DA:1394,0
DA:1393,0
DA:1394,0
DA:1393,0
DA:1394,0
DA:1393,0
DA:1394,0
DA:1399,0
DA:1400,0
DA:1399,0
DA:1400,0
end_of_record
SF:/usr/include/c++/11/bits/stl_algobase.h
FN:230,_ZSt3minImERKT_S2_S2_
FNDA:6175,_ZSt3minImERKT_S2_S2_
FN:254,_ZSt3maxImERKT_S2_S2_
FNDA:32,_ZSt3maxImERKT_S2_S2_
FN:313,_ZSt12__niter_baseIPSt10unique_ptrI14BaseControllerSt14default_deleteIS1_EEET_S6_
FNDA:0,_ZSt12__niter_baseIPSt10unique_ptrI14BaseControllerSt14default_deleteIS1_EEET_S6_
FN:313,_ZSt12__niter_baseIPcET_S1_
FNDA:0,_ZSt12__niter_baseIPcET_S1_
FN:313,_ZSt12__niter_baseIPKcET_S2_
FNDA:0,_ZSt12__niter_baseIPKcET_S2_
FN:335,_ZSt12__niter_wrapIPcET_RKS1_S1_
FNDA:0,_ZSt12__niter_wrapIPcET_RKS1_S1_
FN:380,_ZNSt11__copy_moveILb0ELb0ESt26random_access_iterator_tagE8__copy_mIPKcPcEET0_T_S7_S6_
FNDA:0,_ZNSt11__copy_moveILb0ELb0ESt26random_access_iterator_tagE8__copy_mIPKcPcEET0_T_S7_S6_
FN:420,_ZNSt11__copy_moveILb0ELb1ESt26random_access_iterator_tagE8__copy_mIcEEPT_PKS3_S6_S4_
FNDA:0,_ZNSt11__copy_moveILb0ELb1ESt26random_access_iterator_tagE8__copy_mIcEEPT_PKS3_S6_S4_
FN:486,_ZSt14__copy_move_a2ILb0EPKcPcET1_T0_S4_S3_
FNDA:0,_ZSt14__copy_move_a2ILb0EPKcPcET1_T0_S4_S3_
FN:521,_ZSt14__copy_move_a1ILb0EPKcPcET1_T0_S4_S3_
FNDA:0,_ZSt14__copy_move_a1ILb0EPKcPcET1_T0_S4_S3_
FN:527,_ZSt13__copy_move_aILb0EPKcPcET1_T0_S4_S3_
FNDA:0,_ZSt13__copy_move_aILb0EPKcPcET1_T0_S4_S3_
FN:611,_ZSt4copyIPKcPcET0_T_S4_S3_
FNDA:0,_ZSt4copyIPKcPcET0_T_S4_S3_
DA:230,6175
DA:235,6175
DA:236,244
DA:237,5931
DA:254,32
DA:259,32
DA:260,12
DA:261,20
DA:313,0
DA:315,0
DA:313,0
DA:315,0
DA:313,0
DA:315,0
DA:335,0
DA:336,0
DA:380,0
DA:383,0
DA:385,0
DA:386,0
DA:387,0
DA:389,0
DA:420,0
DA:429,0
DA:430,0
DA:431,0
DA:432,0
DA:486,0
DA:490,0
DA:492,0
DA:495,0
DA:521,0
DA:522,0
DA:527,0
DA:529,0
DA:532,0
DA:611,0
DA:620,0
end_of_record
SF:/usr/include/c++/11/ext/aligned_buffer.h
FN:64,_ZN9__gnu_cxx16__aligned_membufISt4pairIKPKN5boost6system14error_categoryESt10unique_ptrINS3_6detail12std_categoryESt14default_deleteISA_EEEE7_M_addrEv
FNDA:0,_ZN9__gnu_cxx16__aligned_membufISt4pairIKPKN5boost6system14error_categoryESt10unique_ptrINS3_6detail12std_categoryESt14default_deleteISA_EEEE7_M_addrEv
FN:68,_ZNK9__gnu_cxx16__aligned_membufISt4pairIKPKN5boost6system14error_categoryESt10unique_ptrINS3_6detail12std_categoryESt14default_deleteISA_EEEE7_M_addrEv
FNDA:0,_ZNK9__gnu_cxx16__aligned_membufISt4pairIKPKN5boost6system14error_categoryESt10unique_ptrINS3_6detail12std_categoryESt14default_deleteISA_EEEE7_M_addrEv
FN:72,_ZN9__gnu_cxx16__aligned_membufISt4pairIKPKN5boost6system14error_categoryESt10unique_ptrINS3_6detail12std_categoryESt14default_deleteISA_EEEE6_M_ptrEv
FNDA:0,_ZN9__gnu_cxx16__aligned_membufISt4pairIKPKN5boost6system14error_categoryESt10unique_ptrINS3_6detail12std_categoryESt14default_deleteISA_EEEE6_M_ptrEv
FN:76,_ZNK9__gnu_cxx16__aligned_membufISt4pairIKPKN5boost6system14error_categoryESt10unique_ptrINS3_6detail12std_categoryESt14default_deleteISA_EEEE6_M_ptrEv
FNDA:0,_ZNK9__gnu_cxx16__aligned_membufISt4pairIKPKN5boost6system14error_categoryESt10unique_ptrINS3_6detail12std_categoryESt14default_deleteISA_EEEE6_M_ptrEv
DA:64,0
DA:65,0
DA:68,0
DA:69,0
DA:72,0
DA:73,0
DA:76,0
DA:77,0
end_of_record
SF:/media/sf_Share_folder/UI/Spotify-rep-1-1/project/include/controller/PlayingMediaController.hpp
end_of_record
SF:/usr/include/boost/asio/execution_context.hpp
FN:312,_ZN5boost4asio17execution_context2idC2Ev
FNDA:24,_ZN5boost4asio17execution_context2idC2Ev
DA:312,24
end_of_record
SF:/usr/include/c++/11/ext/new_allocator.h
FN:79,_ZN9__gnu_cxx13new_allocatorISt10unique_ptrI14BaseControllerSt14default_deleteIS2_EEEC2Ev
FNDA:0,_ZN9__gnu_cxx13new_allocatorISt10unique_ptrI14BaseControllerSt14default_deleteIS2_EEEC2Ev
FN:79,_ZN9__gnu_cxx13new_allocatorISt13_Rb_tree_nodeISt4pairIKPKN5boost6system14error_categoryESt10unique_ptrINS4_6detail12std_categoryESt14default_deleteISB_EEEEEC2Ev
FNDA:0,_ZN9__gnu_cxx13new_allocatorISt13_Rb_tree_nodeISt4pairIKPKN5boost6system14error_categoryESt10unique_ptrINS4_6detail12std_categoryESt14default_deleteISB_EEEEEC2Ev
FN:79,_ZN9__gnu_cxx13new_allocatorIcEC2Ev
FNDA:0,_ZN9__gnu_cxx13new_allocatorIcEC2Ev
FN:103,_ZN9__gnu_cxx13new_allocatorISt13_Rb_tree_nodeISt4pairIKPKN5boost6system14error_categoryESt10unique_ptrINS4_6detail12std_categoryESt14default_deleteISB_EEEEE8allocateEmPKv
FNDA:0,_ZN9__gnu_cxx13new_allocatorISt13_Rb_tree_nodeISt4pairIKPKN5boost6system14error_categoryESt10unique_ptrINS4_6detail12std_categoryESt14default_deleteISB_EEEEE8allocateEmPKv
FN:103,_ZN9__gnu_cxx13new_allocatorISt10unique_ptrI14BaseControllerSt14default_deleteIS2_EEE8allocateEmPKv
FNDA:0,_ZN9__gnu_cxx13new_allocatorISt10unique_ptrI14BaseControllerSt14default_deleteIS2_EEE8allocateEmPKv
FN:103,_ZN9__gnu_cxx13new_allocatorIcE8allocateEmPKv
FNDA:1242,_ZN9__gnu_cxx13new_allocatorIcE8allocateEmPKv
FN:132,_ZN9__gnu_cxx13new_allocatorISt13_Rb_tree_nodeISt4pairIKPKN5boost6system14error_categoryESt10unique_ptrINS4_6detail12std_categoryESt14default_deleteISB_EEEEE10deallocateEPSG_m
FNDA:0,_ZN9__gnu_cxx13new_allocatorISt13_Rb_tree_nodeISt4pairIKPKN5boost6system14error_categoryESt10unique_ptrINS4_6detail12std_categoryESt14default_deleteISB_EEEEE10deallocateEPSG_m
FN:132,_ZN9__gnu_cxx13new_allocatorISt10unique_ptrI14BaseControllerSt14default_deleteIS2_EEE10deallocateEPS5_m
FNDA:0,_ZN9__gnu_cxx13new_allocatorISt10unique_ptrI14BaseControllerSt14default_deleteIS2_EEE10deallocateEPS5_m
FN:132,_ZN9__gnu_cxx13new_allocatorIcE10deallocateEPcm
FNDA:165,_ZN9__gnu_cxx13new_allocatorIcE10deallocateEPcm
FN:197,_ZNK9__gnu_cxx13new_allocatorISt13_Rb_tree_nodeISt4pairIKPKN5boost6system14error_categoryESt10unique_ptrINS4_6detail12std_categoryESt14default_deleteISB_EEEEE11_M_max_sizeEv
FNDA:0,_ZNK9__gnu_cxx13new_allocatorISt13_Rb_tree_nodeISt4pairIKPKN5boost6system14error_categoryESt10unique_ptrINS4_6detail12std_categoryESt14default_deleteISB_EEEEE11_M_max_sizeEv
FN:197,_ZNK9__gnu_cxx13new_allocatorISt10unique_ptrI14BaseControllerSt14default_deleteIS2_EEE11_M_max_sizeEv
FNDA:0,_ZNK9__gnu_cxx13new_allocatorISt10unique_ptrI14BaseControllerSt14default_deleteIS2_EEE11_M_max_sizeEv
FN:197,_ZNK9__gnu_cxx13new_allocatorIcE11_M_max_sizeEv
FNDA:1242,_ZNK9__gnu_cxx13new_allocatorIcE11_M_max_sizeEv
DA:79,0
DA:79,0
DA:79,0
DA:103,0
DA:111,0
DA:115,0
DA:116,0
DA:117,0
DA:127,0
DA:103,0
DA:111,0
DA:115,0
DA:116,0
DA:117,0
DA:127,0
DA:103,1242
DA:111,1242
DA:117,0
DA:127,1242
DA:132,0
DA:145,0
DA:132,0
DA:145,0
DA:132,165
DA:145,165
DA:197,0
DA:200,0
DA:197,0
DA:200,0
DA:197,1242
DA:200,1242
end_of_record
SF:/usr/include/boost/asio/detail/keyword_tss_ptr.hpp
FN:36,_ZN5boost4asio6detail15keyword_tss_ptrINS1_10call_stackINS1_23strand_executor_service11strand_implEhE7contextEEC2Ev
FNDA:6,_ZN5boost4asio6detail15keyword_tss_ptrINS1_10call_stackINS1_23strand_executor_service11strand_implEhE7contextEEC2Ev
FN:36,_ZN5boost4asio6detail15keyword_tss_ptrINS1_10call_stackINS1_14strand_service11strand_implEhE7contextEEC2Ev
FNDA:6,_ZN5boost4asio6detail15keyword_tss_ptrINS1_10call_stackINS1_14strand_service11strand_implEhE7contextEEC2Ev
FN:36,_ZN5boost4asio6detail15keyword_tss_ptrINS1_10call_stackINS1_14thread_contextENS1_16thread_info_baseEE7contextEEC2Ev
FNDA:6,_ZN5boost4asio6detail15keyword_tss_ptrINS1_10call_stackINS1_14thread_contextENS1_16thread_info_baseEE7contextEEC2Ev
FN:41,_ZN5boost4asio6detail15keyword_tss_ptrINS1_10call_stackINS1_23strand_executor_service11strand_implEhE7contextEED2Ev
FNDA:6,_ZN5boost4asio6detail15keyword_tss_ptrINS1_10call_stackINS1_23strand_executor_service11strand_implEhE7contextEED2Ev
FN:41,_ZN5boost4asio6detail15keyword_tss_ptrINS1_10call_stackINS1_14strand_service11strand_implEhE7contextEED2Ev
FNDA:6,_ZN5boost4asio6detail15keyword_tss_ptrINS1_10call_stackINS1_14strand_service11strand_implEhE7contextEED2Ev
FN:41,_ZN5boost4asio6detail15keyword_tss_ptrINS1_10call_stackINS1_14thread_contextENS1_16thread_info_baseEE7contextEED2Ev
FNDA:6,_ZN5boost4asio6detail15keyword_tss_ptrINS1_10call_stackINS1_14thread_contextENS1_16thread_info_baseEE7contextEED2Ev
DA:36,6
DA:37,6
DA:38,6
DA:36,6
DA:37,6
DA:38,6
DA:36,6
DA:37,6
DA:38,6
DA:41,6
DA:43,6
DA:41,6
DA:43,6
DA:41,6
DA:43,6
end_of_record
SF:/usr/include/c++/11/bits/stl_pair.h
FN:315,_ZNSt4pairIKPKN5boost6system14error_categoryESt10unique_ptrINS1_6detail12std_categoryESt14default_deleteIS8_EEEC2EOSC_
FNDA:0,_ZNSt4pairIKPKN5boost6system14error_categoryESt10unique_ptrINS1_6detail12std_categoryESt14default_deleteIS8_EEEC2EOSC_
FN:322,_ZNSt4pairIPSt18_Rb_tree_node_baseS1_EC2IRS1_Lb1EEEOT_RKS1_
FNDA:0,_ZNSt4pairIPSt18_Rb_tree_node_baseS1_EC2IRS1_Lb1EEEOT_RKS1_
FN:352,_ZNSt4pairIPSt18_Rb_tree_node_baseS1_EC2IRPSt13_Rb_tree_nodeIS_IKPKN5boost6system14error_categoryESt10unique_ptrINS6_6detail12std_categoryESt14default_deleteISD_EEEERS1_Lb1EEEOT_OT0_
FNDA:0,_ZNSt4pairIPSt18_Rb_tree_node_baseS1_EC2IRPSt13_Rb_tree_nodeIS_IKPKN5boost6system14error_categoryESt10unique_ptrINS6_6detail12std_categoryESt14default_deleteISD_EEEERS1_Lb1EEEOT_OT0_
FN:352,_ZNSt4pairISt17_Rb_tree_iteratorIS_IKPKN5boost6system14error_categoryESt10unique_ptrINS2_6detail12std_categoryESt14default_deleteIS9_EEEEbEC2ISE_bLb1EEEOT_OT0_
FNDA:0,_ZNSt4pairISt17_Rb_tree_iteratorIS_IKPKN5boost6system14error_categoryESt10unique_ptrINS2_6detail12std_categoryESt14default_deleteIS9_EEEEbEC2ISE_bLb1EEEOT_OT0_
FN:352,_ZNSt4pairIKPKN5boost6system14error_categoryESt10unique_ptrINS1_6detail12std_categoryESt14default_deleteIS8_EEEC2IS4_SB_Lb1EEEOT_OT0_
FNDA:0,_ZNSt4pairIKPKN5boost6system14error_categoryESt10unique_ptrINS1_6detail12std_categoryESt14default_deleteIS8_EEEC2IS4_SB_Lb1EEEOT_OT0_
DA:315,0
DA:322,0
DA:323,0
DA:352,0
DA:353,0
DA:352,0
DA:353,0
DA:352,0
DA:353,0
end_of_record
SF:/media/sf_Share_folder/UI/Spotify-rep-1-1/project/include/controller/MainMenuController.hpp
end_of_record
SF:/usr/include/c++/11/bits/vector.tcc
FN:109,_ZNSt6vectorISt10unique_ptrI14BaseControllerSt14default_deleteIS1_EESaIS4_EE12emplace_backIJS4_EEERS4_DpOT_
FNDA:0,_ZNSt6vectorISt10unique_ptrI14BaseControllerSt14default_deleteIS1_EESaIS4_EE12emplace_backIJS4_EEERS4_DpOT_
FN:426,_ZNSt6vectorISt10unique_ptrI14BaseControllerSt14default_deleteIS1_EESaIS4_EE17_M_realloc_insertIJS4_EEEvN9__gnu_cxx17__normal_iteratorIPS4_S6_EEDpOT_
[...]
DA:79,0
DA:85,0
DA:86,0
DA:155,0
DA:161,0
DA:162,0
DA:163,0
DA:172,0
DA:172,84
DA:173,0
DA:173,0
DA:174,0
DA:174,84
DA:211,0
DA:281,0
DA:282,0
DA:283,0
DA:327,0
DA:355,0
DA:359,0
DA:360,0
DA:361,0
DA:362,0
DA:363,0
DA:355,84
DA:359,84
DA:360,84
DA:361,84
DA:362,84
DA:363,84
DA:405,0
DA:407,0
DA:408,0
DA:421,0
DA:422,0
DA:421,0
DA:422,0
DA:426,0
DA:427,0
DA:426,84
DA:427,84
end_of_record
SF:/usr/include/c++/11/bits/stl_tree.h
FN:146,_ZNSt20_Rb_tree_key_compareISt4lessINSt7__cxx1112basic_stringIcSt11char_traitsIcESaIcEEEEEC2Ev
FNDA:0,_ZNSt20_Rb_tree_key_compareISt4lessINSt7__cxx1112basic_stringIcSt11char_traitsIcESaIcEEEEEC2Ev
FN:146,_ZNSt20_Rb_tree_key_compareIN5boost6system6detail12cat_ptr_lessEEC2Ev
FNDA:0,_ZNSt20_Rb_tree_key_compareIN5boost6system6detail12cat_ptr_lessEEC2Ev
FN:173,_ZNSt15_Rb_tree_headerC2Ev
FNDA:0,_ZNSt15_Rb_tree_headerC2Ev
FN:206,_ZNSt15_Rb_tree_header8_M_resetEv
FNDA:0,_ZNSt15_Rb_tree_header8_M_resetEv
FN:234,_ZNSt13_Rb_tree_nodeISt4pairIKNSt7__cxx1112basic_stringIcSt11char_traitsIcESaIcEEES6_EE9_M_valptrEv
FNDA:420,_ZNSt13_Rb_tree_nodeISt4pairIKNSt7__cxx1112basic_stringIcSt11char_traitsIcESaIcEEES6_EE9_M_valptrEv
FN:234,_ZNSt13_Rb_tree_nodeISt4pairIKPKN5boost6system14error_categoryESt10unique_ptrINS2_6detail12std_categoryESt14default_deleteIS9_EEEE9_M_valptrEv
FNDA:0,_ZNSt13_Rb_tree_nodeISt4pairIKPKN5boost6system14error_categoryESt10unique_ptrINS2_6detail12std_categoryESt14default_deleteIS9_EEEE9_M_valptrEv
FN:238,_ZNKSt13_Rb_tree_nodeISt4pairIKPKN5boost6system14error_categoryESt10unique_ptrINS2_6detail12std_categoryESt14default_deleteIS9_EEEE9_M_valptrEv
FNDA:0,_ZNKSt13_Rb_tree_nodeISt4pairIKPKN5boost6system14error_categoryESt10unique_ptrINS2_6detail12std_categoryESt14default_deleteIS9_EEEE9_M_valptrEv
FN:273,_ZNSt17_Rb_tree_iteratorISt4pairIKPKN5boost6system14error_categoryESt10unique_ptrINS2_6detail12std_categoryESt14default_deleteIS9_EEEEC2EPSt18_Rb_tree_node_base
FNDA:0,_ZNSt17_Rb_tree_iteratorISt4pairIKPKN5boost6system14error_categoryESt10unique_ptrINS2_6detail12std_categoryESt14default_deleteIS9_EEEEC2EPSt18_Rb_tree_node_base
FN:281,_ZNKSt17_Rb_tree_iteratorISt4pairIKPKN5boost6system14error_categoryESt10unique_ptrINS2_6detail12std_categoryESt14default_deleteIS9_EEEEptEv
FNDA:0,_ZNKSt17_Rb_tree_iteratorISt4pairIKPKN5boost6system14error_categoryESt10unique_ptrINS2_6detail12std_categoryESt14default_deleteIS9_EEEEptEv
FN:300,_ZNSt17_Rb_tree_iteratorISt4pairIKPKN5boost6system14error_categoryESt10unique_ptrINS2_6detail12std_categoryESt14default_deleteIS9_EEEEmmEv
FNDA:0,_ZNSt17_Rb_tree_iteratorISt4pairIKPKN5boost6system14error_categoryESt10unique_ptrINS2_6detail12std_categoryESt14default_deleteIS9_EEEEmmEv
FN:315,_ZSteqRKSt17_Rb_tree_iteratorISt4pairIKPKN5boost6system14error_categoryESt10unique_ptrINS2_6detail12std_categoryESt14default_deleteIS9_EEEESG_
FNDA:0,_ZSteqRKSt17_Rb_tree_iteratorISt4pairIKPKN5boost6system14error_categoryESt10unique_ptrINS2_6detail12std_categoryESt14default_deleteIS9_EEEESG_
FN:523,_ZNSt8_Rb_treeIPKN5boost6system14error_categoryESt4pairIKS4_St10unique_ptrINS1_6detail12std_categoryESt14default_deleteIS9_EEESt10_Select1stISD_ENS8_12cat_ptr_lessESaISD_EE11_Alloc_nodeC2ERSI_
FNDA:0,_ZNSt8_Rb_treeIPKN5boost6system14error_categoryESt4pairIKS4_St10unique_ptrINS1_6detail12std_categoryESt14default_deleteIS9_EEESt10_Select1stISD_ENS8_12cat_ptr_lessESaISD_EE11_Alloc_nodeC2ERSI_
FN:528,_ZNKSt8_Rb_treeIPKN5boost6system14error_categoryESt4pairIKS4_St10unique_ptrINS1_6detail12std_categoryESt14default_deleteIS9_EEESt10_Select1stISD_ENS8_12cat_ptr_lessESaISD_EE11_Alloc_nodeclISD_EEPSt13_Rb_tree_nodeISD_EOT_
FNDA:0,_ZNKSt8_Rb_treeIPKN5boost6system14error_categoryESt4pairIKS4_St10unique_ptrINS1_6detail12std_categoryESt14default_deleteIS9_EEESt10_Select1stISD_ENS8_12cat_ptr_lessESaISD_EE11_Alloc_nodeclISD_EEPSt13_Rb_tree_nodeISD_EOT_
FN:547,_ZNSt8_Rb_treeIPKN5boost6system14error_categoryESt4pairIKS4_St10unique_ptrINS1_6detail12std_categoryESt14default_deleteIS9_EEESt10_Select1stISD_ENS8_12cat_ptr_lessESaISD_EE21_M_get_Node_allocatorEv
FNDA:0,_ZNSt8_Rb_treeIPKN5boost6system14error_categoryESt4pairIKS4_St10unique_ptrINS1_6detail12std_categoryESt14default_deleteIS9_EEESt10_Select1stISD_ENS8_12cat_ptr_lessESaISD_EE21_M_get_Node_allocatorEv
FN:547,_ZNSt8_Rb_treeINSt7__cxx1112basic_stringIcSt11char_traitsIcESaIcEEESt4pairIKS5_S5_ESt10_Select1stIS8_ESt4lessIS5_ESaIS8_EE21_M_get_Node_allocatorEv
FNDA:840,_ZNSt8_Rb_treeINSt7__cxx1112basic_stringIcSt11char_traitsIcESaIcEEESt4pairIKS5_S5_ESt10_Select1stIS8_ESt4lessIS5_ESaIS8_EE21_M_get_Node_allocatorEv
FN:560,_ZNSt8_Rb_treeIPKN5boost6system14error_categoryESt4pairIKS4_St10unique_ptrINS1_6detail12std_categoryESt14default_deleteIS9_EEESt10_Select1stISD_ENS8_12cat_ptr_lessESaISD_EE11_M_get_nodeEv
FNDA:0,_ZNSt8_Rb_treeIPKN5boost6system14error_categoryESt4pairIKS4_St10unique_ptrINS1_6detail12std_categoryESt14default_deleteIS9_EEESt10_Select1stISD_ENS8_12cat_ptr_lessESaISD_EE11_M_get_nodeEv
FN:564,_ZNSt8_Rb_treeIPKN5boost6system14error_categoryESt4pairIKS4_St10unique_ptrINS1_6detail12std_categoryESt14default_deleteIS9_EEESt10_Select1stISD_ENS8_12cat_ptr_lessESaISD_EE11_M_put_nodeEPSt13_Rb_tree_nodeISD_E
FNDA:0,_ZNSt8_Rb_treeIPKN5boost6system14error_categoryESt4pairIKS4_St10unique_ptrINS1_6detail12std_categoryESt14default_deleteIS9_EEESt10_Select1stISD_ENS8_12cat_ptr_lessESaISD_EE11_M_put_nodeEPSt13_Rb_tree_nodeISD_E
FN:564,_ZNSt8_Rb_treeINSt7__cxx1112basic_stringIcSt11char_traitsIcESaIcEEESt4pairIKS5_S5_ESt10_Select1stIS8_ESt4lessIS5_ESaIS8_EE11_M_put_nodeEPSt13_Rb_tree_nodeIS8_E
FNDA:210,_ZNSt8_Rb_treeINSt7__cxx1112basic_stringIcSt11char_traitsIcESaIcEEESt4pairIKS5_S5_ESt10_Select1stIS8_ESt4lessIS5_ESaIS8_EE11_M_put_nodeEPSt13_Rb_tree_nodeIS8_E
FN:590,_ZNSt8_Rb_treeIPKN5boost6system14error_categoryESt4pairIKS4_St10unique_ptrINS1_6detail12std_categoryESt14default_deleteIS9_EEESt10_Select1stISD_ENS8_12cat_ptr_lessESaISD_EE17_M_construct_nodeIJSD_EEEvPSt13_Rb_tree_nodeISD_EDpOT_
FNDA:0,_ZNSt8_Rb_treeIPKN5boost6system14error_categoryESt4pairIKS4_St10unique_ptrINS1_6detail12std_categoryESt14default_deleteIS9_EEESt10_Select1stISD_ENS8_12cat_ptr_lessESaISD_EE17_M_construct_nodeIJSD_EEEvPSt13_Rb_tree_nodeISD_EDpOT_
FN:609,_ZNSt8_Rb_treeIPKN5boost6system14error_categoryESt4pairIKS4_St10unique_ptrINS1_6detail12std_categoryESt14default_deleteIS9_EEESt10_Select1stISD_ENS8_12cat_ptr_lessESaISD_EE14_M_create_nodeIJSD_EEEPSt13_Rb_tree_nodeISD_EDpOT_
FNDA:0,_ZNSt8_Rb_treeIPKN5boost6system14error_categoryESt4pairIKS4_St10unique_ptrINS1_6detail12std_categoryESt14default_deleteIS9_EEESt10_Select1stISD_ENS8_12cat_ptr_lessESaISD_EE14_M_create_nodeIJSD_EEEPSt13_Rb_tree_nodeISD_EDpOT_
FN:618,_ZNSt8_Rb_treeIPKN5boost6system14error_categoryESt4pairIKS4_St10unique_ptrINS1_6detail12std_categoryESt14default_deleteIS9_EEESt10_Select1stISD_ENS8_12cat_ptr_lessESaISD_EE15_M_destroy_nodeEPSt13_Rb_tree_nodeISD_E
FNDA:0,_ZNSt8_Rb_treeIPKN5boost6system14error_categoryESt4pairIKS4_St10unique_ptrINS1_6detail12std_categoryESt14default_deleteIS9_EEESt10_Select1stISD_ENS8_12cat_ptr_lessESaISD_EE15_M_destroy_nodeEPSt13_Rb_tree_nodeISD_E
FN:618,_ZNSt8_Rb_treeINSt7__cxx1112basic_stringIcSt11char_traitsIcESaIcEEESt4pairIKS5_S5_ESt10_Select1stIS8_ESt4lessIS5_ESaIS8_EE15_M_destroy_nodeEPSt13_Rb_tree_nodeIS8_E
FNDA:210,_ZNSt8_Rb_treeINSt7__cxx1112basic_stringIcSt11char_traitsIcESaIcEEESt4pairIKS5_S5_ESt10_Select1stIS8_ESt4lessIS5_ESaIS8_EE15_M_destroy_nodeEPSt13_Rb_tree_nodeIS8_E
FN:629,_ZNSt8_Rb_treeIPKN5boost6system14error_categoryESt4pairIKS4_St10unique_ptrINS1_6detail12std_categoryESt14default_deleteIS9_EEESt10_Select1stISD_ENS8_12cat_ptr_lessESaISD_EE12_M_drop_nodeEPSt13_Rb_tree_nodeISD_E
FNDA:0,_ZNSt8_Rb_treeIPKN5boost6system14error_categoryESt4pairIKS4_St10unique_ptrINS1_6detail12std_categoryESt14default_deleteIS9_EEESt10_Select1stISD_ENS8_12cat_ptr_lessESaISD_EE12_M_drop_nodeEPSt13_Rb_tree_nodeISD_E
FN:629,_ZNSt8_Rb_treeINSt7__cxx1112basic_stringIcSt11char_traitsIcESaIcEEESt4pairIKS5_S5_ESt10_Select1stIS8_ESt4lessIS5_ESaIS8_EE12_M_drop_nodeEPSt13_Rb_tree_nodeIS8_E
FNDA:210,_ZNSt8_Rb_treeINSt7__cxx1112basic_stringIcSt11char_traitsIcESaIcEEESt4pairIKS5_S5_ESt10_Select1stIS8_ESt4lessIS5_ESaIS8_EE12_M_drop_nodeEPSt13_Rb_tree_nodeIS8_E
FN:667,_ZNSt8_Rb_treeIPKN5boost6system14error_categoryESt4pairIKS4_St10unique_ptrINS1_6detail12std_categoryESt14default_deleteIS9_EEESt10_Select1stISD_ENS8_12cat_ptr_lessESaISD_EE13_Rb_tree_implISG_Lb1EEC2Ev
FNDA:0,_ZNSt8_Rb_treeIPKN5boost6system14error_categoryESt4pairIKS4_St10unique_ptrINS1_6detail12std_categoryESt14default_deleteIS9_EEESt10_Select1stISD_ENS8_12cat_ptr_lessESaISD_EE13_Rb_tree_implISG_Lb1EEC2Ev
FN:667,_ZNSt8_Rb_treeINSt7__cxx1112basic_stringIcSt11char_traitsIcESaIcEEESt4pairIKS5_S5_ESt10_Select1stIS8_ESt4lessIS5_ESaIS8_EE13_Rb_tree_implISC_Lb1EEC2Ev
FNDA:0,_ZNSt8_Rb_treeINSt7__cxx1112basic_stringIcSt11char_traitsIcESaIcEEESt4pairIKS5_S5_ESt10_Select1stIS8_ESt4lessIS5_ESaIS8_EE13_Rb_tree_implISC_Lb1EEC2Ev
FN:734,_ZNKSt8_Rb_treeIPKN5boost6system14error_categoryESt4pairIKS4_St10unique_ptrINS1_6detail12std_categoryESt14default_deleteIS9_EEESt10_Select1stISD_ENS8_12cat_ptr_lessESaISD_EE9_M_mbeginEv
FNDA:0,_ZNKSt8_Rb_treeIPKN5boost6system14error_categoryESt4pairIKS4_St10unique_ptrINS1_6detail12std_categoryESt14default_deleteIS9_EEESt10_Select1stISD_ENS8_12cat_ptr_lessESaISD_EE9_M_mbeginEv
FN:734,_ZNKSt8_Rb_treeINSt7__cxx1112basic_stringIcSt11char_traitsIcESaIcEEESt4pairIKS5_S5_ESt10_Select1stIS8_ESt4lessIS5_ESaIS8_EE9_M_mbeginEv
FNDA:156,_ZNKSt8_Rb_treeINSt7__cxx1112basic_stringIcSt11char_traitsIcESaIcEEESt4pairIKS5_S5_ESt10_Select1stIS8_ESt4lessIS5_ESaIS8_EE9_M_mbeginEv
FN:738,_ZNSt8_Rb_treeINSt7__cxx1112basic_stringIcSt11char_traitsIcESaIcEEESt4pairIKS5_S5_ESt10_Select1stIS8_ESt4lessIS5_ESaIS8_EE8_M_beginEv
FNDA:156,_ZNSt8_Rb_treeINSt7__cxx1112basic_stringIcSt11char_traitsIcESaIcEEESt4pairIKS5_S5_ESt10_Select1stIS8_ESt4lessIS5_ESaIS8_EE8_M_beginEv
FN:738,_ZNSt8_Rb_treeIPKN5boost6system14error_categoryESt4pairIKS4_St10unique_ptrINS1_6detail12std_categoryESt14default_deleteIS9_EEESt10_Select1stISD_ENS8_12cat_ptr_lessESaISD_EE8_M_beginEv
FNDA:0,_ZNSt8_Rb_treeIPKN5boost6system14error_categoryESt4pairIKS4_St10unique_ptrINS1_6detail12std_categoryESt14default_deleteIS9_EEESt10_Select1stISD_ENS8_12cat_ptr_lessESaISD_EE8_M_beginEv
FN:749,_ZNSt8_Rb_treeIPKN5boost6system14error_categoryESt4pairIKS4_St10unique_ptrINS1_6detail12std_categoryESt14default_deleteIS9_EEESt10_Select1stISD_ENS8_12cat_ptr_lessESaISD_EE6_M_endEv
FNDA:0,_ZNSt8_Rb_treeIPKN5boost6system14error_categoryESt4pairIKS4_St10unique_ptrINS1_6detail12std_categoryESt14default_deleteIS9_EEESt10_Select1stISD_ENS8_12cat_ptr_lessESaISD_EE6_M_endEv
FN:757,_ZNSt8_Rb_treeIPKN5boost6system14error_categoryESt4pairIKS4_St10unique_ptrINS1_6detail12std_categoryESt14default_deleteIS9_EEESt10_Select1stISD_ENS8_12cat_ptr_lessESaISD_EE6_S_keyEPKSt13_Rb_tree_nodeISD_E
FNDA:0,_ZNSt8_Rb_treeIPKN5boost6system14error_categoryESt4pairIKS4_St10unique_ptrINS1_6detail12std_categoryESt14default_deleteIS9_EEESt10_Select1stISD_ENS8_12cat_ptr_lessESaISD_EE6_S_keyEPKSt13_Rb_tree_nodeISD_E
FN:779,_ZNSt8_Rb_treeINSt7__cxx1112basic_stringIcSt11char_traitsIcESaIcEEESt4pairIKS5_S5_ESt10_Select1stIS8_ESt4lessIS5_ESaIS8_EE7_S_leftEPSt18_Rb_tree_node_base
FNDA:510,_ZNSt8_Rb_treeINSt7__cxx1112basic_stringIcSt11char_traitsIcESaIcEEESt4pairIKS5_S5_ESt10_Select1stIS8_ESt4lessIS5_ESaIS8_EE7_S_leftEPSt18_Rb_tree_node_base
FN:779,_ZNSt8_Rb_treeIPKN5boost6system14error_categoryESt4pairIKS4_St10unique_ptrINS1_6detail12std_categoryESt14default_deleteIS9_EEESt10_Select1stISD_ENS8_12cat_ptr_lessESaISD_EE7_S_leftEPSt18_Rb_tree_node_base
FNDA:0,_ZNSt8_Rb_treeIPKN5boost6system14error_categoryESt4pairIKS4_St10unique_ptrINS1_6detail12std_categoryESt14default_deleteIS9_EEESt10_Select1stISD_ENS8_12cat_ptr_lessESaISD_EE7_S_leftEPSt18_Rb_tree_node_base
FN:787,_ZNSt8_Rb_treeINSt7__cxx1112basic_stringIcSt11char_traitsIcESaIcEEESt4pairIKS5_S5_ESt10_Select1stIS8_ESt4lessIS5_ESaIS8_EE8_S_rightEPSt18_Rb_tree_node_base
FNDA:732,_ZNSt8_Rb_treeINSt7__cxx1112basic_stringIcSt11char_traitsIcESaIcEEESt4pairIKS5_S5_ESt10_Select1stIS8_ESt4lessIS5_ESaIS8_EE8_S_rightEPSt18_Rb_tree_node_base
FN:787,_ZNSt8_Rb_treeIPKN5boost6system14error_categoryESt4pairIKS4_St10unique_ptrINS1_6detail12std_categoryESt14default_deleteIS9_EEESt10_Select1stISD_ENS8_12cat_ptr_lessESaISD_EE8_S_rightEPSt18_Rb_tree_node_base
FNDA:0,_ZNSt8_Rb_treeIPKN5boost6system14error_categoryESt4pairIKS4_St10unique_ptrINS1_6detail12std_categoryESt14default_deleteIS9_EEESt10_Select1stISD_ENS8_12cat_ptr_lessESaISD_EE8_S_rightEPSt18_Rb_tree_node_base
FN:795,_ZNSt8_Rb_treeIPKN5boost6system14error_categoryESt4pairIKS4_St10unique_ptrINS1_6detail12std_categoryESt14default_deleteIS9_EEESt10_Select1stISD_ENS8_12cat_ptr_lessESaISD_EE6_S_keyEPKSt18_Rb_tree_node_base
FNDA:0,_ZNSt8_Rb_treeIPKN5boost6system14error_categoryESt4pairIKS4_St10unique_ptrINS1_6detail12std_categoryESt14default_deleteIS9_EEESt10_Select1stISD_ENS8_12cat_ptr_lessESaISD_EE6_S_keyEPKSt18_Rb_tree_node_base
FN:928,_ZNSt8_Rb_treeINSt7__cxx1112basic_stringIcSt11char_traitsIcESaIcEEESt4pairIKS5_S5_ESt10_Select1stIS8_ESt4lessIS5_ESaIS8_EEC2Ev
FNDA:0,_ZNSt8_Rb_treeINSt7__cxx1112basic_stringIcSt11char_traitsIcESaIcEEESt4pairIKS5_S5_ESt10_Select1stIS8_ESt4lessIS5_ESaIS8_EEC2Ev
FN:928,_ZNSt8_Rb_treeIPKN5boost6system14error_categoryESt4pairIKS4_St10unique_ptrINS1_6detail12std_categoryESt14default_deleteIS9_EEESt10_Select1stISD_ENS8_12cat_ptr_lessESaISD_EEC2Ev
FNDA:0,_ZNSt8_Rb_treeIPKN5boost6system14error_categoryESt4pairIKS4_St10unique_ptrINS1_6detail12std_categoryESt14default_deleteIS9_EEESt10_Select1stISD_ENS8_12cat_ptr_lessESaISD_EEC2Ev
FN:983,_ZNSt8_Rb_treeINSt7__cxx1112basic_stringIcSt11char_traitsIcESaIcEEESt4pairIKS5_S5_ESt10_Select1stIS8_ESt4lessIS5_ESaIS8_EED2Ev
FNDA:6,_ZNSt8_Rb_treeINSt7__cxx1112basic_stringIcSt11char_traitsIcESaIcEEESt4pairIKS5_S5_ESt10_Select1stIS8_ESt4lessIS5_ESaIS8_EED2Ev
FN:983,_ZNSt8_Rb_treeIPKN5boost6system14error_categoryESt4pairIKS4_St10unique_ptrINS1_6detail12std_categoryESt14default_deleteIS9_EEESt10_Select1stISD_ENS8_12cat_ptr_lessESaISD_EED2Ev
FNDA:0,_ZNSt8_Rb_treeIPKN5boost6system14error_categoryESt4pairIKS4_St10unique_ptrINS1_6detail12std_categoryESt14default_deleteIS9_EEESt10_Select1stISD_ENS8_12cat_ptr_lessESaISD_EED2Ev
FN:995,_ZNSt8_Rb_treeIPKN5boost6system14error_categoryESt4pairIKS4_St10unique_ptrINS1_6detail12std_categoryESt14default_deleteIS9_EEESt10_Select1stISD_ENS8_12cat_ptr_lessESaISD_EE5beginEv
FNDA:0,_ZNSt8_Rb_treeIPKN5boost6system14error_categoryESt4pairIKS4_St10unique_ptrINS1_6detail12std_categoryESt14default_deleteIS9_EEESt10_Select1stISD_ENS8_12cat_ptr_lessESaISD_EE5beginEv
FN:1003,_ZNSt8_Rb_treeIPKN5boost6system14error_categoryESt4pairIKS4_St10unique_ptrINS1_6detail12std_categoryESt14default_deleteIS9_EEESt10_Select1stISD_ENS8_12cat_ptr_lessESaISD_EE3endEv
FNDA:0,_ZNSt8_Rb_treeIPKN5boost6system14error_categoryESt4pairIKS4_St10unique_ptrINS1_6detail12std_categoryESt14default_deleteIS9_EEESt10_Select1stISD_ENS8_12cat_ptr_lessESaISD_EE3endEv
FN:1771,_ZNSt8_Rb_treeIPKN5boost6system14error_categoryESt4pairIKS4_St10unique_ptrINS1_6detail12std_categoryESt14default_deleteIS9_EEESt10_Select1stISD_ENS8_12cat_ptr_lessESaISD_EE10_M_insert_ISD_NSI_11_Alloc_nodeEEESt17_Rb_tree_iteratorISD_EPSt18_Rb_tree_node_baseSO_OT_RT0_
FNDA:0,_ZNSt8_Rb_treeIPKN5boost6system14error_categoryESt4pairIKS4_St10unique_ptrINS1_6detail12std_categoryESt14default_deleteIS9_EEESt10_Select1stISD_ENS8_12cat_ptr_lessESaISD_EE10_M_insert_ISD_NSI_11_Alloc_nodeEEESt17_Rb_tree_iteratorISD_EPSt18_Rb_tree_node_baseSO_OT_RT0_
FN:1883,_ZNSt8_Rb_treeINSt7__cxx1112basic_stringIcSt11char_traitsIcESaIcEEESt4pairIKS5_S5_ESt10_Select1stIS8_ESt4lessIS5_ESaIS8_EE8_M_eraseEPSt13_Rb_tree_nodeIS8_E
FNDA:216,_ZNSt8_Rb_treeINSt7__cxx1112basic_stringIcSt11char_traitsIcESaIcEEESt4pairIKS5_S5_ESt10_Select1stIS8_ESt4lessIS5_ESaIS8_EE8_M_eraseEPSt13_Rb_tree_nodeIS8_E
FN:1883,_ZNSt8_Rb_treeIPKN5boost6system14error_categoryESt4pairIKS4_St10unique_ptrINS1_6detail12std_categoryESt14default_deleteIS9_EEESt10_Select1stISD_ENS8_12cat_ptr_lessESaISD_EE8_M_eraseEPSt13_Rb_tree_nodeISD_E
FNDA:0,_ZNSt8_Rb_treeIPKN5boost6system14error_categoryESt4pairIKS4_St10unique_ptrINS1_6detail12std_categoryESt14default_deleteIS9_EEESt10_Select1stISD_ENS8_12cat_ptr_lessESaISD_EE8_M_eraseEPSt13_Rb_tree_nodeISD_E
FN:1900,_ZNSt8_Rb_treeIPKN5boost6system14error_categoryESt4pairIKS4_St10unique_ptrINS1_6detail12std_categoryESt14default_deleteIS9_EEESt10_Select1stISD_ENS8_12cat_ptr_lessESaISD_EE14_M_lower_boundEPSt13_Rb_tree_nodeISD_EPSt18_Rb_tree_node_baseRS6_
FNDA:0,_ZNSt8_Rb_treeIPKN5boost6system14error_categoryESt4pairIKS4_St10unique_ptrINS1_6detail12std_categoryESt14default_deleteIS9_EEESt10_Select1stISD_ENS8_12cat_ptr_lessESaISD_EE14_M_lower_boundEPSt13_Rb_tree_nodeISD_EPSt18_Rb_tree_node_baseRS6_
FN:2061,_ZNSt8_Rb_treeIPKN5boost6system14error_categoryESt4pairIKS4_St10unique_ptrINS1_6detail12std_categoryESt14default_deleteIS9_EEESt10_Select1stISD_ENS8_12cat_ptr_lessESaISD_EE24_M_get_insert_unique_posERS6_
FNDA:0,_ZNSt8_Rb_treeIPKN5boost6system14error_categoryESt4pairIKS4_St10unique_ptrINS1_6detail12std_categoryESt14default_deleteIS9_EEESt10_Select1stISD_ENS8_12cat_ptr_lessESaISD_EE24_M_get_insert_unique_posERS6_
FN:2115,_ZNSt8_Rb_treeIPKN5boost6system14error_categoryESt4pairIKS4_St10unique_ptrINS1_6detail12std_categoryESt14default_deleteIS9_EEESt10_Select1stISD_ENS8_12cat_ptr_lessESaISD_EE16_M_insert_uniqueISD_EES5_ISt17_Rb_tree_iteratorISD_EbEOT_
FNDA:0,_ZNSt8_Rb_treeIPKN5boost6system14error_categoryESt4pairIKS4_St10unique_ptrINS1_6detail12std_categoryESt14default_deleteIS9_EEESt10_Select1stISD_ENS8_12cat_ptr_lessESaISD_EE16_M_insert_uniqueISD_EES5_ISt17_Rb_tree_iteratorISD_EbEOT_
FN:2520,_ZNSt8_Rb_treeIPKN5boost6system14error_categoryESt4pairIKS4_St10unique_ptrINS1_6detail12std_categoryESt14default_deleteIS9_EEESt10_Select1stISD_ENS8_12cat_ptr_lessESaISD_EE4findERS6_
FNDA:0,_ZNSt8_Rb_treeIPKN5boost6system14error_categoryESt4pairIKS4_St10unique_ptrINS1_6detail12std_categoryESt14default_deleteIS9_EEESt10_Select1stISD_ENS8_12cat_ptr_lessESaISD_EE4findERS6_
DA:146,0
DA:150,0
DA:146,0
DA:150,0
DA:173,0
DA:174,0
DA:175,0
DA:176,0
DA:177,0
DA:206,0
DA:208,0
DA:209,0
DA:210,0
DA:211,0
DA:212,0
DA:234,420
DA:235,420
DA:234,0
DA:235,0
DA:238,0
DA:239,0
DA:273,0
DA:274,0
DA:281,0
DA:282,0
DA:300,0
DA:302,0
DA:303,0
DA:315,0
DA:316,0
DA:523,0
DA:524,0
DA:528,0
DA:529,0
DA:547,0
DA:548,0
DA:547,840
DA:548,840
DA:560,0
DA:561,0
DA:564,0
DA:565,0
DA:564,210
DA:565,210
DA:590,0
DA:594,0
DA:595,0
DA:605,0
DA:609,0
DA:611,0
DA:612,0
DA:613,0
DA:618,0
DA:623,0
DA:624,0
DA:626,0
DA:618,210
DA:623,210
DA:624,210
DA:626,210
DA:629,0
DA:631,0
DA:632,0
DA:633,0
DA:629,210
DA:631,210
DA:632,210
DA:633,210
DA:667,0
DA:671,0
DA:672,0
DA:667,0
DA:671,0
DA:672,0
DA:734,0
DA:735,0
DA:734,156
DA:735,156
DA:738,0
DA:739,0
DA:738,156
DA:739,156
DA:749,0
DA:750,0
DA:757,0
DA:775,0
DA:779,0
DA:780,0
DA:779,510
DA:780,510
DA:787,0
DA:788,0
DA:787,732
DA:788,732
DA:795,0
DA:796,0
DA:928,0
DA:928,0
DA:983,0
DA:984,0
DA:983,6
DA:984,6
DA:995,0
DA:996,0
DA:1003,0
DA:1004,0
DA:1771,0
DA:1780,0
DA:1781,0
DA:1782,0
DA:1784,0
DA:1786,0
DA:1787,0
DA:1788,0
DA:1789,0
DA:1883,0
DA:1887,0
DA:1889,0
DA:1890,0
DA:1891,0
DA:1892,0
DA:1894,0
DA:1883,216
DA:1887,426
DA:1889,210
DA:1890,210
DA:1891,210
DA:1892,210
DA:1894,216
DA:1900,0
DA:1904,0
DA:1905,0
DA:1906,0
DA:1908,0
DA:1909,0
DA:2061,0
DA:2065,0
DA:2066,0
DA:2067,0
DA:2068,0
DA:2070,0
DA:2071,0
DA:2072,0
DA:2074,0
DA:2075,0
DA:2077,0
DA:2078,0
DA:2080,0
DA:2082,0
DA:2083,0
DA:2084,0
DA:2115,0
DA:2124,0
DA:2126,0
DA:2128,0
DA:2129,0
DA:2131,0
DA:2134,0
DA:2520,0
DA:2523,0
DA:2524,0
DA:2525,0
DA:2526,0
end_of_record
SF:/usr/include/c++/11/ext/alloc_traits.h
FN:97,_ZN9__gnu_cxx14__alloc_traitsISaIcEcE17_S_select_on_copyERKS1_
FNDA:0,_ZN9__gnu_cxx14__alloc_traitsISaIcEcE17_S_select_on_copyERKS1_
DA:97,0
DA:98,0
end_of_record
